[DEBUG] 2021-09-26 12:42:22.299 [main] IntegratorServiceImpl - Adding Integrator [org.hibernate.cfg.beanvalidation.BeanValidationIntegrator].
[DEBUG] 2021-09-26 12:42:22.303 [main] IntegratorServiceImpl - Adding Integrator [org.hibernate.secure.spi.JaccIntegrator].
[DEBUG] 2021-09-26 12:42:22.305 [main] IntegratorServiceImpl - Adding Integrator [org.hibernate.cache.internal.CollectionCacheInvalidator].
[INFO ] 2021-09-26 12:42:22.343 [main] Version - HHH000412: Hibernate Core {5.4.4.Final}
[DEBUG] 2021-09-26 12:42:22.344 [main] Environment - HHH000206: hibernate.properties not found
[DEBUG] 2021-09-26 12:42:22.458 [main] LocalXmlResourceResolver - Interpreting public/system identifier : [-//Hibernate/Hibernate Configuration DTD//EN] - [http://www.hibernate.org/dtd/hibernate-configuration-3.0.dtd]
[DEBUG] 2021-09-26 12:42:22.459 [main] LocalXmlResourceResolver - Recognized hibernate-configuration identifier; attempting to resolve on classpath under org/hibernate/
[DEBUG] 2021-09-26 12:42:22.463 [main] JaxbCfgProcessor - cfg.xml document did not define namespaces; wrapping in custom event reader to introduce namespace information
[DEBUG] 2021-09-26 12:42:22.609 [main] ServiceBinding - Overriding existing service binding [org.hibernate.secure.spi.JaccService]
[DEBUG] 2021-09-26 12:42:22.621 [main] RegionFactoryInitiator - Cannot default RegionFactory based on registered strategies as `[]` RegionFactory strategies were registered
[DEBUG] 2021-09-26 12:42:22.622 [main] RegionFactoryInitiator - Cache region factory : org.hibernate.cache.internal.NoCachingRegionFactory
[INFO ] 2021-09-26 12:42:22.632 [main] Version - HCANN000001: Hibernate Commons Annotations {5.1.0.Final}
[DEBUG] 2021-09-26 12:42:22.653 [main] BasicTypeRegistry - Adding type registration boolean -> org.hibernate.type.BooleanType@2715644a
[DEBUG] 2021-09-26 12:42:22.653 [main] BasicTypeRegistry - Adding type registration boolean -> org.hibernate.type.BooleanType@2715644a
[DEBUG] 2021-09-26 12:42:22.653 [main] BasicTypeRegistry - Adding type registration java.lang.Boolean -> org.hibernate.type.BooleanType@2715644a
[DEBUG] 2021-09-26 12:42:22.654 [main] BasicTypeRegistry - Adding type registration numeric_boolean -> org.hibernate.type.NumericBooleanType@6edcd0d8
[DEBUG] 2021-09-26 12:42:22.654 [main] BasicTypeRegistry - Adding type registration true_false -> org.hibernate.type.TrueFalseType@35835fa
[DEBUG] 2021-09-26 12:42:22.654 [main] BasicTypeRegistry - Adding type registration yes_no -> org.hibernate.type.YesNoType@6892cc6f
[DEBUG] 2021-09-26 12:42:22.655 [main] BasicTypeRegistry - Adding type registration byte -> org.hibernate.type.ByteType@60d1b21f
[DEBUG] 2021-09-26 12:42:22.655 [main] BasicTypeRegistry - Adding type registration byte -> org.hibernate.type.ByteType@60d1b21f
[DEBUG] 2021-09-26 12:42:22.655 [main] BasicTypeRegistry - Adding type registration java.lang.Byte -> org.hibernate.type.ByteType@60d1b21f
[DEBUG] 2021-09-26 12:42:22.656 [main] BasicTypeRegistry - Adding type registration character -> org.hibernate.type.CharacterType@53e3a87a
[DEBUG] 2021-09-26 12:42:22.656 [main] BasicTypeRegistry - Adding type registration char -> org.hibernate.type.CharacterType@53e3a87a
[DEBUG] 2021-09-26 12:42:22.656 [main] BasicTypeRegistry - Adding type registration java.lang.Character -> org.hibernate.type.CharacterType@53e3a87a
[DEBUG] 2021-09-26 12:42:22.657 [main] BasicTypeRegistry - Adding type registration short -> org.hibernate.type.ShortType@35ff8fc9
[DEBUG] 2021-09-26 12:42:22.657 [main] BasicTypeRegistry - Adding type registration short -> org.hibernate.type.ShortType@35ff8fc9
[DEBUG] 2021-09-26 12:42:22.657 [main] BasicTypeRegistry - Adding type registration java.lang.Short -> org.hibernate.type.ShortType@35ff8fc9
[DEBUG] 2021-09-26 12:42:22.657 [main] BasicTypeRegistry - Adding type registration integer -> org.hibernate.type.IntegerType@3db64bd4
[DEBUG] 2021-09-26 12:42:22.658 [main] BasicTypeRegistry - Adding type registration int -> org.hibernate.type.IntegerType@3db64bd4
[DEBUG] 2021-09-26 12:42:22.658 [main] BasicTypeRegistry - Adding type registration java.lang.Integer -> org.hibernate.type.IntegerType@3db64bd4
[DEBUG] 2021-09-26 12:42:22.658 [main] BasicTypeRegistry - Adding type registration long -> org.hibernate.type.LongType@32b9bd12
[DEBUG] 2021-09-26 12:42:22.658 [main] BasicTypeRegistry - Adding type registration long -> org.hibernate.type.LongType@32b9bd12
[DEBUG] 2021-09-26 12:42:22.658 [main] BasicTypeRegistry - Adding type registration java.lang.Long -> org.hibernate.type.LongType@32b9bd12
[DEBUG] 2021-09-26 12:42:22.659 [main] BasicTypeRegistry - Adding type registration float -> org.hibernate.type.FloatType@205b132e
[DEBUG] 2021-09-26 12:42:22.659 [main] BasicTypeRegistry - Adding type registration float -> org.hibernate.type.FloatType@205b132e
[DEBUG] 2021-09-26 12:42:22.659 [main] BasicTypeRegistry - Adding type registration java.lang.Float -> org.hibernate.type.FloatType@205b132e
[DEBUG] 2021-09-26 12:42:22.659 [main] BasicTypeRegistry - Adding type registration double -> org.hibernate.type.DoubleType@3104f7bd
[DEBUG] 2021-09-26 12:42:22.660 [main] BasicTypeRegistry - Adding type registration double -> org.hibernate.type.DoubleType@3104f7bd
[DEBUG] 2021-09-26 12:42:22.660 [main] BasicTypeRegistry - Adding type registration java.lang.Double -> org.hibernate.type.DoubleType@3104f7bd
[DEBUG] 2021-09-26 12:42:22.660 [main] BasicTypeRegistry - Adding type registration big_decimal -> org.hibernate.type.BigDecimalType@6d171ce0
[DEBUG] 2021-09-26 12:42:22.660 [main] BasicTypeRegistry - Adding type registration java.math.BigDecimal -> org.hibernate.type.BigDecimalType@6d171ce0
[DEBUG] 2021-09-26 12:42:22.661 [main] BasicTypeRegistry - Adding type registration big_integer -> org.hibernate.type.BigIntegerType@57b75756
[DEBUG] 2021-09-26 12:42:22.661 [main] BasicTypeRegistry - Adding type registration java.math.BigInteger -> org.hibernate.type.BigIntegerType@57b75756
[DEBUG] 2021-09-26 12:42:22.661 [main] BasicTypeRegistry - Adding type registration string -> org.hibernate.type.StringType@17271176
[DEBUG] 2021-09-26 12:42:22.661 [main] BasicTypeRegistry - Adding type registration java.lang.String -> org.hibernate.type.StringType@17271176
[DEBUG] 2021-09-26 12:42:22.662 [main] BasicTypeRegistry - Adding type registration nstring -> org.hibernate.type.StringNVarcharType@1f52eb6f
[DEBUG] 2021-09-26 12:42:22.662 [main] BasicTypeRegistry - Adding type registration ncharacter -> org.hibernate.type.CharacterNCharType@6fc3e1a4
[DEBUG] 2021-09-26 12:42:22.662 [main] BasicTypeRegistry - Adding type registration url -> org.hibernate.type.UrlType@1e6dad8
[DEBUG] 2021-09-26 12:42:22.662 [main] BasicTypeRegistry - Adding type registration java.net.URL -> org.hibernate.type.UrlType@1e6dad8
[DEBUG] 2021-09-26 12:42:22.663 [main] BasicTypeRegistry - Adding type registration Duration -> org.hibernate.type.DurationType@1be59f28
[DEBUG] 2021-09-26 12:42:22.663 [main] BasicTypeRegistry - Adding type registration java.time.Duration -> org.hibernate.type.DurationType@1be59f28
[DEBUG] 2021-09-26 12:42:22.669 [main] BasicTypeRegistry - Adding type registration Instant -> org.hibernate.type.InstantType@108bdbd8
[DEBUG] 2021-09-26 12:42:22.669 [main] BasicTypeRegistry - Adding type registration java.time.Instant -> org.hibernate.type.InstantType@108bdbd8
[DEBUG] 2021-09-26 12:42:22.670 [main] BasicTypeRegistry - Adding type registration LocalDateTime -> org.hibernate.type.LocalDateTimeType@15dd5ac2
[DEBUG] 2021-09-26 12:42:22.670 [main] BasicTypeRegistry - Adding type registration java.time.LocalDateTime -> org.hibernate.type.LocalDateTimeType@15dd5ac2
[DEBUG] 2021-09-26 12:42:22.671 [main] BasicTypeRegistry - Adding type registration LocalDate -> org.hibernate.type.LocalDateType@58a4a74d
[DEBUG] 2021-09-26 12:42:22.671 [main] BasicTypeRegistry - Adding type registration java.time.LocalDate -> org.hibernate.type.LocalDateType@58a4a74d
[DEBUG] 2021-09-26 12:42:22.672 [main] BasicTypeRegistry - Adding type registration LocalTime -> org.hibernate.type.LocalTimeType@4f63e3c7
[DEBUG] 2021-09-26 12:42:22.672 [main] BasicTypeRegistry - Adding type registration java.time.LocalTime -> org.hibernate.type.LocalTimeType@4f63e3c7
[DEBUG] 2021-09-26 12:42:22.673 [main] BasicTypeRegistry - Adding type registration OffsetDateTime -> org.hibernate.type.OffsetDateTimeType@1e54cb33
[DEBUG] 2021-09-26 12:42:22.673 [main] BasicTypeRegistry - Adding type registration java.time.OffsetDateTime -> org.hibernate.type.OffsetDateTimeType@1e54cb33
[DEBUG] 2021-09-26 12:42:22.674 [main] BasicTypeRegistry - Adding type registration OffsetTime -> org.hibernate.type.OffsetTimeType@5b4d25e7
[DEBUG] 2021-09-26 12:42:22.674 [main] BasicTypeRegistry - Adding type registration java.time.OffsetTime -> org.hibernate.type.OffsetTimeType@5b4d25e7
[DEBUG] 2021-09-26 12:42:22.675 [main] BasicTypeRegistry - Adding type registration ZonedDateTime -> org.hibernate.type.ZonedDateTimeType@25b5c5e3
[DEBUG] 2021-09-26 12:42:22.675 [main] BasicTypeRegistry - Adding type registration java.time.ZonedDateTime -> org.hibernate.type.ZonedDateTimeType@25b5c5e3
[DEBUG] 2021-09-26 12:42:22.676 [main] BasicTypeRegistry - Adding type registration date -> org.hibernate.type.DateType@66e8997c
[DEBUG] 2021-09-26 12:42:22.676 [main] BasicTypeRegistry - Adding type registration java.sql.Date -> org.hibernate.type.DateType@66e8997c
[DEBUG] 2021-09-26 12:42:22.677 [main] BasicTypeRegistry - Adding type registration time -> org.hibernate.type.TimeType@12958360
[DEBUG] 2021-09-26 12:42:22.677 [main] BasicTypeRegistry - Adding type registration java.sql.Time -> org.hibernate.type.TimeType@12958360
[DEBUG] 2021-09-26 12:42:22.678 [main] BasicTypeRegistry - Adding type registration timestamp -> org.hibernate.type.TimestampType@4a68135e
[DEBUG] 2021-09-26 12:42:22.678 [main] BasicTypeRegistry - Adding type registration java.sql.Timestamp -> org.hibernate.type.TimestampType@4a68135e
[DEBUG] 2021-09-26 12:42:22.678 [main] BasicTypeRegistry - Adding type registration java.util.Date -> org.hibernate.type.TimestampType@4a68135e
[DEBUG] 2021-09-26 12:42:22.679 [main] BasicTypeRegistry - Adding type registration dbtimestamp -> org.hibernate.type.DbTimestampType@2a9bc08f
[DEBUG] 2021-09-26 12:42:22.679 [main] BasicTypeRegistry - Adding type registration calendar -> org.hibernate.type.CalendarType@971e903
[DEBUG] 2021-09-26 12:42:22.679 [main] BasicTypeRegistry - Adding type registration java.util.Calendar -> org.hibernate.type.CalendarType@971e903
[DEBUG] 2021-09-26 12:42:22.680 [main] BasicTypeRegistry - Adding type registration java.util.GregorianCalendar -> org.hibernate.type.CalendarType@971e903
[DEBUG] 2021-09-26 12:42:22.680 [main] BasicTypeRegistry - Adding type registration calendar_date -> org.hibernate.type.CalendarDateType@16ade133
[DEBUG] 2021-09-26 12:42:22.680 [main] BasicTypeRegistry - Adding type registration locale -> org.hibernate.type.LocaleType@1a28aef1
[DEBUG] 2021-09-26 12:42:22.680 [main] BasicTypeRegistry - Adding type registration java.util.Locale -> org.hibernate.type.LocaleType@1a28aef1
[DEBUG] 2021-09-26 12:42:22.681 [main] BasicTypeRegistry - Adding type registration currency -> org.hibernate.type.CurrencyType@77c7ed8e
[DEBUG] 2021-09-26 12:42:22.681 [main] BasicTypeRegistry - Adding type registration java.util.Currency -> org.hibernate.type.CurrencyType@77c7ed8e
[DEBUG] 2021-09-26 12:42:22.682 [main] BasicTypeRegistry - Adding type registration timezone -> org.hibernate.type.TimeZoneType@203c20cf
[DEBUG] 2021-09-26 12:42:22.682 [main] BasicTypeRegistry - Adding type registration java.util.TimeZone -> org.hibernate.type.TimeZoneType@203c20cf
[DEBUG] 2021-09-26 12:42:22.683 [main] BasicTypeRegistry - Adding type registration class -> org.hibernate.type.ClassType@616b241a
[DEBUG] 2021-09-26 12:42:22.683 [main] BasicTypeRegistry - Adding type registration java.lang.Class -> org.hibernate.type.ClassType@616b241a
[DEBUG] 2021-09-26 12:42:22.684 [main] BasicTypeRegistry - Adding type registration uuid-binary -> org.hibernate.type.UUIDBinaryType@dcc6211
[DEBUG] 2021-09-26 12:42:22.684 [main] BasicTypeRegistry - Adding type registration java.util.UUID -> org.hibernate.type.UUIDBinaryType@dcc6211
[DEBUG] 2021-09-26 12:42:22.684 [main] BasicTypeRegistry - Adding type registration uuid-char -> org.hibernate.type.UUIDCharType@f3fcd59
[DEBUG] 2021-09-26 12:42:22.685 [main] BasicTypeRegistry - Adding type registration binary -> org.hibernate.type.BinaryType@a20b94b
[DEBUG] 2021-09-26 12:42:22.685 [main] BasicTypeRegistry - Adding type registration byte[] -> org.hibernate.type.BinaryType@a20b94b
[DEBUG] 2021-09-26 12:42:22.685 [main] BasicTypeRegistry - Adding type registration [B -> org.hibernate.type.BinaryType@a20b94b
[DEBUG] 2021-09-26 12:42:22.685 [main] BasicTypeRegistry - Adding type registration wrapper-binary -> org.hibernate.type.WrapperBinaryType@cfbc8e8
[DEBUG] 2021-09-26 12:42:22.685 [main] BasicTypeRegistry - Adding type registration Byte[] -> org.hibernate.type.WrapperBinaryType@cfbc8e8
[DEBUG] 2021-09-26 12:42:22.686 [main] BasicTypeRegistry - Adding type registration [Ljava.lang.Byte; -> org.hibernate.type.WrapperBinaryType@cfbc8e8
[DEBUG] 2021-09-26 12:42:22.686 [main] BasicTypeRegistry - Adding type registration row_version -> org.hibernate.type.RowVersionType@1c504e66
[DEBUG] 2021-09-26 12:42:22.686 [main] BasicTypeRegistry - Adding type registration image -> org.hibernate.type.ImageType@2257fadf
[DEBUG] 2021-09-26 12:42:22.687 [main] BasicTypeRegistry - Adding type registration characters -> org.hibernate.type.CharArrayType@1fde4f40
[DEBUG] 2021-09-26 12:42:22.687 [main] BasicTypeRegistry - Adding type registration char[] -> org.hibernate.type.CharArrayType@1fde4f40
[DEBUG] 2021-09-26 12:42:22.687 [main] BasicTypeRegistry - Adding type registration [C -> org.hibernate.type.CharArrayType@1fde4f40
[DEBUG] 2021-09-26 12:42:22.688 [main] BasicTypeRegistry - Adding type registration wrapper-characters -> org.hibernate.type.CharacterArrayType@7e2f86e6
[DEBUG] 2021-09-26 12:42:22.688 [main] BasicTypeRegistry - Adding type registration [Ljava.lang.Character; -> org.hibernate.type.CharacterArrayType@7e2f86e6
[DEBUG] 2021-09-26 12:42:22.688 [main] BasicTypeRegistry - Adding type registration Character[] -> org.hibernate.type.CharacterArrayType@7e2f86e6
[DEBUG] 2021-09-26 12:42:22.688 [main] BasicTypeRegistry - Adding type registration text -> org.hibernate.type.TextType@5136207f
[DEBUG] 2021-09-26 12:42:22.688 [main] BasicTypeRegistry - Adding type registration ntext -> org.hibernate.type.NTextType@5411dd90
[DEBUG] 2021-09-26 12:42:22.689 [main] BasicTypeRegistry - Adding type registration blob -> org.hibernate.type.BlobType@787f32b7
[DEBUG] 2021-09-26 12:42:22.689 [main] BasicTypeRegistry - Adding type registration java.sql.Blob -> org.hibernate.type.BlobType@787f32b7
[DEBUG] 2021-09-26 12:42:22.690 [main] BasicTypeRegistry - Adding type registration materialized_blob -> org.hibernate.type.MaterializedBlobType@a52ca2e
[DEBUG] 2021-09-26 12:42:22.690 [main] BasicTypeRegistry - Adding type registration clob -> org.hibernate.type.ClobType@5cbd159f
[DEBUG] 2021-09-26 12:42:22.691 [main] BasicTypeRegistry - Adding type registration java.sql.Clob -> org.hibernate.type.ClobType@5cbd159f
[DEBUG] 2021-09-26 12:42:22.692 [main] BasicTypeRegistry - Adding type registration nclob -> org.hibernate.type.NClobType@5246a3b3
[DEBUG] 2021-09-26 12:42:22.692 [main] BasicTypeRegistry - Adding type registration java.sql.NClob -> org.hibernate.type.NClobType@5246a3b3
[DEBUG] 2021-09-26 12:42:22.692 [main] BasicTypeRegistry - Adding type registration materialized_clob -> org.hibernate.type.MaterializedClobType@6df3e44c
[DEBUG] 2021-09-26 12:42:22.693 [main] BasicTypeRegistry - Adding type registration materialized_nclob -> org.hibernate.type.MaterializedNClobType@4eb30d44
[DEBUG] 2021-09-26 12:42:22.693 [main] BasicTypeRegistry - Adding type registration serializable -> org.hibernate.type.SerializableType@3f672204
[DEBUG] 2021-09-26 12:42:22.695 [main] BasicTypeRegistry - Adding type registration object -> org.hibernate.type.ObjectType@7f8633ae
[DEBUG] 2021-09-26 12:42:22.695 [main] BasicTypeRegistry - Adding type registration java.lang.Object -> org.hibernate.type.ObjectType@7f8633ae
[DEBUG] 2021-09-26 12:42:22.695 [main] BasicTypeRegistry - Adding type registration imm_date -> org.hibernate.type.AdaptedImmutableType@4682eba5
[DEBUG] 2021-09-26 12:42:22.696 [main] BasicTypeRegistry - Adding type registration imm_time -> org.hibernate.type.AdaptedImmutableType@6d9fb2d1
[DEBUG] 2021-09-26 12:42:22.696 [main] BasicTypeRegistry - Adding type registration imm_timestamp -> org.hibernate.type.AdaptedImmutableType@61fafb74
[DEBUG] 2021-09-26 12:42:22.696 [main] BasicTypeRegistry - Adding type registration imm_dbtimestamp -> org.hibernate.type.AdaptedImmutableType@540a903b
[DEBUG] 2021-09-26 12:42:22.696 [main] BasicTypeRegistry - Adding type registration imm_calendar -> org.hibernate.type.AdaptedImmutableType@58496dc
[DEBUG] 2021-09-26 12:42:22.696 [main] BasicTypeRegistry - Adding type registration imm_calendar_date -> org.hibernate.type.AdaptedImmutableType@151db587
[DEBUG] 2021-09-26 12:42:22.696 [main] BasicTypeRegistry - Adding type registration imm_binary -> org.hibernate.type.AdaptedImmutableType@238acd0b
[DEBUG] 2021-09-26 12:42:22.696 [main] BasicTypeRegistry - Adding type registration imm_serializable -> org.hibernate.type.AdaptedImmutableType@23811a09
[DEBUG] 2021-09-26 12:42:22.712 [main] DefaultIdentifierGeneratorFactory - Registering IdentifierGenerator strategy [uuid2] -> [org.hibernate.id.UUIDGenerator]
[DEBUG] 2021-09-26 12:42:22.712 [main] DefaultIdentifierGeneratorFactory - Registering IdentifierGenerator strategy [guid] -> [org.hibernate.id.GUIDGenerator]
[DEBUG] 2021-09-26 12:42:22.712 [main] DefaultIdentifierGeneratorFactory - Registering IdentifierGenerator strategy [uuid] -> [org.hibernate.id.UUIDHexGenerator]
[DEBUG] 2021-09-26 12:42:22.713 [main] DefaultIdentifierGeneratorFactory - Registering IdentifierGenerator strategy [uuid.hex] -> [org.hibernate.id.UUIDHexGenerator]
[DEBUG] 2021-09-26 12:42:22.713 [main] DefaultIdentifierGeneratorFactory - Registering IdentifierGenerator strategy [assigned] -> [org.hibernate.id.Assigned]
[DEBUG] 2021-09-26 12:42:22.713 [main] DefaultIdentifierGeneratorFactory - Registering IdentifierGenerator strategy [identity] -> [org.hibernate.id.IdentityGenerator]
[DEBUG] 2021-09-26 12:42:22.713 [main] DefaultIdentifierGeneratorFactory - Registering IdentifierGenerator strategy [select] -> [org.hibernate.id.SelectGenerator]
[DEBUG] 2021-09-26 12:42:22.714 [main] DefaultIdentifierGeneratorFactory - Registering IdentifierGenerator strategy [sequence] -> [org.hibernate.id.enhanced.SequenceStyleGenerator]
[DEBUG] 2021-09-26 12:42:22.714 [main] DefaultIdentifierGeneratorFactory - Registering IdentifierGenerator strategy [seqhilo] -> [org.hibernate.id.SequenceHiLoGenerator]
[DEBUG] 2021-09-26 12:42:22.715 [main] DefaultIdentifierGeneratorFactory - Registering IdentifierGenerator strategy [increment] -> [org.hibernate.id.IncrementGenerator]
[DEBUG] 2021-09-26 12:42:22.715 [main] DefaultIdentifierGeneratorFactory - Registering IdentifierGenerator strategy [foreign] -> [org.hibernate.id.ForeignGenerator]
[DEBUG] 2021-09-26 12:42:22.715 [main] DefaultIdentifierGeneratorFactory - Registering IdentifierGenerator strategy [sequence-identity] -> [org.hibernate.id.SequenceIdentityGenerator]
[DEBUG] 2021-09-26 12:42:22.715 [main] DefaultIdentifierGeneratorFactory - Registering IdentifierGenerator strategy [enhanced-sequence] -> [org.hibernate.id.enhanced.SequenceStyleGenerator]
[DEBUG] 2021-09-26 12:42:22.716 [main] DefaultIdentifierGeneratorFactory - Registering IdentifierGenerator strategy [enhanced-table] -> [org.hibernate.id.enhanced.TableGenerator]
[INFO ] 2021-09-26 12:42:22.719 [main] C3P0ConnectionProvider - HHH010002: C3P0 using driver: com.mysql.cj.jdbc.Driver at URL: jdbc:mysql://localhost:3306/test_my_places_tracker
[INFO ] 2021-09-26 12:42:22.719 [main] C3P0ConnectionProvider - HHH10001001: Connection properties: {password=****, user=root}
[INFO ] 2021-09-26 12:42:22.719 [main] C3P0ConnectionProvider - HHH10001003: Autocommit mode: false
[INFO ] 2021-09-26 12:42:22.789 [main] C3P0ConnectionProvider - HHH10001007: JDBC isolation level: <unknown>
[DEBUG] 2021-09-26 12:42:23.211 [main] JdbcEnvironmentInitiator - Database ->
       name : MySQL
    version : 8.0.26
      major : 8
      minor : 0
[DEBUG] 2021-09-26 12:42:23.211 [main] JdbcEnvironmentInitiator - Driver ->
       name : MySQL Connector/J
    version : mysql-connector-java-8.0.16 (Revision: 34cbc6bc61f72836e26327537a432d6db7c77de6)
      major : 8
      minor : 0
[DEBUG] 2021-09-26 12:42:23.211 [main] JdbcEnvironmentInitiator - JDBC version : 4.2
[INFO ] 2021-09-26 12:42:23.227 [main] Dialect - HHH000400: Using dialect: org.hibernate.dialect.MySQL8Dialect
[DEBUG] 2021-09-26 12:42:23.242 [main] IdentifierHelperBuilder - JDBC driver metadata reported database stores quoted identifiers in more than one case
[DEBUG] 2021-09-26 12:42:23.264 [main] IdentifierHelperBuilder - IdentifierCaseStrategy for both quoted and unquoted identifiers was set to the same strategy [MIXED]; that will likely lead to problems in schema update and validation if using quoted identifiers
[DEBUG] 2021-09-26 12:42:23.291 [main] Namespace - Created database namespace [logicalName=Name{catalog=null, schema=null}, physicalName=Name{catalog=null, schema=null}]
[DEBUG] 2021-09-26 12:42:23.294 [main] TypeConfiguration$Scope - Scoping TypeConfiguration [org.hibernate.type.spi.TypeConfiguration@e5cbff2] to MetadataBuildingContext [org.hibernate.boot.internal.MetadataBuildingContextRootImpl@51c959a4]
[DEBUG] 2021-09-26 12:42:23.328 [main] AnnotationBinder - Binding entity from annotated class: com.jilleliceiri.mptr.entity.Trip
[DEBUG] 2021-09-26 12:42:23.344 [main] Ejb3Column - Binding column: Ejb3DiscriminatorColumn{logicalColumnName'DTYPE', discriminatorTypeName='string'}
[DEBUG] 2021-09-26 12:42:23.347 [main] EntityBinder - Import with entity name Trip
[DEBUG] 2021-09-26 12:42:23.349 [main] EntityBinder - Bind entity com.jilleliceiri.mptr.entity.Trip on table trips
[DEBUG] 2021-09-26 12:42:23.365 [main] Ejb3Column - Binding column: Ejb3Column{table=org.hibernate.mapping.Table(trips), mappingColumn=id, insertable=true, updatable=true, unique=false}
[DEBUG] 2021-09-26 12:42:23.367 [main] PropertyBinder - MetadataSourceProcessor property id with lazy=false
[DEBUG] 2021-09-26 12:42:23.368 [main] AbstractPropertyHolder - Attempting to locate auto-apply AttributeConverter for property [com.jilleliceiri.mptr.entity.Trip:id]
[DEBUG] 2021-09-26 12:42:23.370 [main] SimpleValueBinder - building SimpleValue for id
[DEBUG] 2021-09-26 12:42:23.371 [main] PropertyBinder - Building property id
[DEBUG] 2021-09-26 12:42:23.373 [main] BinderHelper - #makeIdGenerator(org.hibernate.mapping.SimpleValue([org.hibernate.mapping.Column(id)]), id, org.hibernate.id.enhanced.SequenceStyleGenerator, native, ...)
[DEBUG] 2021-09-26 12:42:23.374 [main] Ejb3Column - Binding column: Ejb3Column{table=org.hibernate.mapping.Table(trips), mappingColumn=trip_name, insertable=true, updatable=true, unique=false}
[DEBUG] 2021-09-26 12:42:23.375 [main] PropertyBinder - MetadataSourceProcessor property name with lazy=false
[DEBUG] 2021-09-26 12:42:23.375 [main] AbstractPropertyHolder - Attempting to locate auto-apply AttributeConverter for property [com.jilleliceiri.mptr.entity.Trip:name]
[DEBUG] 2021-09-26 12:42:23.375 [main] SimpleValueBinder - building SimpleValue for name
[DEBUG] 2021-09-26 12:42:23.375 [main] PropertyBinder - Building property name
[DEBUG] 2021-09-26 12:42:23.376 [main] SimpleValueBinder - Starting fillSimpleValue for id
[DEBUG] 2021-09-26 12:42:23.376 [main] SimpleValueBinder - Starting fillSimpleValue for name
[DEBUG] 2021-09-26 12:42:23.377 [main] PrimaryKey - Forcing column [id] to be non-null as it is part of the primary key for table [trips]
[DEBUG] 2021-09-26 12:42:23.402 [main] SessionFactoryImpl - Building session factory
[DEBUG] 2021-09-26 12:42:23.403 [main] Settings - SessionFactory name : null
[DEBUG] 2021-09-26 12:42:23.403 [main] Settings - Automatic flush during beforeCompletion(): enabled
[DEBUG] 2021-09-26 12:42:23.403 [main] Settings - Automatic session close at end of transaction: disabled
[DEBUG] 2021-09-26 12:42:23.403 [main] Settings - Statistics: disabled
[DEBUG] 2021-09-26 12:42:23.403 [main] Settings - Deleted entity synthetic identifier rollback: disabled
[DEBUG] 2021-09-26 12:42:23.403 [main] Settings - Default entity-mode: pojo
[DEBUG] 2021-09-26 12:42:23.403 [main] Settings - Check Nullability in Core (should be disabled when Bean Validation is on): enabled
[DEBUG] 2021-09-26 12:42:23.403 [main] Settings - Allow initialization of lazy state outside session : disabled
[DEBUG] 2021-09-26 12:42:23.403 [main] Settings - Using BatchFetchStyle : LEGACY
[DEBUG] 2021-09-26 12:42:23.403 [main] Settings - Default batch fetch size: -1
[DEBUG] 2021-09-26 12:42:23.403 [main] Settings - Maximum outer join fetch depth: 2
[DEBUG] 2021-09-26 12:42:23.403 [main] Settings - Default null ordering: NONE
[DEBUG] 2021-09-26 12:42:23.404 [main] Settings - Order SQL updates by primary key: disabled
[DEBUG] 2021-09-26 12:42:23.404 [main] Settings - Order SQL inserts for batching: disabled
[DEBUG] 2021-09-26 12:42:23.404 [main] Settings - multi-tenancy strategy : NONE
[DEBUG] 2021-09-26 12:42:23.404 [main] Settings - JTA Track by Thread: enabled
[DEBUG] 2021-09-26 12:42:23.404 [main] Settings - Query language substitutions: {}
[DEBUG] 2021-09-26 12:42:23.404 [main] Settings - Named query checking : enabled
[DEBUG] 2021-09-26 12:42:23.404 [main] Settings - Second-level cache: disabled
[DEBUG] 2021-09-26 12:42:23.404 [main] Settings - Second-level query cache: disabled
[DEBUG] 2021-09-26 12:42:23.404 [main] Settings - Second-level query cache factory: null
[DEBUG] 2021-09-26 12:42:23.404 [main] Settings - Second-level cache region prefix: null
[DEBUG] 2021-09-26 12:42:23.404 [main] Settings - Optimize second-level cache for minimal puts: disabled
[DEBUG] 2021-09-26 12:42:23.404 [main] Settings - Structured second-level cache entries: disabled
[DEBUG] 2021-09-26 12:42:23.404 [main] Settings - Second-level cache direct-reference entries: disabled
[DEBUG] 2021-09-26 12:42:23.404 [main] Settings - Automatic eviction of collection cache: disabled
[DEBUG] 2021-09-26 12:42:23.404 [main] Settings - JDBC batch size: 15
[DEBUG] 2021-09-26 12:42:23.404 [main] Settings - JDBC batch updates for versioned data: enabled
[DEBUG] 2021-09-26 12:42:23.404 [main] Settings - Scrollable result sets: enabled
[DEBUG] 2021-09-26 12:42:23.404 [main] Settings - Wrap result sets: disabled
[DEBUG] 2021-09-26 12:42:23.405 [main] Settings - JDBC3 getGeneratedKeys(): enabled
[DEBUG] 2021-09-26 12:42:23.405 [main] Settings - JDBC result set fetch size: null
[DEBUG] 2021-09-26 12:42:23.405 [main] Settings - Connection release mode: AFTER_TRANSACTION
[DEBUG] 2021-09-26 12:42:23.405 [main] Settings - Generate SQL with comments: disabled
[DEBUG] 2021-09-26 12:42:23.405 [main] Settings - JPA compliance - query : 
[DEBUG] 2021-09-26 12:42:23.405 [main] Settings - JPA compliance - closed-handling : 
[DEBUG] 2021-09-26 12:42:23.405 [main] Settings - JPA compliance - lists : 
[DEBUG] 2021-09-26 12:42:23.405 [main] Settings - JPA compliance - transactions : 
[INFO ] 2021-09-26 12:42:23.441 [main] beans - HHH10005002: No explicit CDI BeanManager reference was passed to Hibernate, but CDI is available on the Hibernate ClassLoader.
[DEBUG] 2021-09-26 12:42:23.455 [main] SessionFactoryImpl - Session factory constructed with filter configurations : {}
[DEBUG] 2021-09-26 12:42:23.455 [main] SessionFactoryImpl - Instantiating session factory with properties: {gopherProxySet=false, awt.toolkit=sun.lwawt.macosx.LWCToolkit, java.specification.version=11, sun.cpu.isalist=, hibernate.c3p0.idle_test_period=3000, sun.jnu.encoding=UTF-8, hibernate.c3p0.min_size=5, java.class.path=/Applications/IntelliJ IDEA.app/Contents/lib/idea_rt.jar:/Applications/IntelliJ IDEA.app/Contents/plugins/junit/lib/junit5-rt.jar:/Applications/IntelliJ IDEA.app/Contents/plugins/junit/lib/junit-rt.jar:/Users/jk/IdeaProjects/MyPlacesTracker/target/test-classes:/Users/jk/IdeaProjects/MyPlacesTracker/target/classes:/Users/jk/.m2/repository/org/hibernate/hibernate-core/5.4.4.Final/hibernate-core-5.4.4.Final.jar:/Users/jk/.m2/repository/org/jboss/logging/jboss-logging/3.3.2.Final/jboss-logging-3.3.2.Final.jar:/Users/jk/.m2/repository/javax/persistence/javax.persistence-api/2.2/javax.persistence-api-2.2.jar:/Users/jk/.m2/repository/org/javassist/javassist/3.24.0-GA/javassist-3.24.0-GA.jar:/Users/jk/.m2/repository/net/bytebuddy/byte-buddy/1.9.11/byte-buddy-1.9.11.jar:/Users/jk/.m2/repository/antlr/antlr/2.7.7/antlr-2.7.7.jar:/Users/jk/.m2/repository/org/jboss/spec/javax/transaction/jboss-transaction-api_1.2_spec/1.1.1.Final/jboss-transaction-api_1.2_spec-1.1.1.Final.jar:/Users/jk/.m2/repository/org/jboss/jandex/2.0.5.Final/jandex-2.0.5.Final.jar:/Users/jk/.m2/repository/com/fasterxml/classmate/1.3.4/classmate-1.3.4.jar:/Users/jk/.m2/repository/javax/activation/javax.activation-api/1.2.0/javax.activation-api-1.2.0.jar:/Users/jk/.m2/repository/org/dom4j/dom4j/2.1.1/dom4j-2.1.1.jar:/Users/jk/.m2/repository/org/hibernate/common/hibernate-commons-annotations/5.1.0.Final/hibernate-commons-annotations-5.1.0.Final.jar:/Users/jk/.m2/repository/javax/xml/bind/jaxb-api/2.3.1/jaxb-api-2.3.1.jar:/Users/jk/.m2/repository/org/glassfish/jaxb/jaxb-runtime/2.3.1/jaxb-runtime-2.3.1.jar:/Users/jk/.m2/repository/org/glassfish/jaxb/txw2/2.3.1/txw2-2.3.1.jar:/Users/jk/.m2/repository/com/sun/istack/istack-commons-runtime/3.0.7/istack-commons-runtime-3.0.7.jar:/Users/jk/.m2/repository/org/jvnet/staxex/stax-ex/1.8/stax-ex-1.8.jar:/Users/jk/.m2/repository/com/sun/xml/fastinfoset/FastInfoset/1.2.15/FastInfoset-1.2.15.jar:/Users/jk/.m2/repository/org/hibernate/hibernate-c3p0/5.4.4.Final/hibernate-c3p0-5.4.4.Final.jar:/Users/jk/.m2/repository/com/mchange/c3p0/0.9.5.3/c3p0-0.9.5.3.jar:/Users/jk/.m2/repository/com/mchange/mchange-commons-java/0.2.15/mchange-commons-java-0.2.15.jar:/Users/jk/.m2/repository/org/junit/platform/junit-platform-runner/1.0.0/junit-platform-runner-1.0.0.jar:/Users/jk/.m2/repository/org/apiguardian/apiguardian-api/1.0.0/apiguardian-api-1.0.0.jar:/Users/jk/.m2/repository/org/junit/platform/junit-platform-launcher/1.0.0/junit-platform-launcher-1.0.0.jar:/Users/jk/.m2/repository/org/junit/platform/junit-platform-suite-api/1.0.0/junit-platform-suite-api-1.0.0.jar:/Users/jk/.m2/repository/org/junit/platform/junit-platform-commons/1.0.0/junit-platform-commons-1.0.0.jar:/Users/jk/.m2/repository/org/junit/vintage/junit-vintage-engine/4.12.0/junit-vintage-engine-4.12.0.jar:/Users/jk/.m2/repository/org/junit/platform/junit-platform-engine/1.0.0/junit-platform-engine-1.0.0.jar:/Users/jk/.m2/repository/org/opentest4j/opentest4j/1.0.0/opentest4j-1.0.0.jar:/Users/jk/.m2/repository/org/junit/jupiter/junit-jupiter-engine/5.0.0/junit-jupiter-engine-5.0.0.jar:/Users/jk/.m2/repository/org/junit/jupiter/junit-jupiter-api/5.0.0/junit-jupiter-api-5.0.0.jar:/Users/jk/.m2/repository/junit/junit/4.12/junit-4.12.jar:/Users/jk/.m2/repository/org/hamcrest/hamcrest-core/1.3/hamcrest-core-1.3.jar:/Users/jk/.m2/repository/javax/javaee-web-api/7.0/javaee-web-api-7.0.jar:/Users/jk/.m2/repository/mysql/mysql-connector-java/8.0.16/mysql-connector-java-8.0.16.jar:/Users/jk/.m2/repository/com/google/protobuf/protobuf-java/3.6.1/protobuf-java-3.6.1.jar:/Users/jk/.m2/repository/jstl/jstl/1.2/jstl-1.2.jar:/Users/jk/.m2/repository/org/apache/logging/log4j/log4j-api/2.10.0/log4j-api-2.10.0.jar:/Users/jk/.m2/repository/org/apache/logging/log4j/log4j-core/2.10.0/log4j-core-2.10.0.jar:/Users/jk/.m2/repository/org/jsoup/jsoup/1.13.1/jsoup-1.13.1.jar, java.vm.vendor=Oracle Corporation, sun.arch.data.model=64, idea.test.cyclic.buffer.size=1048576, java.vendor.url=https://openjdk.java.net/, user.timezone=America/Chicago, os.name=Mac OS X, java.vm.specification.version=11, sun.java.launcher=SUN_STANDARD, user.country=US, sun.boot.library.path=/Library/Java/JavaVirtualMachines/jdk-11.0.12.jdk/Contents/Home/lib, sun.java.command=com.intellij.rt.junit.JUnitStarter -ideVersion5 -junit5 com.jilleliceiri.mptr.persistence.TripDaoTest,getAll, http.nonProxyHosts=local|*.local|169.254/16|*.169.254/16, jdk.debug=release, sun.cpu.endian=little, user.home=/Users/jk, hibernate.c3p0.max_statements=50, user.language=en, java.specification.vendor=Oracle Corporation, java.version.date=2021-07-20, java.home=/Library/Java/JavaVirtualMachines/jdk-11.0.12.jdk/Contents/Home, file.separator=/, java.vm.compressedOopsMode=Zero based, line.separator=
, hibernate.c3p0.timeout=300, java.specification.name=Java Platform API Specification, java.vm.specification.vendor=Oracle Corporation, java.awt.graphicsenv=sun.awt.CGraphicsEnvironment, connection.password=Java2021!, sun.management.compiler=HotSpot 64-Bit Tiered Compilers, ftp.nonProxyHosts=local|*.local|169.254/16|*.169.254/16, hibernate.c3p0.max_size=20, java.runtime.version=11.0.12+8-LTS-237, user.name=jk, path.separator=:, hibernate.connection.username=****, os.version=11.5, java.runtime.name=Java(TM) SE Runtime Environment, hibernate.connection.url=jdbc:mysql://localhost:3306/test_my_places_tracker, file.encoding=UTF-8, java.vm.name=Java HotSpot(TM) 64-Bit Server VM, java.vendor.version=18.9, hibernate.connection.driver_class=com.mysql.cj.jdbc.Driver, java.vendor.url.bug=https://bugreport.java.com/bugreport/, java.io.tmpdir=/var/folders/y_/8stpl2p91kg5yxgcjmy0tv200000gn/T/, java.version=11.0.12, user.dir=/Users/jk/IdeaProjects/MyPlacesTracker, os.arch=x86_64, connection.username=root, java.vm.specification.name=Java Virtual Machine Specification, java.awt.printerjob=sun.lwawt.macosx.CPrinterJob, hibernate.connection.password=****, sun.os.patch.level=unknown, connection.driver_class=com.mysql.cj.jdbc.Driver, hibernate.boot.CfgXmlAccessService.key=org.hibernate.boot.cfgxml.spi.LoadedConfig@421def93, java.library.path=/Users/jk/Library/Java/Extensions:/Library/Java/Extensions:/Network/Library/Java/Extensions:/System/Library/Java/Extensions:/usr/lib/java:., java.vendor=Oracle Corporation, java.vm.info=mixed mode, java.vm.version=11.0.12+8-LTS-237, hibernate.bytecode.use_reflection_optimizer=false, sun.io.unicode.encoding=UnicodeBig, connection.url=jdbc:mysql://localhost:3306/test_my_places_tracker, socksNonProxyHosts=local|*.local|169.254/16|*.169.254/16, java.class.version=55.0}
[DEBUG] 2021-09-26 12:42:23.469 [main] TypeSafeActivator - Unable to acquire Bean Validation ValidatorFactory, skipping activation
[DEBUG] 2021-09-26 12:42:23.469 [main] JaccIntegrator - Skipping JACC integration as it was not enabled
[DEBUG] 2021-09-26 12:42:23.470 [main] SessionFactoryImpl - Instantiated session factory
[DEBUG] 2021-09-26 12:42:23.470 [main] TypeConfiguration$Scope - Scoping TypeConfiguration [org.hibernate.type.spi.TypeConfiguration@e5cbff2] to SessionFactoryImpl [org.hibernate.internal.SessionFactoryImpl@4548d254]
[DEBUG] 2021-09-26 12:42:23.510 [main] ClassLoaderAccessImpl - Not known whether passed class name [com.jilleliceiri.mptr.entity.Trip] is safe
[DEBUG] 2021-09-26 12:42:23.510 [main] ClassLoaderAccessImpl - No temp ClassLoader provided; using live ClassLoader for loading potentially unsafe class : com.jilleliceiri.mptr.entity.Trip
[DEBUG] 2021-09-26 12:42:23.520 [main] ClassLoaderAccessImpl - Not known whether passed class name [com.jilleliceiri.mptr.entity.Trip] is safe
[DEBUG] 2021-09-26 12:42:23.520 [main] ClassLoaderAccessImpl - No temp ClassLoader provided; using live ClassLoader for loading potentially unsafe class : com.jilleliceiri.mptr.entity.Trip
[DEBUG] 2021-09-26 12:42:23.652 [main] AbstractEntityPersister - Static SQL for entity: com.jilleliceiri.mptr.entity.Trip
[DEBUG] 2021-09-26 12:42:23.653 [main] AbstractEntityPersister -  Version select: select id from trips where id =?
[DEBUG] 2021-09-26 12:42:23.653 [main] AbstractEntityPersister -  Snapshot select: select trip_.id, trip_.trip_name as trip_nam2_0_ from trips trip_ where trip_.id=?
[DEBUG] 2021-09-26 12:42:23.653 [main] AbstractEntityPersister -  Insert 0: insert into trips (trip_name, id) values (?, ?)
[DEBUG] 2021-09-26 12:42:23.653 [main] AbstractEntityPersister -  Update 0: update trips set trip_name=? where id=?
[DEBUG] 2021-09-26 12:42:23.653 [main] AbstractEntityPersister -  Delete 0: delete from trips where id=?
[DEBUG] 2021-09-26 12:42:23.653 [main] AbstractEntityPersister -  Identity insert: insert into trips (trip_name) values (?)
[DEBUG] 2021-09-26 12:42:23.664 [main] QuerySpacesImpl - Adding QuerySpace : uid = <gen:0> -> org.hibernate.loader.plan.build.internal.spaces.EntityQuerySpaceImpl@796d33eb]
[DEBUG] 2021-09-26 12:42:23.665 [main] MetamodelGraphWalker - Visiting attribute path : name
[DEBUG] 2021-09-26 12:42:23.665 [main] FetchStyleLoadPlanBuildingAssociationVisitationStrategy - Building LoadPlan...
[DEBUG] 2021-09-26 12:42:23.671 [main] LoadQueryJoinAndFetchProcessor - processing queryspace <gen:0>
[DEBUG] 2021-09-26 12:42:23.674 [main] LoadPlanTreePrinter - LoadPlan(entity=com.jilleliceiri.mptr.entity.Trip)
    - Returns
       - EntityReturnImpl(entity=com.jilleliceiri.mptr.entity.Trip, querySpaceUid=<gen:0>, path=com.jilleliceiri.mptr.entity.Trip)
    - QuerySpaces
       - EntityQuerySpaceImpl(uid=<gen:0>, entity=com.jilleliceiri.mptr.entity.Trip)
          - SQL table alias mapping - trip0_
          - alias suffix - 0_
          - suffixed key columns - {id1_0_0_}

[DEBUG] 2021-09-26 12:42:23.675 [main] EntityLoader - Static select for entity com.jilleliceiri.mptr.entity.Trip [NONE]: select trip0_.id as id1_0_0_, trip0_.trip_name as trip_nam2_0_0_ from trips trip0_ where trip0_.id=?
[DEBUG] 2021-09-26 12:42:23.675 [main] QuerySpacesImpl - Adding QuerySpace : uid = <gen:0> -> org.hibernate.loader.plan.build.internal.spaces.EntityQuerySpaceImpl@4c731956]
[DEBUG] 2021-09-26 12:42:23.675 [main] MetamodelGraphWalker - Visiting attribute path : name
[DEBUG] 2021-09-26 12:42:23.675 [main] FetchStyleLoadPlanBuildingAssociationVisitationStrategy - Building LoadPlan...
[DEBUG] 2021-09-26 12:42:23.675 [main] LoadQueryJoinAndFetchProcessor - processing queryspace <gen:0>
[DEBUG] 2021-09-26 12:42:23.675 [main] LoadPlanTreePrinter - LoadPlan(entity=com.jilleliceiri.mptr.entity.Trip)
    - Returns
       - EntityReturnImpl(entity=com.jilleliceiri.mptr.entity.Trip, querySpaceUid=<gen:0>, path=com.jilleliceiri.mptr.entity.Trip)
    - QuerySpaces
       - EntityQuerySpaceImpl(uid=<gen:0>, entity=com.jilleliceiri.mptr.entity.Trip)
          - SQL table alias mapping - trip0_
          - alias suffix - 0_
          - suffixed key columns - {id1_0_0_}

[DEBUG] 2021-09-26 12:42:23.675 [main] EntityLoader - Static select for entity com.jilleliceiri.mptr.entity.Trip [READ]: select trip0_.id as id1_0_0_, trip0_.trip_name as trip_nam2_0_0_ from trips trip0_ where trip0_.id=?
[DEBUG] 2021-09-26 12:42:23.683 [main] Loader - Static select for action ACTION_MERGE on entity com.jilleliceiri.mptr.entity.Trip: select trip0_.id as id1_0_0_, trip0_.trip_name as trip_nam2_0_0_ from trips trip0_ where trip0_.id=?
[DEBUG] 2021-09-26 12:42:23.683 [main] Loader - Static select for action ACTION_REFRESH on entity com.jilleliceiri.mptr.entity.Trip: select trip0_.id as id1_0_0_, trip0_.trip_name as trip_nam2_0_0_ from trips trip0_ where trip0_.id=?
[DEBUG] 2021-09-26 12:42:23.697 [main] SchemaManagementToolCoordinator - No actions specified; doing nothing
[DEBUG] 2021-09-26 12:42:23.697 [main] JtaPlatformInitiator - No JtaPlatform was specified, checking resolver
[DEBUG] 2021-09-26 12:42:23.697 [main] JtaPlatformResolverInitiator - No JtaPlatformResolver was specified, using default [org.hibernate.engine.transaction.jta.platform.internal.StandardJtaPlatformResolver]
[DEBUG] 2021-09-26 12:42:23.700 [main] StandardJtaPlatformResolver - Could not resolve JtaPlatform, using default [org.hibernate.engine.transaction.jta.platform.internal.NoJtaPlatform]
[INFO ] 2021-09-26 12:42:23.700 [main] JtaPlatformInitiator - HHH000490: Using JtaPlatform implementation: [org.hibernate.engine.transaction.jta.platform.internal.NoJtaPlatform]
[DEBUG] 2021-09-26 12:42:23.700 [main] NamedQueryRepository - Checking 0 named HQL queries
[DEBUG] 2021-09-26 12:42:23.701 [main] NamedQueryRepository - Checking 0 named SQL queries
[DEBUG] 2021-09-26 12:42:23.701 [main] SessionFactoryRegistry - Initializing SessionFactoryRegistry : org.hibernate.internal.SessionFactoryRegistry@7cfb0c4c
[DEBUG] 2021-09-26 12:42:23.702 [main] SessionFactoryRegistry - Registering SessionFactory: 7cba2a31-252a-4695-a25a-66f45ea444ee (<unnamed>)
[DEBUG] 2021-09-26 12:42:23.702 [main] SessionFactoryRegistry - Not binding SessionFactory to JNDI, no JNDI name configured
[DEBUG] 2021-09-26 12:42:23.774 [main] StatisticsInitiator - Statistics initialized [enabled=false]
[DEBUG] 2021-09-26 12:42:23.789 [main] CriteriaQueryImpl - Rendered criteria query -> select generatedAlias0 from Trip as generatedAlias0
[DEBUG] 2021-09-26 12:42:23.799 [main] QueryTranslatorFactoryInitiator - QueryTranslatorFactory: org.hibernate.hql.internal.ast.ASTQueryTranslatorFactory@4f114b
[DEBUG] 2021-09-26 12:42:23.813 [main] QueryTranslatorImpl - parse() - HQL: select generatedAlias0 from com.jilleliceiri.mptr.entity.Trip as generatedAlias0
[DEBUG] 2021-09-26 12:42:23.818 [main] ErrorTracker - throwQueryException() : no errors
[DEBUG] 2021-09-26 12:42:23.823 [main] QueryTranslatorImpl - --- HQL AST ---
 \-[QUERY] Node: 'query'
    \-[SELECT_FROM] Node: 'SELECT_FROM'
       +-[FROM] Node: 'from'
       |  \-[RANGE] Node: 'RANGE'
       |     +-[DOT] Node: '.'
       |     |  +-[DOT] Node: '.'
       |     |  |  +-[DOT] Node: '.'
       |     |  |  |  +-[DOT] Node: '.'
       |     |  |  |  |  +-[IDENT] Node: 'com'
       |     |  |  |  |  \-[IDENT] Node: 'jilleliceiri'
       |     |  |  |  \-[IDENT] Node: 'mptr'
       |     |  |  \-[IDENT] Node: 'entity'
       |     |  \-[IDENT] Node: 'Trip'
       |     \-[ALIAS] Node: 'generatedAlias0'
       \-[SELECT] Node: 'select'
          \-[IDENT] Node: 'generatedAlias0'

[DEBUG] 2021-09-26 12:42:23.836 [main] HqlSqlBaseWalker - select << begin [level=1, statement=select]
[DEBUG] 2021-09-26 12:42:23.844 [main] FromElement - FromClause{level=1} : com.jilleliceiri.mptr.entity.Trip (generatedAlias0) -> trip0_
[DEBUG] 2021-09-26 12:42:23.845 [main] FromReferenceNode - Resolved : generatedAlias0 -> trip0_.id
[DEBUG] 2021-09-26 12:42:23.846 [main] HqlSqlBaseWalker - select : finishing up [level=1, statement=select]
[DEBUG] 2021-09-26 12:42:23.846 [main] HqlSqlWalker - processQuery() :  ( SELECT ( {select clause} trip0_.id ) ( FromClause{level=1} trips trip0_ ) )
[DEBUG] 2021-09-26 12:42:23.851 [main] JoinProcessor - Using FROM fragment [trips trip0_]
[DEBUG] 2021-09-26 12:42:23.851 [main] HqlSqlBaseWalker - select >> end [level=1, statement=select]
[DEBUG] 2021-09-26 12:42:23.851 [main] QueryTranslatorImpl - --- SQL AST ---
 \-[SELECT] QueryNode: 'SELECT'  querySpaces (trips)
    +-[SELECT_CLAUSE] SelectClause: '{select clause}'
    |  +-[ALIAS_REF] IdentNode: 'trip0_.id as id1_0_' {alias=generatedAlias0, className=com.jilleliceiri.mptr.entity.Trip, tableAlias=trip0_}
    |  \-[SQL_TOKEN] SqlFragment: 'trip0_.trip_name as trip_nam2_0_'
    \-[FROM] FromClause: 'from' FromClause{level=1, fromElementCounter=1, fromElements=1, fromElementByClassAlias=[generatedAlias0], fromElementByTableAlias=[trip0_], fromElementsByPath=[], collectionJoinFromElementsByPath=[], impliedElements=[]}
       \-[FROM_FRAGMENT] FromElement: 'trips trip0_' FromElement{explicit,not a collection join,not a fetch join,fetch non-lazy properties,classAlias=generatedAlias0,role=null,tableName=trips,tableAlias=trip0_,origin=null,columns={,className=com.jilleliceiri.mptr.entity.Trip}}

[DEBUG] 2021-09-26 12:42:23.852 [main] ErrorTracker - throwQueryException() : no errors
[DEBUG] 2021-09-26 12:42:23.855 [main] QueryTranslatorImpl - HQL: select generatedAlias0 from com.jilleliceiri.mptr.entity.Trip as generatedAlias0
[DEBUG] 2021-09-26 12:42:23.855 [main] QueryTranslatorImpl - SQL: select trip0_.id as id1_0_, trip0_.trip_name as trip_nam2_0_ from trips trip0_
[DEBUG] 2021-09-26 12:42:23.855 [main] ErrorTracker - throwQueryException() : no errors
[DEBUG] 2021-09-26 12:42:23.865 [main] SQL - select trip0_.id as id1_0_, trip0_.trip_name as trip_nam2_0_ from trips trip0_
[DEBUG] 2021-09-26 12:42:23.878 [main] Loader - Result set row: 0
[DEBUG] 2021-09-26 12:42:23.880 [main] Loader - Result row: EntityKey[com.jilleliceiri.mptr.entity.Trip#1]
[DEBUG] 2021-09-26 12:42:23.885 [main] Loader - Result set row: 1
[DEBUG] 2021-09-26 12:42:23.885 [main] Loader - Result row: EntityKey[com.jilleliceiri.mptr.entity.Trip#2]
[DEBUG] 2021-09-26 12:42:23.885 [main] Loader - Result set row: 2
[DEBUG] 2021-09-26 12:42:23.885 [main] Loader - Result row: EntityKey[com.jilleliceiri.mptr.entity.Trip#3]
[DEBUG] 2021-09-26 12:42:23.886 [main] TwoPhaseLoad - Resolving attributes for [com.jilleliceiri.mptr.entity.Trip#1]
[DEBUG] 2021-09-26 12:42:23.886 [main] TwoPhaseLoad - Processing attribute `name` : value = Fall  Colour Tour
[DEBUG] 2021-09-26 12:42:23.886 [main] TwoPhaseLoad - Attribute (`name`)  - enhanced for lazy-loading? - false
[DEBUG] 2021-09-26 12:42:23.887 [main] TwoPhaseLoad - Done materializing entity [com.jilleliceiri.mptr.entity.Trip#1]
[DEBUG] 2021-09-26 12:42:23.887 [main] TwoPhaseLoad - Resolving attributes for [com.jilleliceiri.mptr.entity.Trip#2]
[DEBUG] 2021-09-26 12:42:23.887 [main] TwoPhaseLoad - Processing attribute `name` : value = Winter Break
[DEBUG] 2021-09-26 12:42:23.887 [main] TwoPhaseLoad - Attribute (`name`)  - enhanced for lazy-loading? - false
[DEBUG] 2021-09-26 12:42:23.888 [main] TwoPhaseLoad - Done materializing entity [com.jilleliceiri.mptr.entity.Trip#2]
[DEBUG] 2021-09-26 12:42:23.888 [main] TwoPhaseLoad - Resolving attributes for [com.jilleliceiri.mptr.entity.Trip#3]
[DEBUG] 2021-09-26 12:42:23.888 [main] TwoPhaseLoad - Processing attribute `name` : value = Spring in the South
[DEBUG] 2021-09-26 12:42:23.888 [main] TwoPhaseLoad - Attribute (`name`)  - enhanced for lazy-loading? - false
[DEBUG] 2021-09-26 12:42:23.888 [main] TwoPhaseLoad - Done materializing entity [com.jilleliceiri.mptr.entity.Trip#3]
[DEBUG] 2021-09-26 12:42:23.890 [main] LogicalConnectionManagedImpl - Initiating JDBC connection release from afterTransaction
