[DEBUG] 2021-09-28 20:24:35.354 [main] IntegratorServiceImpl - Adding Integrator [org.hibernate.cfg.beanvalidation.BeanValidationIntegrator].
[DEBUG] 2021-09-28 20:24:35.358 [main] IntegratorServiceImpl - Adding Integrator [org.hibernate.secure.spi.JaccIntegrator].
[DEBUG] 2021-09-28 20:24:35.361 [main] IntegratorServiceImpl - Adding Integrator [org.hibernate.cache.internal.CollectionCacheInvalidator].
[INFO ] 2021-09-28 20:24:35.409 [main] Version - HHH000412: Hibernate Core {5.4.4.Final}
[DEBUG] 2021-09-28 20:24:35.410 [main] Environment - HHH000206: hibernate.properties not found
[DEBUG] 2021-09-28 20:24:35.542 [main] LocalXmlResourceResolver - Interpreting public/system identifier : [-//Hibernate/Hibernate Configuration DTD//EN] - [http://www.hibernate.org/dtd/hibernate-configuration-3.0.dtd]
[DEBUG] 2021-09-28 20:24:35.542 [main] LocalXmlResourceResolver - Recognized hibernate-configuration identifier; attempting to resolve on classpath under org/hibernate/
[DEBUG] 2021-09-28 20:24:35.545 [main] JaxbCfgProcessor - cfg.xml document did not define namespaces; wrapping in custom event reader to introduce namespace information
[DEBUG] 2021-09-28 20:24:35.728 [main] ServiceBinding - Overriding existing service binding [org.hibernate.secure.spi.JaccService]
[DEBUG] 2021-09-28 20:24:35.741 [main] RegionFactoryInitiator - Cannot default RegionFactory based on registered strategies as `[]` RegionFactory strategies were registered
[DEBUG] 2021-09-28 20:24:35.742 [main] RegionFactoryInitiator - Cache region factory : org.hibernate.cache.internal.NoCachingRegionFactory
[INFO ] 2021-09-28 20:24:35.754 [main] Version - HCANN000001: Hibernate Commons Annotations {5.1.0.Final}
[DEBUG] 2021-09-28 20:24:35.777 [main] BasicTypeRegistry - Adding type registration boolean -> org.hibernate.type.BooleanType@377008df
[DEBUG] 2021-09-28 20:24:35.777 [main] BasicTypeRegistry - Adding type registration boolean -> org.hibernate.type.BooleanType@377008df
[DEBUG] 2021-09-28 20:24:35.777 [main] BasicTypeRegistry - Adding type registration java.lang.Boolean -> org.hibernate.type.BooleanType@377008df
[DEBUG] 2021-09-28 20:24:35.778 [main] BasicTypeRegistry - Adding type registration numeric_boolean -> org.hibernate.type.NumericBooleanType@2ce45a7b
[DEBUG] 2021-09-28 20:24:35.778 [main] BasicTypeRegistry - Adding type registration true_false -> org.hibernate.type.TrueFalseType@545e57d7
[DEBUG] 2021-09-28 20:24:35.778 [main] BasicTypeRegistry - Adding type registration yes_no -> org.hibernate.type.YesNoType@64bfd6fd
[DEBUG] 2021-09-28 20:24:35.779 [main] BasicTypeRegistry - Adding type registration byte -> org.hibernate.type.ByteType@1f193686
[DEBUG] 2021-09-28 20:24:35.779 [main] BasicTypeRegistry - Adding type registration byte -> org.hibernate.type.ByteType@1f193686
[DEBUG] 2021-09-28 20:24:35.779 [main] BasicTypeRegistry - Adding type registration java.lang.Byte -> org.hibernate.type.ByteType@1f193686
[DEBUG] 2021-09-28 20:24:35.780 [main] BasicTypeRegistry - Adding type registration character -> org.hibernate.type.CharacterType@1d25c1c
[DEBUG] 2021-09-28 20:24:35.780 [main] BasicTypeRegistry - Adding type registration char -> org.hibernate.type.CharacterType@1d25c1c
[DEBUG] 2021-09-28 20:24:35.780 [main] BasicTypeRegistry - Adding type registration java.lang.Character -> org.hibernate.type.CharacterType@1d25c1c
[DEBUG] 2021-09-28 20:24:35.781 [main] BasicTypeRegistry - Adding type registration short -> org.hibernate.type.ShortType@9255c05
[DEBUG] 2021-09-28 20:24:35.781 [main] BasicTypeRegistry - Adding type registration short -> org.hibernate.type.ShortType@9255c05
[DEBUG] 2021-09-28 20:24:35.781 [main] BasicTypeRegistry - Adding type registration java.lang.Short -> org.hibernate.type.ShortType@9255c05
[DEBUG] 2021-09-28 20:24:35.781 [main] BasicTypeRegistry - Adding type registration integer -> org.hibernate.type.IntegerType@1931d99
[DEBUG] 2021-09-28 20:24:35.782 [main] BasicTypeRegistry - Adding type registration int -> org.hibernate.type.IntegerType@1931d99
[DEBUG] 2021-09-28 20:24:35.782 [main] BasicTypeRegistry - Adding type registration java.lang.Integer -> org.hibernate.type.IntegerType@1931d99
[DEBUG] 2021-09-28 20:24:35.782 [main] BasicTypeRegistry - Adding type registration long -> org.hibernate.type.LongType@6293e39e
[DEBUG] 2021-09-28 20:24:35.782 [main] BasicTypeRegistry - Adding type registration long -> org.hibernate.type.LongType@6293e39e
[DEBUG] 2021-09-28 20:24:35.782 [main] BasicTypeRegistry - Adding type registration java.lang.Long -> org.hibernate.type.LongType@6293e39e
[DEBUG] 2021-09-28 20:24:35.783 [main] BasicTypeRegistry - Adding type registration float -> org.hibernate.type.FloatType@29a69a35
[DEBUG] 2021-09-28 20:24:35.783 [main] BasicTypeRegistry - Adding type registration float -> org.hibernate.type.FloatType@29a69a35
[DEBUG] 2021-09-28 20:24:35.783 [main] BasicTypeRegistry - Adding type registration java.lang.Float -> org.hibernate.type.FloatType@29a69a35
[DEBUG] 2021-09-28 20:24:35.783 [main] BasicTypeRegistry - Adding type registration double -> org.hibernate.type.DoubleType@4e904fd5
[DEBUG] 2021-09-28 20:24:35.784 [main] BasicTypeRegistry - Adding type registration double -> org.hibernate.type.DoubleType@4e904fd5
[DEBUG] 2021-09-28 20:24:35.784 [main] BasicTypeRegistry - Adding type registration java.lang.Double -> org.hibernate.type.DoubleType@4e904fd5
[DEBUG] 2021-09-28 20:24:35.784 [main] BasicTypeRegistry - Adding type registration big_decimal -> org.hibernate.type.BigDecimalType@58a120b0
[DEBUG] 2021-09-28 20:24:35.784 [main] BasicTypeRegistry - Adding type registration java.math.BigDecimal -> org.hibernate.type.BigDecimalType@58a120b0
[DEBUG] 2021-09-28 20:24:35.785 [main] BasicTypeRegistry - Adding type registration big_integer -> org.hibernate.type.BigIntegerType@35088e87
[DEBUG] 2021-09-28 20:24:35.785 [main] BasicTypeRegistry - Adding type registration java.math.BigInteger -> org.hibernate.type.BigIntegerType@35088e87
[DEBUG] 2021-09-28 20:24:35.785 [main] BasicTypeRegistry - Adding type registration string -> org.hibernate.type.StringType@421a4ee1
[DEBUG] 2021-09-28 20:24:35.785 [main] BasicTypeRegistry - Adding type registration java.lang.String -> org.hibernate.type.StringType@421a4ee1
[DEBUG] 2021-09-28 20:24:35.786 [main] BasicTypeRegistry - Adding type registration nstring -> org.hibernate.type.StringNVarcharType@1e54cb33
[DEBUG] 2021-09-28 20:24:35.786 [main] BasicTypeRegistry - Adding type registration ncharacter -> org.hibernate.type.CharacterNCharType@6441c486
[DEBUG] 2021-09-28 20:24:35.786 [main] BasicTypeRegistry - Adding type registration url -> org.hibernate.type.UrlType@58d63b16
[DEBUG] 2021-09-28 20:24:35.786 [main] BasicTypeRegistry - Adding type registration java.net.URL -> org.hibernate.type.UrlType@58d63b16
[DEBUG] 2021-09-28 20:24:35.787 [main] BasicTypeRegistry - Adding type registration Duration -> org.hibernate.type.DurationType@369c9bb
[DEBUG] 2021-09-28 20:24:35.787 [main] BasicTypeRegistry - Adding type registration java.time.Duration -> org.hibernate.type.DurationType@369c9bb
[DEBUG] 2021-09-28 20:24:35.794 [main] BasicTypeRegistry - Adding type registration Instant -> org.hibernate.type.InstantType@4647881c
[DEBUG] 2021-09-28 20:24:35.794 [main] BasicTypeRegistry - Adding type registration java.time.Instant -> org.hibernate.type.InstantType@4647881c
[DEBUG] 2021-09-28 20:24:35.795 [main] BasicTypeRegistry - Adding type registration LocalDateTime -> org.hibernate.type.LocalDateTimeType@453d496b
[DEBUG] 2021-09-28 20:24:35.795 [main] BasicTypeRegistry - Adding type registration java.time.LocalDateTime -> org.hibernate.type.LocalDateTimeType@453d496b
[DEBUG] 2021-09-28 20:24:35.796 [main] BasicTypeRegistry - Adding type registration LocalDate -> org.hibernate.type.LocalDateType@2a1debfa
[DEBUG] 2021-09-28 20:24:35.796 [main] BasicTypeRegistry - Adding type registration java.time.LocalDate -> org.hibernate.type.LocalDateType@2a1debfa
[DEBUG] 2021-09-28 20:24:35.797 [main] BasicTypeRegistry - Adding type registration LocalTime -> org.hibernate.type.LocalTimeType@b8e246c
[DEBUG] 2021-09-28 20:24:35.797 [main] BasicTypeRegistry - Adding type registration java.time.LocalTime -> org.hibernate.type.LocalTimeType@b8e246c
[DEBUG] 2021-09-28 20:24:35.798 [main] BasicTypeRegistry - Adding type registration OffsetDateTime -> org.hibernate.type.OffsetDateTimeType@47ec7422
[DEBUG] 2021-09-28 20:24:35.798 [main] BasicTypeRegistry - Adding type registration java.time.OffsetDateTime -> org.hibernate.type.OffsetDateTimeType@47ec7422
[DEBUG] 2021-09-28 20:24:35.799 [main] BasicTypeRegistry - Adding type registration OffsetTime -> org.hibernate.type.OffsetTimeType@64c4c01
[DEBUG] 2021-09-28 20:24:35.799 [main] BasicTypeRegistry - Adding type registration java.time.OffsetTime -> org.hibernate.type.OffsetTimeType@64c4c01
[DEBUG] 2021-09-28 20:24:35.800 [main] BasicTypeRegistry - Adding type registration ZonedDateTime -> org.hibernate.type.ZonedDateTimeType@14379273
[DEBUG] 2021-09-28 20:24:35.800 [main] BasicTypeRegistry - Adding type registration java.time.ZonedDateTime -> org.hibernate.type.ZonedDateTimeType@14379273
[DEBUG] 2021-09-28 20:24:35.801 [main] BasicTypeRegistry - Adding type registration date -> org.hibernate.type.DateType@289fdb08
[DEBUG] 2021-09-28 20:24:35.801 [main] BasicTypeRegistry - Adding type registration java.sql.Date -> org.hibernate.type.DateType@289fdb08
[DEBUG] 2021-09-28 20:24:35.802 [main] BasicTypeRegistry - Adding type registration time -> org.hibernate.type.TimeType@4992613f
[DEBUG] 2021-09-28 20:24:35.802 [main] BasicTypeRegistry - Adding type registration java.sql.Time -> org.hibernate.type.TimeType@4992613f
[DEBUG] 2021-09-28 20:24:35.803 [main] BasicTypeRegistry - Adding type registration timestamp -> org.hibernate.type.TimestampType@3fdecce
[DEBUG] 2021-09-28 20:24:35.803 [main] BasicTypeRegistry - Adding type registration java.sql.Timestamp -> org.hibernate.type.TimestampType@3fdecce
[DEBUG] 2021-09-28 20:24:35.803 [main] BasicTypeRegistry - Adding type registration java.util.Date -> org.hibernate.type.TimestampType@3fdecce
[DEBUG] 2021-09-28 20:24:35.804 [main] BasicTypeRegistry - Adding type registration dbtimestamp -> org.hibernate.type.DbTimestampType@3cee53dc
[DEBUG] 2021-09-28 20:24:35.805 [main] BasicTypeRegistry - Adding type registration calendar -> org.hibernate.type.CalendarType@787f32b7
[DEBUG] 2021-09-28 20:24:35.805 [main] BasicTypeRegistry - Adding type registration java.util.Calendar -> org.hibernate.type.CalendarType@787f32b7
[DEBUG] 2021-09-28 20:24:35.805 [main] BasicTypeRegistry - Adding type registration java.util.GregorianCalendar -> org.hibernate.type.CalendarType@787f32b7
[DEBUG] 2021-09-28 20:24:35.805 [main] BasicTypeRegistry - Adding type registration calendar_date -> org.hibernate.type.CalendarDateType@1ad8df52
[DEBUG] 2021-09-28 20:24:35.806 [main] BasicTypeRegistry - Adding type registration locale -> org.hibernate.type.LocaleType@507d20bb
[DEBUG] 2021-09-28 20:24:35.806 [main] BasicTypeRegistry - Adding type registration java.util.Locale -> org.hibernate.type.LocaleType@507d20bb
[DEBUG] 2021-09-28 20:24:35.807 [main] BasicTypeRegistry - Adding type registration currency -> org.hibernate.type.CurrencyType@5ff60a8c
[DEBUG] 2021-09-28 20:24:35.807 [main] BasicTypeRegistry - Adding type registration java.util.Currency -> org.hibernate.type.CurrencyType@5ff60a8c
[DEBUG] 2021-09-28 20:24:35.807 [main] BasicTypeRegistry - Adding type registration timezone -> org.hibernate.type.TimeZoneType@4c4f4365
[DEBUG] 2021-09-28 20:24:35.807 [main] BasicTypeRegistry - Adding type registration java.util.TimeZone -> org.hibernate.type.TimeZoneType@4c4f4365
[DEBUG] 2021-09-28 20:24:35.808 [main] BasicTypeRegistry - Adding type registration class -> org.hibernate.type.ClassType@d56aaa6
[DEBUG] 2021-09-28 20:24:35.808 [main] BasicTypeRegistry - Adding type registration java.lang.Class -> org.hibernate.type.ClassType@d56aaa6
[DEBUG] 2021-09-28 20:24:35.808 [main] BasicTypeRegistry - Adding type registration uuid-binary -> org.hibernate.type.UUIDBinaryType@6fd77352
[DEBUG] 2021-09-28 20:24:35.808 [main] BasicTypeRegistry - Adding type registration java.util.UUID -> org.hibernate.type.UUIDBinaryType@6fd77352
[DEBUG] 2021-09-28 20:24:35.809 [main] BasicTypeRegistry - Adding type registration uuid-char -> org.hibernate.type.UUIDCharType@2c2db130
[DEBUG] 2021-09-28 20:24:35.809 [main] BasicTypeRegistry - Adding type registration binary -> org.hibernate.type.BinaryType@4d2a1da3
[DEBUG] 2021-09-28 20:24:35.809 [main] BasicTypeRegistry - Adding type registration byte[] -> org.hibernate.type.BinaryType@4d2a1da3
[DEBUG] 2021-09-28 20:24:35.809 [main] BasicTypeRegistry - Adding type registration [B -> org.hibernate.type.BinaryType@4d2a1da3
[DEBUG] 2021-09-28 20:24:35.810 [main] BasicTypeRegistry - Adding type registration wrapper-binary -> org.hibernate.type.WrapperBinaryType@7e4d2287
[DEBUG] 2021-09-28 20:24:35.810 [main] BasicTypeRegistry - Adding type registration Byte[] -> org.hibernate.type.WrapperBinaryType@7e4d2287
[DEBUG] 2021-09-28 20:24:35.810 [main] BasicTypeRegistry - Adding type registration [Ljava.lang.Byte; -> org.hibernate.type.WrapperBinaryType@7e4d2287
[DEBUG] 2021-09-28 20:24:35.811 [main] BasicTypeRegistry - Adding type registration row_version -> org.hibernate.type.RowVersionType@4682eba5
[DEBUG] 2021-09-28 20:24:35.811 [main] BasicTypeRegistry - Adding type registration image -> org.hibernate.type.ImageType@58496dc
[DEBUG] 2021-09-28 20:24:35.812 [main] BasicTypeRegistry - Adding type registration characters -> org.hibernate.type.CharArrayType@24361cfc
[DEBUG] 2021-09-28 20:24:35.812 [main] BasicTypeRegistry - Adding type registration char[] -> org.hibernate.type.CharArrayType@24361cfc
[DEBUG] 2021-09-28 20:24:35.812 [main] BasicTypeRegistry - Adding type registration [C -> org.hibernate.type.CharArrayType@24361cfc
[DEBUG] 2021-09-28 20:24:35.812 [main] BasicTypeRegistry - Adding type registration wrapper-characters -> org.hibernate.type.CharacterArrayType@2f2d52ef
[DEBUG] 2021-09-28 20:24:35.812 [main] BasicTypeRegistry - Adding type registration [Ljava.lang.Character; -> org.hibernate.type.CharacterArrayType@2f2d52ef
[DEBUG] 2021-09-28 20:24:35.812 [main] BasicTypeRegistry - Adding type registration Character[] -> org.hibernate.type.CharacterArrayType@2f2d52ef
[DEBUG] 2021-09-28 20:24:35.813 [main] BasicTypeRegistry - Adding type registration text -> org.hibernate.type.TextType@1bd0b0e5
[DEBUG] 2021-09-28 20:24:35.813 [main] BasicTypeRegistry - Adding type registration ntext -> org.hibernate.type.NTextType@38eb2c50
[DEBUG] 2021-09-28 20:24:35.814 [main] BasicTypeRegistry - Adding type registration blob -> org.hibernate.type.BlobType@3900fa71
[DEBUG] 2021-09-28 20:24:35.814 [main] BasicTypeRegistry - Adding type registration java.sql.Blob -> org.hibernate.type.BlobType@3900fa71
[DEBUG] 2021-09-28 20:24:35.815 [main] BasicTypeRegistry - Adding type registration materialized_blob -> org.hibernate.type.MaterializedBlobType@5c10285a
[DEBUG] 2021-09-28 20:24:35.815 [main] BasicTypeRegistry - Adding type registration clob -> org.hibernate.type.ClobType@72e789cb
[DEBUG] 2021-09-28 20:24:35.815 [main] BasicTypeRegistry - Adding type registration java.sql.Clob -> org.hibernate.type.ClobType@72e789cb
[DEBUG] 2021-09-28 20:24:35.816 [main] BasicTypeRegistry - Adding type registration nclob -> org.hibernate.type.NClobType@6c03fb16
[DEBUG] 2021-09-28 20:24:35.816 [main] BasicTypeRegistry - Adding type registration java.sql.NClob -> org.hibernate.type.NClobType@6c03fb16
[DEBUG] 2021-09-28 20:24:35.817 [main] BasicTypeRegistry - Adding type registration materialized_clob -> org.hibernate.type.MaterializedClobType@1d61c6dc
[DEBUG] 2021-09-28 20:24:35.817 [main] BasicTypeRegistry - Adding type registration materialized_nclob -> org.hibernate.type.MaterializedNClobType@58e92c23
[DEBUG] 2021-09-28 20:24:35.817 [main] BasicTypeRegistry - Adding type registration serializable -> org.hibernate.type.SerializableType@681adc8f
[DEBUG] 2021-09-28 20:24:35.819 [main] BasicTypeRegistry - Adding type registration object -> org.hibernate.type.ObjectType@65f58c6e
[DEBUG] 2021-09-28 20:24:35.820 [main] BasicTypeRegistry - Adding type registration java.lang.Object -> org.hibernate.type.ObjectType@65f58c6e
[DEBUG] 2021-09-28 20:24:35.820 [main] BasicTypeRegistry - Adding type registration imm_date -> org.hibernate.type.AdaptedImmutableType@31133b6e
[DEBUG] 2021-09-28 20:24:35.820 [main] BasicTypeRegistry - Adding type registration imm_time -> org.hibernate.type.AdaptedImmutableType@29528a22
[DEBUG] 2021-09-28 20:24:35.820 [main] BasicTypeRegistry - Adding type registration imm_timestamp -> org.hibernate.type.AdaptedImmutableType@7ea08277
[DEBUG] 2021-09-28 20:24:35.820 [main] BasicTypeRegistry - Adding type registration imm_dbtimestamp -> org.hibernate.type.AdaptedImmutableType@6401d0a0
[DEBUG] 2021-09-28 20:24:35.820 [main] BasicTypeRegistry - Adding type registration imm_calendar -> org.hibernate.type.AdaptedImmutableType@4ce14f05
[DEBUG] 2021-09-28 20:24:35.820 [main] BasicTypeRegistry - Adding type registration imm_calendar_date -> org.hibernate.type.AdaptedImmutableType@71dfcf21
[DEBUG] 2021-09-28 20:24:35.820 [main] BasicTypeRegistry - Adding type registration imm_binary -> org.hibernate.type.AdaptedImmutableType@b965857
[DEBUG] 2021-09-28 20:24:35.820 [main] BasicTypeRegistry - Adding type registration imm_serializable -> org.hibernate.type.AdaptedImmutableType@61f80d55
[DEBUG] 2021-09-28 20:24:35.839 [main] DefaultIdentifierGeneratorFactory - Registering IdentifierGenerator strategy [uuid2] -> [org.hibernate.id.UUIDGenerator]
[DEBUG] 2021-09-28 20:24:35.840 [main] DefaultIdentifierGeneratorFactory - Registering IdentifierGenerator strategy [guid] -> [org.hibernate.id.GUIDGenerator]
[DEBUG] 2021-09-28 20:24:35.840 [main] DefaultIdentifierGeneratorFactory - Registering IdentifierGenerator strategy [uuid] -> [org.hibernate.id.UUIDHexGenerator]
[DEBUG] 2021-09-28 20:24:35.840 [main] DefaultIdentifierGeneratorFactory - Registering IdentifierGenerator strategy [uuid.hex] -> [org.hibernate.id.UUIDHexGenerator]
[DEBUG] 2021-09-28 20:24:35.840 [main] DefaultIdentifierGeneratorFactory - Registering IdentifierGenerator strategy [assigned] -> [org.hibernate.id.Assigned]
[DEBUG] 2021-09-28 20:24:35.841 [main] DefaultIdentifierGeneratorFactory - Registering IdentifierGenerator strategy [identity] -> [org.hibernate.id.IdentityGenerator]
[DEBUG] 2021-09-28 20:24:35.841 [main] DefaultIdentifierGeneratorFactory - Registering IdentifierGenerator strategy [select] -> [org.hibernate.id.SelectGenerator]
[DEBUG] 2021-09-28 20:24:35.842 [main] DefaultIdentifierGeneratorFactory - Registering IdentifierGenerator strategy [sequence] -> [org.hibernate.id.enhanced.SequenceStyleGenerator]
[DEBUG] 2021-09-28 20:24:35.842 [main] DefaultIdentifierGeneratorFactory - Registering IdentifierGenerator strategy [seqhilo] -> [org.hibernate.id.SequenceHiLoGenerator]
[DEBUG] 2021-09-28 20:24:35.843 [main] DefaultIdentifierGeneratorFactory - Registering IdentifierGenerator strategy [increment] -> [org.hibernate.id.IncrementGenerator]
[DEBUG] 2021-09-28 20:24:35.843 [main] DefaultIdentifierGeneratorFactory - Registering IdentifierGenerator strategy [foreign] -> [org.hibernate.id.ForeignGenerator]
[DEBUG] 2021-09-28 20:24:35.843 [main] DefaultIdentifierGeneratorFactory - Registering IdentifierGenerator strategy [sequence-identity] -> [org.hibernate.id.SequenceIdentityGenerator]
[DEBUG] 2021-09-28 20:24:35.843 [main] DefaultIdentifierGeneratorFactory - Registering IdentifierGenerator strategy [enhanced-sequence] -> [org.hibernate.id.enhanced.SequenceStyleGenerator]
[DEBUG] 2021-09-28 20:24:35.844 [main] DefaultIdentifierGeneratorFactory - Registering IdentifierGenerator strategy [enhanced-table] -> [org.hibernate.id.enhanced.TableGenerator]
[INFO ] 2021-09-28 20:24:35.847 [main] C3P0ConnectionProvider - HHH010002: C3P0 using driver: com.mysql.cj.jdbc.Driver at URL: jdbc:mysql://localhost:3306/test_my_places_tracker
[INFO ] 2021-09-28 20:24:35.847 [main] C3P0ConnectionProvider - HHH10001001: Connection properties: {password=****, user=root}
[INFO ] 2021-09-28 20:24:35.847 [main] C3P0ConnectionProvider - HHH10001003: Autocommit mode: false
[INFO ] 2021-09-28 20:24:35.917 [main] C3P0ConnectionProvider - HHH10001007: JDBC isolation level: <unknown>
[DEBUG] 2021-09-28 20:24:36.354 [main] JdbcEnvironmentInitiator - Database ->
       name : MySQL
    version : 8.0.26
      major : 8
      minor : 0
[DEBUG] 2021-09-28 20:24:36.354 [main] JdbcEnvironmentInitiator - Driver ->
       name : MySQL Connector/J
    version : mysql-connector-java-8.0.16 (Revision: 34cbc6bc61f72836e26327537a432d6db7c77de6)
      major : 8
      minor : 0
[DEBUG] 2021-09-28 20:24:36.354 [main] JdbcEnvironmentInitiator - JDBC version : 4.2
[INFO ] 2021-09-28 20:24:36.370 [main] Dialect - HHH000400: Using dialect: org.hibernate.dialect.MySQL8Dialect
[DEBUG] 2021-09-28 20:24:36.380 [main] IdentifierHelperBuilder - JDBC driver metadata reported database stores quoted identifiers in more than one case
[DEBUG] 2021-09-28 20:24:36.395 [main] IdentifierHelperBuilder - IdentifierCaseStrategy for both quoted and unquoted identifiers was set to the same strategy [MIXED]; that will likely lead to problems in schema update and validation if using quoted identifiers
[DEBUG] 2021-09-28 20:24:36.416 [main] Namespace - Created database namespace [logicalName=Name{catalog=null, schema=null}, physicalName=Name{catalog=null, schema=null}]
[DEBUG] 2021-09-28 20:24:36.419 [main] TypeConfiguration$Scope - Scoping TypeConfiguration [org.hibernate.type.spi.TypeConfiguration@5679e96b] to MetadataBuildingContext [org.hibernate.boot.internal.MetadataBuildingContextRootImpl@3ed7821]
[DEBUG] 2021-09-28 20:24:36.451 [main] AnnotationBinder - Binding entity from annotated class: com.jilleliceiri.mptr.entity.Trip
[DEBUG] 2021-09-28 20:24:36.465 [main] Ejb3Column - Binding column: Ejb3DiscriminatorColumn{logicalColumnName'DTYPE', discriminatorTypeName='string'}
[DEBUG] 2021-09-28 20:24:36.468 [main] EntityBinder - Import with entity name Trip
[DEBUG] 2021-09-28 20:24:36.470 [main] EntityBinder - Bind entity com.jilleliceiri.mptr.entity.Trip on table trips
[DEBUG] 2021-09-28 20:24:36.486 [main] Ejb3Column - Binding column: Ejb3Column{table=org.hibernate.mapping.Table(trips), mappingColumn=id, insertable=true, updatable=true, unique=false}
[DEBUG] 2021-09-28 20:24:36.487 [main] PropertyBinder - MetadataSourceProcessor property id with lazy=false
[DEBUG] 2021-09-28 20:24:36.489 [main] AbstractPropertyHolder - Attempting to locate auto-apply AttributeConverter for property [com.jilleliceiri.mptr.entity.Trip:id]
[DEBUG] 2021-09-28 20:24:36.490 [main] SimpleValueBinder - building SimpleValue for id
[DEBUG] 2021-09-28 20:24:36.491 [main] PropertyBinder - Building property id
[DEBUG] 2021-09-28 20:24:36.494 [main] BinderHelper - #makeIdGenerator(org.hibernate.mapping.SimpleValue([org.hibernate.mapping.Column(id)]), id, org.hibernate.id.enhanced.SequenceStyleGenerator, native, ...)
[DEBUG] 2021-09-28 20:24:36.495 [main] Ejb3Column - Binding column: Ejb3JoinColumn{logicalColumnName='null', referencedColumn='null', mappedBy='trip'}
[DEBUG] 2021-09-28 20:24:36.496 [main] Ejb3Column - Binding column: Ejb3Column{table=org.hibernate.mapping.Table(trips), mappingColumn=destinationSet, insertable=true, updatable=true, unique=false}
[DEBUG] 2021-09-28 20:24:36.497 [main] Ejb3Column - Binding column: Ejb3Column{table=org.hibernate.mapping.Table(trips), mappingColumn=null, insertable=true, updatable=true, unique=false}
[DEBUG] 2021-09-28 20:24:36.504 [main] Ejb3Column - Binding column: Ejb3Column{table=org.hibernate.mapping.Table(trips), mappingColumn=element, insertable=true, updatable=true, unique=false}
[DEBUG] 2021-09-28 20:24:36.505 [main] Ejb3Column - Binding column: Ejb3Column{table=org.hibernate.mapping.Table(trips), mappingColumn=destinationSet_KEY, insertable=true, updatable=true, unique=false}
[DEBUG] 2021-09-28 20:24:36.505 [main] Ejb3Column - Binding column: Ejb3JoinColumn{logicalColumnName='destinationSet_KEY', referencedColumn='null', mappedBy='null'}
[DEBUG] 2021-09-28 20:24:36.507 [main] Ejb3Column - Binding column: Ejb3JoinColumn{logicalColumnName='null', referencedColumn='null', mappedBy='trip'}
[DEBUG] 2021-09-28 20:24:36.507 [main] Ejb3Column - Binding column: Ejb3JoinColumn{logicalColumnName='null', referencedColumn='null', mappedBy='trip'}
[DEBUG] 2021-09-28 20:24:36.507 [main] CollectionBinder - Collection role: com.jilleliceiri.mptr.entity.Trip.destinationSet
[DEBUG] 2021-09-28 20:24:36.509 [main] PropertyBinder - Building property destinationSet
[DEBUG] 2021-09-28 20:24:36.509 [main] Ejb3Column - Binding column: Ejb3Column{table=org.hibernate.mapping.Table(trips), mappingColumn=trip_name, insertable=true, updatable=true, unique=false}
[DEBUG] 2021-09-28 20:24:36.509 [main] PropertyBinder - MetadataSourceProcessor property name with lazy=false
[DEBUG] 2021-09-28 20:24:36.509 [main] AbstractPropertyHolder - Attempting to locate auto-apply AttributeConverter for property [com.jilleliceiri.mptr.entity.Trip:name]
[DEBUG] 2021-09-28 20:24:36.509 [main] SimpleValueBinder - building SimpleValue for name
[DEBUG] 2021-09-28 20:24:36.509 [main] PropertyBinder - Building property name
[DEBUG] 2021-09-28 20:24:36.510 [main] AnnotationBinder - Binding entity from annotated class: com.jilleliceiri.mptr.entity.Destination
[DEBUG] 2021-09-28 20:24:36.510 [main] Ejb3Column - Binding column: Ejb3DiscriminatorColumn{logicalColumnName'DTYPE', discriminatorTypeName='string'}
[DEBUG] 2021-09-28 20:24:36.510 [main] EntityBinder - Import with entity name Destination
[DEBUG] 2021-09-28 20:24:36.510 [main] EntityBinder - Bind entity com.jilleliceiri.mptr.entity.Destination on table destinations
[DEBUG] 2021-09-28 20:24:36.512 [main] Ejb3Column - Binding column: Ejb3Column{table=org.hibernate.mapping.Table(destinations), mappingColumn=id, insertable=true, updatable=true, unique=false}
[DEBUG] 2021-09-28 20:24:36.512 [main] PropertyBinder - MetadataSourceProcessor property id with lazy=false
[DEBUG] 2021-09-28 20:24:36.512 [main] AbstractPropertyHolder - Attempting to locate auto-apply AttributeConverter for property [com.jilleliceiri.mptr.entity.Destination:id]
[DEBUG] 2021-09-28 20:24:36.512 [main] SimpleValueBinder - building SimpleValue for id
[DEBUG] 2021-09-28 20:24:36.512 [main] PropertyBinder - Building property id
[DEBUG] 2021-09-28 20:24:36.512 [main] BinderHelper - #makeIdGenerator(org.hibernate.mapping.SimpleValue([org.hibernate.mapping.Column(id)]), id, org.hibernate.id.enhanced.SequenceStyleGenerator, native, ...)
[DEBUG] 2021-09-28 20:24:36.513 [main] Ejb3Column - Binding column: Ejb3Column{table=org.hibernate.mapping.Table(destinations), mappingColumn=city, insertable=true, updatable=true, unique=false}
[DEBUG] 2021-09-28 20:24:36.513 [main] PropertyBinder - MetadataSourceProcessor property city with lazy=false
[DEBUG] 2021-09-28 20:24:36.513 [main] AbstractPropertyHolder - Attempting to locate auto-apply AttributeConverter for property [com.jilleliceiri.mptr.entity.Destination:city]
[DEBUG] 2021-09-28 20:24:36.513 [main] SimpleValueBinder - building SimpleValue for city
[DEBUG] 2021-09-28 20:24:36.513 [main] PropertyBinder - Building property city
[DEBUG] 2021-09-28 20:24:36.513 [main] Ejb3Column - Binding column: Ejb3JoinColumn{logicalColumnName='null', referencedColumn='null', mappedBy='null'}
[DEBUG] 2021-09-28 20:24:36.513 [main] Ejb3Column - Binding column: Ejb3Column{table=org.hibernate.mapping.Table(destinations), mappingColumn=trip, insertable=true, updatable=true, unique=false}
[DEBUG] 2021-09-28 20:24:36.514 [main] PropertyBinder - Building property trip
[DEBUG] 2021-09-28 20:24:36.515 [main] SimpleValueBinder - Starting fillSimpleValue for id
[DEBUG] 2021-09-28 20:24:36.515 [main] SimpleValueBinder - Starting fillSimpleValue for name
[DEBUG] 2021-09-28 20:24:36.515 [main] SimpleValueBinder - Starting fillSimpleValue for id
[DEBUG] 2021-09-28 20:24:36.515 [main] SimpleValueBinder - Starting fillSimpleValue for city
[DEBUG] 2021-09-28 20:24:36.518 [main] PrimaryKey - Forcing column [id] to be non-null as it is part of the primary key for table [trips]
[DEBUG] 2021-09-28 20:24:36.518 [main] PrimaryKey - Forcing column [id] to be non-null as it is part of the primary key for table [destinations]
[DEBUG] 2021-09-28 20:24:36.518 [main] CollectionSecondPass - Second pass for collection: com.jilleliceiri.mptr.entity.Trip.destinationSet
[DEBUG] 2021-09-28 20:24:36.519 [main] CollectionBinder - Binding a OneToMany: com.jilleliceiri.mptr.entity.Trip.destinationSet through a foreign key
[DEBUG] 2021-09-28 20:24:36.519 [main] CollectionBinder - Mapping collection: com.jilleliceiri.mptr.entity.Trip.destinationSet -> destinations
[DEBUG] 2021-09-28 20:24:36.520 [main] TableBinder - Retrieving property com.jilleliceiri.mptr.entity.Destination.trip
[DEBUG] 2021-09-28 20:24:36.520 [main] CollectionSecondPass - Mapped collection key: trip_id, one-to-many: com.jilleliceiri.mptr.entity.Destination
[DEBUG] 2021-09-28 20:24:36.520 [main] InFlightMetadataCollectorImpl - Resolving reference to class: com.jilleliceiri.mptr.entity.Trip
[DEBUG] 2021-09-28 20:24:36.522 [main] InFlightMetadataCollectorImpl - Resolving reference to class: com.jilleliceiri.mptr.entity.Trip
[DEBUG] 2021-09-28 20:24:36.543 [main] SessionFactoryImpl - Building session factory
[DEBUG] 2021-09-28 20:24:36.544 [main] Settings - SessionFactory name : null
[DEBUG] 2021-09-28 20:24:36.544 [main] Settings - Automatic flush during beforeCompletion(): enabled
[DEBUG] 2021-09-28 20:24:36.544 [main] Settings - Automatic session close at end of transaction: disabled
[DEBUG] 2021-09-28 20:24:36.544 [main] Settings - Statistics: disabled
[DEBUG] 2021-09-28 20:24:36.544 [main] Settings - Deleted entity synthetic identifier rollback: disabled
[DEBUG] 2021-09-28 20:24:36.544 [main] Settings - Default entity-mode: pojo
[DEBUG] 2021-09-28 20:24:36.544 [main] Settings - Check Nullability in Core (should be disabled when Bean Validation is on): enabled
[DEBUG] 2021-09-28 20:24:36.544 [main] Settings - Allow initialization of lazy state outside session : disabled
[DEBUG] 2021-09-28 20:24:36.544 [main] Settings - Using BatchFetchStyle : LEGACY
[DEBUG] 2021-09-28 20:24:36.544 [main] Settings - Default batch fetch size: -1
[DEBUG] 2021-09-28 20:24:36.544 [main] Settings - Maximum outer join fetch depth: 2
[DEBUG] 2021-09-28 20:24:36.544 [main] Settings - Default null ordering: NONE
[DEBUG] 2021-09-28 20:24:36.544 [main] Settings - Order SQL updates by primary key: disabled
[DEBUG] 2021-09-28 20:24:36.544 [main] Settings - Order SQL inserts for batching: disabled
[DEBUG] 2021-09-28 20:24:36.544 [main] Settings - multi-tenancy strategy : NONE
[DEBUG] 2021-09-28 20:24:36.545 [main] Settings - JTA Track by Thread: enabled
[DEBUG] 2021-09-28 20:24:36.545 [main] Settings - Query language substitutions: {}
[DEBUG] 2021-09-28 20:24:36.545 [main] Settings - Named query checking : enabled
[DEBUG] 2021-09-28 20:24:36.545 [main] Settings - Second-level cache: disabled
[DEBUG] 2021-09-28 20:24:36.545 [main] Settings - Second-level query cache: disabled
[DEBUG] 2021-09-28 20:24:36.545 [main] Settings - Second-level query cache factory: null
[DEBUG] 2021-09-28 20:24:36.545 [main] Settings - Second-level cache region prefix: null
[DEBUG] 2021-09-28 20:24:36.545 [main] Settings - Optimize second-level cache for minimal puts: disabled
[DEBUG] 2021-09-28 20:24:36.545 [main] Settings - Structured second-level cache entries: disabled
[DEBUG] 2021-09-28 20:24:36.545 [main] Settings - Second-level cache direct-reference entries: disabled
[DEBUG] 2021-09-28 20:24:36.545 [main] Settings - Automatic eviction of collection cache: disabled
[DEBUG] 2021-09-28 20:24:36.545 [main] Settings - JDBC batch size: 15
[DEBUG] 2021-09-28 20:24:36.545 [main] Settings - JDBC batch updates for versioned data: enabled
[DEBUG] 2021-09-28 20:24:36.545 [main] Settings - Scrollable result sets: enabled
[DEBUG] 2021-09-28 20:24:36.545 [main] Settings - Wrap result sets: disabled
[DEBUG] 2021-09-28 20:24:36.545 [main] Settings - JDBC3 getGeneratedKeys(): enabled
[DEBUG] 2021-09-28 20:24:36.545 [main] Settings - JDBC result set fetch size: null
[DEBUG] 2021-09-28 20:24:36.545 [main] Settings - Connection release mode: AFTER_TRANSACTION
[DEBUG] 2021-09-28 20:24:36.545 [main] Settings - Generate SQL with comments: disabled
[DEBUG] 2021-09-28 20:24:36.545 [main] Settings - JPA compliance - query : 
[DEBUG] 2021-09-28 20:24:36.545 [main] Settings - JPA compliance - closed-handling : 
[DEBUG] 2021-09-28 20:24:36.545 [main] Settings - JPA compliance - lists : 
[DEBUG] 2021-09-28 20:24:36.545 [main] Settings - JPA compliance - transactions : 
[INFO ] 2021-09-28 20:24:36.576 [main] beans - HHH10005002: No explicit CDI BeanManager reference was passed to Hibernate, but CDI is available on the Hibernate ClassLoader.
[DEBUG] 2021-09-28 20:24:36.588 [main] SessionFactoryImpl - Session factory constructed with filter configurations : {}
[DEBUG] 2021-09-28 20:24:36.588 [main] SessionFactoryImpl - Instantiating session factory with properties: {gopherProxySet=false, awt.toolkit=sun.lwawt.macosx.LWCToolkit, java.specification.version=11, sun.cpu.isalist=, hibernate.c3p0.idle_test_period=3000, sun.jnu.encoding=UTF-8, hibernate.c3p0.min_size=5, java.class.path=/Applications/IntelliJ IDEA.app/Contents/lib/idea_rt.jar:/Applications/IntelliJ IDEA.app/Contents/plugins/junit/lib/junit5-rt.jar:/Applications/IntelliJ IDEA.app/Contents/plugins/junit/lib/junit-rt.jar:/Users/jk/IdeaProjects/MyPlacesTracker/target/test-classes:/Users/jk/IdeaProjects/MyPlacesTracker/target/classes:/Users/jk/.m2/repository/org/hibernate/hibernate-core/5.4.4.Final/hibernate-core-5.4.4.Final.jar:/Users/jk/.m2/repository/org/jboss/logging/jboss-logging/3.3.2.Final/jboss-logging-3.3.2.Final.jar:/Users/jk/.m2/repository/javax/persistence/javax.persistence-api/2.2/javax.persistence-api-2.2.jar:/Users/jk/.m2/repository/org/javassist/javassist/3.24.0-GA/javassist-3.24.0-GA.jar:/Users/jk/.m2/repository/net/bytebuddy/byte-buddy/1.9.11/byte-buddy-1.9.11.jar:/Users/jk/.m2/repository/antlr/antlr/2.7.7/antlr-2.7.7.jar:/Users/jk/.m2/repository/org/jboss/spec/javax/transaction/jboss-transaction-api_1.2_spec/1.1.1.Final/jboss-transaction-api_1.2_spec-1.1.1.Final.jar:/Users/jk/.m2/repository/org/jboss/jandex/2.0.5.Final/jandex-2.0.5.Final.jar:/Users/jk/.m2/repository/com/fasterxml/classmate/1.3.4/classmate-1.3.4.jar:/Users/jk/.m2/repository/javax/activation/javax.activation-api/1.2.0/javax.activation-api-1.2.0.jar:/Users/jk/.m2/repository/org/dom4j/dom4j/2.1.1/dom4j-2.1.1.jar:/Users/jk/.m2/repository/org/hibernate/common/hibernate-commons-annotations/5.1.0.Final/hibernate-commons-annotations-5.1.0.Final.jar:/Users/jk/.m2/repository/javax/xml/bind/jaxb-api/2.3.1/jaxb-api-2.3.1.jar:/Users/jk/.m2/repository/org/glassfish/jaxb/jaxb-runtime/2.3.1/jaxb-runtime-2.3.1.jar:/Users/jk/.m2/repository/org/glassfish/jaxb/txw2/2.3.1/txw2-2.3.1.jar:/Users/jk/.m2/repository/com/sun/istack/istack-commons-runtime/3.0.7/istack-commons-runtime-3.0.7.jar:/Users/jk/.m2/repository/org/jvnet/staxex/stax-ex/1.8/stax-ex-1.8.jar:/Users/jk/.m2/repository/com/sun/xml/fastinfoset/FastInfoset/1.2.15/FastInfoset-1.2.15.jar:/Users/jk/.m2/repository/org/hibernate/hibernate-c3p0/5.4.4.Final/hibernate-c3p0-5.4.4.Final.jar:/Users/jk/.m2/repository/com/mchange/c3p0/0.9.5.3/c3p0-0.9.5.3.jar:/Users/jk/.m2/repository/com/mchange/mchange-commons-java/0.2.15/mchange-commons-java-0.2.15.jar:/Users/jk/.m2/repository/org/junit/platform/junit-platform-runner/1.0.0/junit-platform-runner-1.0.0.jar:/Users/jk/.m2/repository/org/apiguardian/apiguardian-api/1.0.0/apiguardian-api-1.0.0.jar:/Users/jk/.m2/repository/org/junit/platform/junit-platform-launcher/1.0.0/junit-platform-launcher-1.0.0.jar:/Users/jk/.m2/repository/org/junit/platform/junit-platform-suite-api/1.0.0/junit-platform-suite-api-1.0.0.jar:/Users/jk/.m2/repository/org/junit/platform/junit-platform-commons/1.0.0/junit-platform-commons-1.0.0.jar:/Users/jk/.m2/repository/org/junit/vintage/junit-vintage-engine/4.12.0/junit-vintage-engine-4.12.0.jar:/Users/jk/.m2/repository/org/junit/platform/junit-platform-engine/1.0.0/junit-platform-engine-1.0.0.jar:/Users/jk/.m2/repository/org/opentest4j/opentest4j/1.0.0/opentest4j-1.0.0.jar:/Users/jk/.m2/repository/org/junit/jupiter/junit-jupiter-engine/5.0.0/junit-jupiter-engine-5.0.0.jar:/Users/jk/.m2/repository/org/junit/jupiter/junit-jupiter-api/5.0.0/junit-jupiter-api-5.0.0.jar:/Users/jk/.m2/repository/junit/junit/4.12/junit-4.12.jar:/Users/jk/.m2/repository/org/hamcrest/hamcrest-core/1.3/hamcrest-core-1.3.jar:/Users/jk/.m2/repository/javax/javaee-web-api/7.0/javaee-web-api-7.0.jar:/Users/jk/.m2/repository/mysql/mysql-connector-java/8.0.16/mysql-connector-java-8.0.16.jar:/Users/jk/.m2/repository/com/google/protobuf/protobuf-java/3.6.1/protobuf-java-3.6.1.jar:/Users/jk/.m2/repository/jstl/jstl/1.2/jstl-1.2.jar:/Users/jk/.m2/repository/org/apache/logging/log4j/log4j-api/2.10.0/log4j-api-2.10.0.jar:/Users/jk/.m2/repository/org/apache/logging/log4j/log4j-core/2.10.0/log4j-core-2.10.0.jar:/Users/jk/.m2/repository/org/jsoup/jsoup/1.13.1/jsoup-1.13.1.jar, java.vm.vendor=Oracle Corporation, sun.arch.data.model=64, idea.test.cyclic.buffer.size=1048576, coverage.ignore.private.constructor.util.class=true, java.vendor.url=https://openjdk.java.net/, user.timezone=America/Chicago, os.name=Mac OS X, java.vm.specification.version=11, sun.java.launcher=SUN_STANDARD, user.country=US, sun.boot.library.path=/Library/Java/JavaVirtualMachines/jdk-11.0.12.jdk/Contents/Home/lib, sun.java.command=com.intellij.rt.junit.JUnitStarter -ideVersion5 -junit5 com.jilleliceiri.mptr.persistence.TripDaoTest, http.nonProxyHosts=local|*.local|169.254/16|*.169.254/16, jdk.debug=release, sun.cpu.endian=little, user.home=/Users/jk, hibernate.c3p0.max_statements=50, user.language=en, java.specification.vendor=Oracle Corporation, java.version.date=2021-07-20, java.home=/Library/Java/JavaVirtualMachines/jdk-11.0.12.jdk/Contents/Home, file.separator=/, java.vm.compressedOopsMode=Zero based, line.separator=
, hibernate.c3p0.timeout=300, java.specification.name=Java Platform API Specification, java.vm.specification.vendor=Oracle Corporation, idea.new.sampling.coverage=true, java.awt.graphicsenv=sun.awt.CGraphicsEnvironment, connection.password=Java2021!, sun.management.compiler=HotSpot 64-Bit Tiered Compilers, ftp.nonProxyHosts=local|*.local|169.254/16|*.169.254/16, hibernate.c3p0.max_size=20, java.runtime.version=11.0.12+8-LTS-237, user.name=jk, path.separator=:, hibernate.connection.username=****, os.version=11.5, java.runtime.name=Java(TM) SE Runtime Environment, hibernate.connection.url=jdbc:mysql://localhost:3306/test_my_places_tracker, file.encoding=UTF-8, java.vm.name=Java HotSpot(TM) 64-Bit Server VM, java.vendor.version=18.9, hibernate.connection.driver_class=com.mysql.cj.jdbc.Driver, java.vendor.url.bug=https://bugreport.java.com/bugreport/, java.io.tmpdir=/var/folders/y_/8stpl2p91kg5yxgcjmy0tv200000gn/T/, java.version=11.0.12, user.dir=/Users/jk/IdeaProjects/MyPlacesTracker, os.arch=x86_64, connection.username=root, java.vm.specification.name=Java Virtual Machine Specification, java.awt.printerjob=sun.lwawt.macosx.CPrinterJob, hibernate.connection.password=****, sun.os.patch.level=unknown, connection.driver_class=com.mysql.cj.jdbc.Driver, hibernate.boot.CfgXmlAccessService.key=org.hibernate.boot.cfgxml.spi.LoadedConfig@72bdd7c7, java.library.path=/Users/jk/Library/Java/Extensions:/Library/Java/Extensions:/Network/Library/Java/Extensions:/System/Library/Java/Extensions:/usr/lib/java:., java.vendor=Oracle Corporation, java.vm.info=mixed mode, java.vm.version=11.0.12+8-LTS-237, hibernate.bytecode.use_reflection_optimizer=false, sun.io.unicode.encoding=UnicodeBig, connection.url=jdbc:mysql://localhost:3306/test_my_places_tracker, socksNonProxyHosts=local|*.local|169.254/16|*.169.254/16, java.class.version=55.0}
[DEBUG] 2021-09-28 20:24:36.599 [main] TypeSafeActivator - Unable to acquire Bean Validation ValidatorFactory, skipping activation
[DEBUG] 2021-09-28 20:24:36.599 [main] JaccIntegrator - Skipping JACC integration as it was not enabled
[DEBUG] 2021-09-28 20:24:36.600 [main] SessionFactoryImpl - Instantiated session factory
[DEBUG] 2021-09-28 20:24:36.600 [main] TypeConfiguration$Scope - Scoping TypeConfiguration [org.hibernate.type.spi.TypeConfiguration@5679e96b] to SessionFactoryImpl [org.hibernate.internal.SessionFactoryImpl@49469ffa]
[DEBUG] 2021-09-28 20:24:36.633 [main] ClassLoaderAccessImpl - Not known whether passed class name [com.jilleliceiri.mptr.entity.Trip] is safe
[DEBUG] 2021-09-28 20:24:36.633 [main] ClassLoaderAccessImpl - No temp ClassLoader provided; using live ClassLoader for loading potentially unsafe class : com.jilleliceiri.mptr.entity.Trip
[DEBUG] 2021-09-28 20:24:36.644 [main] ClassLoaderAccessImpl - Not known whether passed class name [com.jilleliceiri.mptr.entity.Trip] is safe
[DEBUG] 2021-09-28 20:24:36.644 [main] ClassLoaderAccessImpl - No temp ClassLoader provided; using live ClassLoader for loading potentially unsafe class : com.jilleliceiri.mptr.entity.Trip
[DEBUG] 2021-09-28 20:24:36.784 [main] ClassLoaderAccessImpl - Not known whether passed class name [com.jilleliceiri.mptr.entity.Destination] is safe
[DEBUG] 2021-09-28 20:24:36.784 [main] ClassLoaderAccessImpl - No temp ClassLoader provided; using live ClassLoader for loading potentially unsafe class : com.jilleliceiri.mptr.entity.Destination
[DEBUG] 2021-09-28 20:24:36.784 [main] ClassLoaderAccessImpl - Not known whether passed class name [com.jilleliceiri.mptr.entity.Destination] is safe
[DEBUG] 2021-09-28 20:24:36.784 [main] ClassLoaderAccessImpl - No temp ClassLoader provided; using live ClassLoader for loading potentially unsafe class : com.jilleliceiri.mptr.entity.Destination
[DEBUG] 2021-09-28 20:24:36.799 [main] AbstractCollectionPersister - Static SQL for collection: com.jilleliceiri.mptr.entity.Trip.destinationSet
[DEBUG] 2021-09-28 20:24:36.799 [main] AbstractCollectionPersister -  Row insert: update destinations set trip_id=? where id=?
[DEBUG] 2021-09-28 20:24:36.799 [main] AbstractCollectionPersister -  Row update: update destinations set  where id=?
[DEBUG] 2021-09-28 20:24:36.799 [main] AbstractCollectionPersister -  Row delete: update destinations set trip_id=null where trip_id=? and id=?
[DEBUG] 2021-09-28 20:24:36.799 [main] AbstractCollectionPersister -  One-shot delete: update destinations set trip_id=null where trip_id=?
[DEBUG] 2021-09-28 20:24:36.801 [main] AbstractEntityPersister - Static SQL for entity: com.jilleliceiri.mptr.entity.Trip
[DEBUG] 2021-09-28 20:24:36.801 [main] AbstractEntityPersister -  Version select: select id from trips where id =?
[DEBUG] 2021-09-28 20:24:36.801 [main] AbstractEntityPersister -  Snapshot select: select trip_.id, trip_.trip_name as trip_nam2_1_ from trips trip_ where trip_.id=?
[DEBUG] 2021-09-28 20:24:36.802 [main] AbstractEntityPersister -  Insert 0: insert into trips (trip_name, id) values (?, ?)
[DEBUG] 2021-09-28 20:24:36.802 [main] AbstractEntityPersister -  Update 0: update trips set trip_name=? where id=?
[DEBUG] 2021-09-28 20:24:36.802 [main] AbstractEntityPersister -  Delete 0: delete from trips where id=?
[DEBUG] 2021-09-28 20:24:36.802 [main] AbstractEntityPersister -  Identity insert: insert into trips (trip_name) values (?)
[DEBUG] 2021-09-28 20:24:36.815 [main] QuerySpacesImpl - Adding QuerySpace : uid = <gen:0> -> org.hibernate.loader.plan.build.internal.spaces.EntityQuerySpaceImpl@61608e1a]
[DEBUG] 2021-09-28 20:24:36.815 [main] MetamodelGraphWalker - Visiting attribute path : destinationSet
[DEBUG] 2021-09-28 20:24:36.818 [main] QuerySpacesImpl - Adding QuerySpace : uid = <gen:1> -> org.hibernate.loader.plan.build.internal.spaces.CollectionQuerySpaceImpl@1ef31f71]
[DEBUG] 2021-09-28 20:24:36.819 [main] QuerySpacesImpl - Adding QuerySpace : uid = <gen:2> -> org.hibernate.loader.plan.build.internal.spaces.EntityQuerySpaceImpl@528c8c1]
[DEBUG] 2021-09-28 20:24:36.820 [main] MetamodelGraphWalker - Visiting attribute path : destinationSet.city
[DEBUG] 2021-09-28 20:24:36.820 [main] MetamodelGraphWalker - Visiting attribute path : destinationSet.trip
[DEBUG] 2021-09-28 20:24:36.820 [main] MetamodelGraphWalker - Property path deemed to be circular : destinationSet.trip
[DEBUG] 2021-09-28 20:24:36.820 [main] MetamodelGraphWalker - Visiting attribute path : name
[DEBUG] 2021-09-28 20:24:36.820 [main] FetchStyleLoadPlanBuildingAssociationVisitationStrategy - Building LoadPlan...
[DEBUG] 2021-09-28 20:24:36.828 [main] LoadQueryJoinAndFetchProcessor - processing queryspace <gen:0>
[DEBUG] 2021-09-28 20:24:36.832 [main] LoadPlanTreePrinter - LoadPlan(entity=com.jilleliceiri.mptr.entity.Trip)
    - Returns
       - EntityReturnImpl(entity=com.jilleliceiri.mptr.entity.Trip, querySpaceUid=<gen:0>, path=com.jilleliceiri.mptr.entity.Trip)
          - CollectionAttributeFetchImpl(collection=com.jilleliceiri.mptr.entity.Trip.destinationSet, querySpaceUid=<gen:1>, path=com.jilleliceiri.mptr.entity.Trip.destinationSet)
             - (collection element) CollectionFetchableElementEntityGraph(entity=com.jilleliceiri.mptr.entity.Destination, querySpaceUid=<gen:2>, path=com.jilleliceiri.mptr.entity.Trip.destinationSet.<elements>)
    - QuerySpaces
       - EntityQuerySpaceImpl(uid=<gen:0>, entity=com.jilleliceiri.mptr.entity.Trip)
          - SQL table alias mapping - trip0_
          - alias suffix - 0_
          - suffixed key columns - {id1_1_0_}
          - JOIN (JoinDefinedByMetadata(destinationSet)) : <gen:0> -> <gen:1>
             - CollectionQuerySpaceImpl(uid=<gen:1>, collection=com.jilleliceiri.mptr.entity.Trip.destinationSet)
                - SQL table alias mapping - destinatio1_
                - alias suffix - 1_
                - suffixed key columns - {trip_id3_0_1_}
                - entity-element alias suffix - 2_
                - 2_entity-element suffixed key columns - id1_0_2_
                - JOIN (JoinDefinedByMetadata(elements)) : <gen:1> -> <gen:2>
                   - EntityQuerySpaceImpl(uid=<gen:2>, entity=com.jilleliceiri.mptr.entity.Destination)
                      - SQL table alias mapping - destinatio1_
                      - alias suffix - 2_
                      - suffixed key columns - {id1_0_2_}

[DEBUG] 2021-09-28 20:24:36.834 [main] EntityLoader - Static select for entity com.jilleliceiri.mptr.entity.Trip [NONE]: select trip0_.id as id1_1_0_, trip0_.trip_name as trip_nam2_1_0_, destinatio1_.trip_id as trip_id3_0_1_, destinatio1_.id as id1_0_1_, destinatio1_.id as id1_0_2_, destinatio1_.city as city2_0_2_, destinatio1_.trip_id as trip_id3_0_2_ from trips trip0_ left outer join destinations destinatio1_ on trip0_.id=destinatio1_.trip_id where trip0_.id=?
[DEBUG] 2021-09-28 20:24:36.834 [main] QuerySpacesImpl - Adding QuerySpace : uid = <gen:0> -> org.hibernate.loader.plan.build.internal.spaces.EntityQuerySpaceImpl@11b5f4e2]
[DEBUG] 2021-09-28 20:24:36.834 [main] MetamodelGraphWalker - Visiting attribute path : destinationSet
[DEBUG] 2021-09-28 20:24:36.834 [main] QuerySpacesImpl - Adding QuerySpace : uid = <gen:1> -> org.hibernate.loader.plan.build.internal.spaces.CollectionQuerySpaceImpl@5aa781f2]
[DEBUG] 2021-09-28 20:24:36.834 [main] QuerySpacesImpl - Adding QuerySpace : uid = <gen:2> -> org.hibernate.loader.plan.build.internal.spaces.EntityQuerySpaceImpl@58feb6b0]
[DEBUG] 2021-09-28 20:24:36.835 [main] MetamodelGraphWalker - Visiting attribute path : destinationSet.city
[DEBUG] 2021-09-28 20:24:36.835 [main] MetamodelGraphWalker - Visiting attribute path : destinationSet.trip
[DEBUG] 2021-09-28 20:24:36.835 [main] MetamodelGraphWalker - Property path deemed to be circular : destinationSet.trip
[DEBUG] 2021-09-28 20:24:36.835 [main] MetamodelGraphWalker - Visiting attribute path : name
[DEBUG] 2021-09-28 20:24:36.835 [main] FetchStyleLoadPlanBuildingAssociationVisitationStrategy - Building LoadPlan...
[DEBUG] 2021-09-28 20:24:36.835 [main] LoadQueryJoinAndFetchProcessor - processing queryspace <gen:0>
[DEBUG] 2021-09-28 20:24:36.835 [main] LoadPlanTreePrinter - LoadPlan(entity=com.jilleliceiri.mptr.entity.Trip)
    - Returns
       - EntityReturnImpl(entity=com.jilleliceiri.mptr.entity.Trip, querySpaceUid=<gen:0>, path=com.jilleliceiri.mptr.entity.Trip)
          - CollectionAttributeFetchImpl(collection=com.jilleliceiri.mptr.entity.Trip.destinationSet, querySpaceUid=<gen:1>, path=com.jilleliceiri.mptr.entity.Trip.destinationSet)
             - (collection element) CollectionFetchableElementEntityGraph(entity=com.jilleliceiri.mptr.entity.Destination, querySpaceUid=<gen:2>, path=com.jilleliceiri.mptr.entity.Trip.destinationSet.<elements>)
    - QuerySpaces
       - EntityQuerySpaceImpl(uid=<gen:0>, entity=com.jilleliceiri.mptr.entity.Trip)
          - SQL table alias mapping - trip0_
          - alias suffix - 0_
          - suffixed key columns - {id1_1_0_}
          - JOIN (JoinDefinedByMetadata(destinationSet)) : <gen:0> -> <gen:1>
             - CollectionQuerySpaceImpl(uid=<gen:1>, collection=com.jilleliceiri.mptr.entity.Trip.destinationSet)
                - SQL table alias mapping - destinatio1_
                - alias suffix - 1_
                - suffixed key columns - {trip_id3_0_1_}
                - entity-element alias suffix - 2_
                - 2_entity-element suffixed key columns - id1_0_2_
                - JOIN (JoinDefinedByMetadata(elements)) : <gen:1> -> <gen:2>
                   - EntityQuerySpaceImpl(uid=<gen:2>, entity=com.jilleliceiri.mptr.entity.Destination)
                      - SQL table alias mapping - destinatio1_
                      - alias suffix - 2_
                      - suffixed key columns - {id1_0_2_}

[DEBUG] 2021-09-28 20:24:36.836 [main] EntityLoader - Static select for entity com.jilleliceiri.mptr.entity.Trip [READ]: select trip0_.id as id1_1_0_, trip0_.trip_name as trip_nam2_1_0_, destinatio1_.trip_id as trip_id3_0_1_, destinatio1_.id as id1_0_1_, destinatio1_.id as id1_0_2_, destinatio1_.city as city2_0_2_, destinatio1_.trip_id as trip_id3_0_2_ from trips trip0_ left outer join destinations destinatio1_ on trip0_.id=destinatio1_.trip_id where trip0_.id=?
[DEBUG] 2021-09-28 20:24:36.844 [main] Loader - Static select for action ACTION_MERGE on entity com.jilleliceiri.mptr.entity.Trip: select trip0_.id as id1_1_1_, trip0_.trip_name as trip_nam2_1_1_, destinatio1_.trip_id as trip_id3_0_3_, destinatio1_.id as id1_0_3_, destinatio1_.id as id1_0_0_, destinatio1_.city as city2_0_0_, destinatio1_.trip_id as trip_id3_0_0_ from trips trip0_ left outer join destinations destinatio1_ on trip0_.id=destinatio1_.trip_id where trip0_.id=?
[DEBUG] 2021-09-28 20:24:36.844 [main] Loader - Static select for action ACTION_REFRESH on entity com.jilleliceiri.mptr.entity.Trip: select trip0_.id as id1_1_1_, trip0_.trip_name as trip_nam2_1_1_, destinatio1_.trip_id as trip_id3_0_3_, destinatio1_.id as id1_0_3_, destinatio1_.id as id1_0_0_, destinatio1_.city as city2_0_0_, destinatio1_.trip_id as trip_id3_0_0_ from trips trip0_ left outer join destinations destinatio1_ on trip0_.id=destinatio1_.trip_id where trip0_.id=?
[DEBUG] 2021-09-28 20:24:36.844 [main] AbstractEntityPersister - Static SQL for entity: com.jilleliceiri.mptr.entity.Destination
[DEBUG] 2021-09-28 20:24:36.844 [main] AbstractEntityPersister -  Version select: select id from destinations where id =?
[DEBUG] 2021-09-28 20:24:36.844 [main] AbstractEntityPersister -  Snapshot select: select destinatio_.id, destinatio_.city as city2_0_, destinatio_.trip_id as trip_id3_0_ from destinations destinatio_ where destinatio_.id=?
[DEBUG] 2021-09-28 20:24:36.844 [main] AbstractEntityPersister -  Insert 0: insert into destinations (city, trip_id, id) values (?, ?, ?)
[DEBUG] 2021-09-28 20:24:36.844 [main] AbstractEntityPersister -  Update 0: update destinations set city=?, trip_id=? where id=?
[DEBUG] 2021-09-28 20:24:36.844 [main] AbstractEntityPersister -  Delete 0: delete from destinations where id=?
[DEBUG] 2021-09-28 20:24:36.844 [main] AbstractEntityPersister -  Identity insert: insert into destinations (city, trip_id) values (?, ?)
[DEBUG] 2021-09-28 20:24:36.844 [main] QuerySpacesImpl - Adding QuerySpace : uid = <gen:0> -> org.hibernate.loader.plan.build.internal.spaces.EntityQuerySpaceImpl@6db328f8]
[DEBUG] 2021-09-28 20:24:36.844 [main] MetamodelGraphWalker - Visiting attribute path : city
[DEBUG] 2021-09-28 20:24:36.844 [main] MetamodelGraphWalker - Visiting attribute path : trip
[DEBUG] 2021-09-28 20:24:36.844 [main] QuerySpacesImpl - Adding QuerySpace : uid = <gen:1> -> org.hibernate.loader.plan.build.internal.spaces.EntityQuerySpaceImpl@61b65d54]
[DEBUG] 2021-09-28 20:24:36.845 [main] MetamodelGraphWalker - Visiting attribute path : trip.destinationSet
[DEBUG] 2021-09-28 20:24:36.845 [main] MetamodelGraphWalker - Property path deemed to be circular : trip.destinationSet
[DEBUG] 2021-09-28 20:24:36.845 [main] MetamodelGraphWalker - Visiting attribute path : trip.name
[DEBUG] 2021-09-28 20:24:36.845 [main] FetchStyleLoadPlanBuildingAssociationVisitationStrategy - Building LoadPlan...
[DEBUG] 2021-09-28 20:24:36.845 [main] LoadQueryJoinAndFetchProcessor - processing queryspace <gen:0>
[DEBUG] 2021-09-28 20:24:36.845 [main] LoadPlanTreePrinter - LoadPlan(entity=com.jilleliceiri.mptr.entity.Destination)
    - Returns
       - EntityReturnImpl(entity=com.jilleliceiri.mptr.entity.Destination, querySpaceUid=<gen:0>, path=com.jilleliceiri.mptr.entity.Destination)
          - EntityAttributeFetchImpl(entity=com.jilleliceiri.mptr.entity.Trip, querySpaceUid=<gen:1>, path=com.jilleliceiri.mptr.entity.Destination.trip)
    - QuerySpaces
       - EntityQuerySpaceImpl(uid=<gen:0>, entity=com.jilleliceiri.mptr.entity.Destination)
          - SQL table alias mapping - destinatio0_
          - alias suffix - 0_
          - suffixed key columns - {id1_0_0_}
          - JOIN (JoinDefinedByMetadata(trip)) : <gen:0> -> <gen:1>
             - EntityQuerySpaceImpl(uid=<gen:1>, entity=com.jilleliceiri.mptr.entity.Trip)
                - SQL table alias mapping - trip1_
                - alias suffix - 1_
                - suffixed key columns - {id1_1_1_}

[DEBUG] 2021-09-28 20:24:36.846 [main] EntityLoader - Static select for entity com.jilleliceiri.mptr.entity.Destination [NONE]: select destinatio0_.id as id1_0_0_, destinatio0_.city as city2_0_0_, destinatio0_.trip_id as trip_id3_0_0_, trip1_.id as id1_1_1_, trip1_.trip_name as trip_nam2_1_1_ from destinations destinatio0_ left outer join trips trip1_ on destinatio0_.trip_id=trip1_.id where destinatio0_.id=?
[DEBUG] 2021-09-28 20:24:36.846 [main] QuerySpacesImpl - Adding QuerySpace : uid = <gen:0> -> org.hibernate.loader.plan.build.internal.spaces.EntityQuerySpaceImpl@6403a4a5]
[DEBUG] 2021-09-28 20:24:36.846 [main] MetamodelGraphWalker - Visiting attribute path : city
[DEBUG] 2021-09-28 20:24:36.846 [main] MetamodelGraphWalker - Visiting attribute path : trip
[DEBUG] 2021-09-28 20:24:36.846 [main] QuerySpacesImpl - Adding QuerySpace : uid = <gen:1> -> org.hibernate.loader.plan.build.internal.spaces.EntityQuerySpaceImpl@4a6c0f38]
[DEBUG] 2021-09-28 20:24:36.846 [main] MetamodelGraphWalker - Visiting attribute path : trip.destinationSet
[DEBUG] 2021-09-28 20:24:36.846 [main] MetamodelGraphWalker - Property path deemed to be circular : trip.destinationSet
[DEBUG] 2021-09-28 20:24:36.846 [main] MetamodelGraphWalker - Visiting attribute path : trip.name
[DEBUG] 2021-09-28 20:24:36.846 [main] FetchStyleLoadPlanBuildingAssociationVisitationStrategy - Building LoadPlan...
[DEBUG] 2021-09-28 20:24:36.846 [main] LoadQueryJoinAndFetchProcessor - processing queryspace <gen:0>
[DEBUG] 2021-09-28 20:24:36.846 [main] LoadPlanTreePrinter - LoadPlan(entity=com.jilleliceiri.mptr.entity.Destination)
    - Returns
       - EntityReturnImpl(entity=com.jilleliceiri.mptr.entity.Destination, querySpaceUid=<gen:0>, path=com.jilleliceiri.mptr.entity.Destination)
          - EntityAttributeFetchImpl(entity=com.jilleliceiri.mptr.entity.Trip, querySpaceUid=<gen:1>, path=com.jilleliceiri.mptr.entity.Destination.trip)
    - QuerySpaces
       - EntityQuerySpaceImpl(uid=<gen:0>, entity=com.jilleliceiri.mptr.entity.Destination)
          - SQL table alias mapping - destinatio0_
          - alias suffix - 0_
          - suffixed key columns - {id1_0_0_}
          - JOIN (JoinDefinedByMetadata(trip)) : <gen:0> -> <gen:1>
             - EntityQuerySpaceImpl(uid=<gen:1>, entity=com.jilleliceiri.mptr.entity.Trip)
                - SQL table alias mapping - trip1_
                - alias suffix - 1_
                - suffixed key columns - {id1_1_1_}

[DEBUG] 2021-09-28 20:24:36.846 [main] EntityLoader - Static select for entity com.jilleliceiri.mptr.entity.Destination [READ]: select destinatio0_.id as id1_0_0_, destinatio0_.city as city2_0_0_, destinatio0_.trip_id as trip_id3_0_0_, trip1_.id as id1_1_1_, trip1_.trip_name as trip_nam2_1_1_ from destinations destinatio0_ left outer join trips trip1_ on destinatio0_.trip_id=trip1_.id where destinatio0_.id=?
[DEBUG] 2021-09-28 20:24:36.846 [main] Loader - Static select for action ACTION_MERGE on entity com.jilleliceiri.mptr.entity.Destination: select destinatio0_.id as id1_0_0_, destinatio0_.city as city2_0_0_, destinatio0_.trip_id as trip_id3_0_0_ from destinations destinatio0_ where destinatio0_.id=?
[DEBUG] 2021-09-28 20:24:36.847 [main] Loader - Static select for action ACTION_REFRESH on entity com.jilleliceiri.mptr.entity.Destination: select destinatio0_.id as id1_0_0_, destinatio0_.city as city2_0_0_, destinatio0_.trip_id as trip_id3_0_0_ from destinations destinatio0_ where destinatio0_.id=?
[DEBUG] 2021-09-28 20:24:36.849 [main] QuerySpacesImpl - Adding QuerySpace : uid = <gen:0> -> org.hibernate.loader.plan.build.internal.spaces.CollectionQuerySpaceImpl@49671897]
[DEBUG] 2021-09-28 20:24:36.849 [main] QuerySpacesImpl - Adding QuerySpace : uid = <gen:1> -> org.hibernate.loader.plan.build.internal.spaces.EntityQuerySpaceImpl@168142da]
[DEBUG] 2021-09-28 20:24:36.850 [main] MetamodelGraphWalker - Visiting attribute path : city
[DEBUG] 2021-09-28 20:24:36.850 [main] MetamodelGraphWalker - Visiting attribute path : trip
[DEBUG] 2021-09-28 20:24:36.850 [main] MetamodelGraphWalker - Property path deemed to be circular : trip
[DEBUG] 2021-09-28 20:24:36.850 [main] FetchStyleLoadPlanBuildingAssociationVisitationStrategy - Building LoadPlan...
[DEBUG] 2021-09-28 20:24:36.851 [main] LoadQueryJoinAndFetchProcessor - processing queryspace <gen:0>
[DEBUG] 2021-09-28 20:24:36.851 [main] LoadPlanTreePrinter - LoadPlan(collection=com.jilleliceiri.mptr.entity.Trip.destinationSet)
    - Returns
       - CollectionReturnImpl(collection=com.jilleliceiri.mptr.entity.Trip.destinationSet, querySpaceUid=<gen:0>, path=[com.jilleliceiri.mptr.entity.Trip.destinationSet])
          - (collection element) CollectionFetchableElementEntityGraph(entity=com.jilleliceiri.mptr.entity.Destination, querySpaceUid=<gen:1>, path=[com.jilleliceiri.mptr.entity.Trip.destinationSet].<elements>)
    - QuerySpaces
       - CollectionQuerySpaceImpl(uid=<gen:0>, collection=com.jilleliceiri.mptr.entity.Trip.destinationSet)
          - SQL table alias mapping - destinatio0_
          - alias suffix - 0_
          - suffixed key columns - {trip_id3_0_0_}
          - entity-element alias suffix - 1_
          - 1_entity-element suffixed key columns - id1_0_1_
          - JOIN (JoinDefinedByMetadata(elements)) : <gen:0> -> <gen:1>
             - EntityQuerySpaceImpl(uid=<gen:1>, entity=com.jilleliceiri.mptr.entity.Destination)
                - SQL table alias mapping - destinatio0_
                - alias suffix - 1_
                - suffixed key columns - {id1_0_1_}

[DEBUG] 2021-09-28 20:24:36.852 [main] CollectionLoader - Static select for collection com.jilleliceiri.mptr.entity.Trip.destinationSet: select destinatio0_.trip_id as trip_id3_0_0_, destinatio0_.id as id1_0_0_, destinatio0_.id as id1_0_1_, destinatio0_.city as city2_0_1_, destinatio0_.trip_id as trip_id3_0_1_ from destinations destinatio0_ where destinatio0_.trip_id=?
[DEBUG] 2021-09-28 20:24:36.871 [main] SchemaManagementToolCoordinator - No actions specified; doing nothing
[DEBUG] 2021-09-28 20:24:36.871 [main] JtaPlatformInitiator - No JtaPlatform was specified, checking resolver
[DEBUG] 2021-09-28 20:24:36.872 [main] JtaPlatformResolverInitiator - No JtaPlatformResolver was specified, using default [org.hibernate.engine.transaction.jta.platform.internal.StandardJtaPlatformResolver]
[DEBUG] 2021-09-28 20:24:36.874 [main] StandardJtaPlatformResolver - Could not resolve JtaPlatform, using default [org.hibernate.engine.transaction.jta.platform.internal.NoJtaPlatform]
[INFO ] 2021-09-28 20:24:36.875 [main] JtaPlatformInitiator - HHH000490: Using JtaPlatform implementation: [org.hibernate.engine.transaction.jta.platform.internal.NoJtaPlatform]
[DEBUG] 2021-09-28 20:24:36.875 [main] NamedQueryRepository - Checking 0 named HQL queries
[DEBUG] 2021-09-28 20:24:36.875 [main] NamedQueryRepository - Checking 0 named SQL queries
[DEBUG] 2021-09-28 20:24:36.876 [main] SessionFactoryRegistry - Initializing SessionFactoryRegistry : org.hibernate.internal.SessionFactoryRegistry@69ec93c2
[DEBUG] 2021-09-28 20:24:36.877 [main] SessionFactoryRegistry - Registering SessionFactory: f7c2d6cc-9fc8-478f-8737-9cd4b58e4d40 (<unnamed>)
[DEBUG] 2021-09-28 20:24:36.878 [main] SessionFactoryRegistry - Not binding SessionFactory to JNDI, no JNDI name configured
[DEBUG] 2021-09-28 20:24:36.960 [main] StatisticsInitiator - Statistics initialized [enabled=false]
[DEBUG] 2021-09-28 20:24:36.976 [main] CriteriaQueryImpl - Rendered criteria query -> select generatedAlias0 from Trip as generatedAlias0
[DEBUG] 2021-09-28 20:24:36.987 [main] QueryTranslatorFactoryInitiator - QueryTranslatorFactory: org.hibernate.hql.internal.ast.ASTQueryTranslatorFactory@458031da
[DEBUG] 2021-09-28 20:24:37.003 [main] QueryTranslatorImpl - parse() - HQL: select generatedAlias0 from com.jilleliceiri.mptr.entity.Trip as generatedAlias0
[DEBUG] 2021-09-28 20:24:37.008 [main] ErrorTracker - throwQueryException() : no errors
[DEBUG] 2021-09-28 20:24:37.013 [main] QueryTranslatorImpl - --- HQL AST ---
 \-[QUERY] Node: 'query'
    \-[SELECT_FROM] Node: 'SELECT_FROM'
       +-[FROM] Node: 'from'
       |  \-[RANGE] Node: 'RANGE'
       |     +-[DOT] Node: '.'
       |     |  +-[DOT] Node: '.'
       |     |  |  +-[DOT] Node: '.'
       |     |  |  |  +-[DOT] Node: '.'
       |     |  |  |  |  +-[IDENT] Node: 'com'
       |     |  |  |  |  \-[IDENT] Node: 'jilleliceiri'
       |     |  |  |  \-[IDENT] Node: 'mptr'
       |     |  |  \-[IDENT] Node: 'entity'
       |     |  \-[IDENT] Node: 'Trip'
       |     \-[ALIAS] Node: 'generatedAlias0'
       \-[SELECT] Node: 'select'
          \-[IDENT] Node: 'generatedAlias0'

[DEBUG] 2021-09-28 20:24:37.027 [main] HqlSqlBaseWalker - select << begin [level=1, statement=select]
[DEBUG] 2021-09-28 20:24:37.037 [main] FromElement - FromClause{level=1} : com.jilleliceiri.mptr.entity.Trip (generatedAlias0) -> trip0_
[DEBUG] 2021-09-28 20:24:37.038 [main] FromReferenceNode - Resolved : generatedAlias0 -> trip0_.id
[DEBUG] 2021-09-28 20:24:37.040 [main] HqlSqlBaseWalker - select : finishing up [level=1, statement=select]
[DEBUG] 2021-09-28 20:24:37.040 [main] HqlSqlWalker - processQuery() :  ( SELECT ( {select clause} trip0_.id ) ( FromClause{level=1} trips trip0_ ) )
[DEBUG] 2021-09-28 20:24:37.045 [main] JoinProcessor - Using FROM fragment [trips trip0_]
[DEBUG] 2021-09-28 20:24:37.045 [main] HqlSqlBaseWalker - select >> end [level=1, statement=select]
[DEBUG] 2021-09-28 20:24:37.045 [main] QueryTranslatorImpl - --- SQL AST ---
 \-[SELECT] QueryNode: 'SELECT'  querySpaces (trips)
    +-[SELECT_CLAUSE] SelectClause: '{select clause}'
    |  +-[ALIAS_REF] IdentNode: 'trip0_.id as id1_1_' {alias=generatedAlias0, className=com.jilleliceiri.mptr.entity.Trip, tableAlias=trip0_}
    |  \-[SQL_TOKEN] SqlFragment: 'trip0_.trip_name as trip_nam2_1_'
    \-[FROM] FromClause: 'from' FromClause{level=1, fromElementCounter=1, fromElements=1, fromElementByClassAlias=[generatedAlias0], fromElementByTableAlias=[trip0_], fromElementsByPath=[], collectionJoinFromElementsByPath=[], impliedElements=[]}
       \-[FROM_FRAGMENT] FromElement: 'trips trip0_' FromElement{explicit,not a collection join,not a fetch join,fetch non-lazy properties,classAlias=generatedAlias0,role=null,tableName=trips,tableAlias=trip0_,origin=null,columns={,className=com.jilleliceiri.mptr.entity.Trip}}

[DEBUG] 2021-09-28 20:24:37.045 [main] ErrorTracker - throwQueryException() : no errors
[DEBUG] 2021-09-28 20:24:37.050 [main] QueryTranslatorImpl - HQL: select generatedAlias0 from com.jilleliceiri.mptr.entity.Trip as generatedAlias0
[DEBUG] 2021-09-28 20:24:37.050 [main] QueryTranslatorImpl - SQL: select trip0_.id as id1_1_, trip0_.trip_name as trip_nam2_1_ from trips trip0_
[DEBUG] 2021-09-28 20:24:37.050 [main] ErrorTracker - throwQueryException() : no errors
[DEBUG] 2021-09-28 20:24:37.061 [main] SQL - select trip0_.id as id1_1_, trip0_.trip_name as trip_nam2_1_ from trips trip0_
[DEBUG] 2021-09-28 20:24:37.075 [main] Loader - Result set row: 0
[DEBUG] 2021-09-28 20:24:37.077 [main] Loader - Result row: EntityKey[com.jilleliceiri.mptr.entity.Trip#1]
[DEBUG] 2021-09-28 20:24:37.081 [main] Loader - Result set row: 1
[DEBUG] 2021-09-28 20:24:37.081 [main] Loader - Result row: EntityKey[com.jilleliceiri.mptr.entity.Trip#2]
[DEBUG] 2021-09-28 20:24:37.081 [main] Loader - Result set row: 2
[DEBUG] 2021-09-28 20:24:37.081 [main] Loader - Result row: EntityKey[com.jilleliceiri.mptr.entity.Trip#3]
[DEBUG] 2021-09-28 20:24:37.082 [main] TwoPhaseLoad - Resolving attributes for [com.jilleliceiri.mptr.entity.Trip#1]
[DEBUG] 2021-09-28 20:24:37.082 [main] TwoPhaseLoad - Processing attribute `destinationSet` : value = NOT NULL COLLECTION
[DEBUG] 2021-09-28 20:24:37.083 [main] TwoPhaseLoad - Attribute (`destinationSet`)  - enhanced for lazy-loading? - false
[DEBUG] 2021-09-28 20:24:37.087 [main] TwoPhaseLoad - Processing attribute `name` : value = Fall  Colour Tour
[DEBUG] 2021-09-28 20:24:37.087 [main] TwoPhaseLoad - Attribute (`name`)  - enhanced for lazy-loading? - false
[DEBUG] 2021-09-28 20:24:37.088 [main] TwoPhaseLoad - Done materializing entity [com.jilleliceiri.mptr.entity.Trip#1]
[DEBUG] 2021-09-28 20:24:37.088 [main] TwoPhaseLoad - Resolving attributes for [com.jilleliceiri.mptr.entity.Trip#2]
[DEBUG] 2021-09-28 20:24:37.088 [main] TwoPhaseLoad - Processing attribute `destinationSet` : value = NOT NULL COLLECTION
[DEBUG] 2021-09-28 20:24:37.088 [main] TwoPhaseLoad - Attribute (`destinationSet`)  - enhanced for lazy-loading? - false
[DEBUG] 2021-09-28 20:24:37.088 [main] TwoPhaseLoad - Processing attribute `name` : value = Winter Break
[DEBUG] 2021-09-28 20:24:37.088 [main] TwoPhaseLoad - Attribute (`name`)  - enhanced for lazy-loading? - false
[DEBUG] 2021-09-28 20:24:37.088 [main] TwoPhaseLoad - Done materializing entity [com.jilleliceiri.mptr.entity.Trip#2]
[DEBUG] 2021-09-28 20:24:37.088 [main] TwoPhaseLoad - Resolving attributes for [com.jilleliceiri.mptr.entity.Trip#3]
[DEBUG] 2021-09-28 20:24:37.088 [main] TwoPhaseLoad - Processing attribute `destinationSet` : value = NOT NULL COLLECTION
[DEBUG] 2021-09-28 20:24:37.088 [main] TwoPhaseLoad - Attribute (`destinationSet`)  - enhanced for lazy-loading? - false
[DEBUG] 2021-09-28 20:24:37.088 [main] TwoPhaseLoad - Processing attribute `name` : value = Spring in the South
[DEBUG] 2021-09-28 20:24:37.088 [main] TwoPhaseLoad - Attribute (`name`)  - enhanced for lazy-loading? - false
[DEBUG] 2021-09-28 20:24:37.088 [main] TwoPhaseLoad - Done materializing entity [com.jilleliceiri.mptr.entity.Trip#3]
[DEBUG] 2021-09-28 20:24:37.090 [main] AbstractLoadPlanBasedCollectionInitializer - Loading collection: [com.jilleliceiri.mptr.entity.Trip.destinationSet#3]
[DEBUG] 2021-09-28 20:24:37.090 [main] SQL - select destinatio0_.trip_id as trip_id3_0_0_, destinatio0_.id as id1_0_0_, destinatio0_.id as id1_0_1_, destinatio0_.city as city2_0_1_, destinatio0_.trip_id as trip_id3_0_1_ from destinations destinatio0_ where destinatio0_.trip_id=?
[DEBUG] 2021-09-28 20:24:37.092 [main] ResultSetProcessorImpl - Preparing collection initializer : [com.jilleliceiri.mptr.entity.Trip.destinationSet#3]
[DEBUG] 2021-09-28 20:24:37.095 [main] ResultSetProcessorImpl - Starting ResultSet row #0
[DEBUG] 2021-09-28 20:24:37.096 [main] CollectionReferenceInitializerImpl - Found row of collection: [com.jilleliceiri.mptr.entity.Trip.destinationSet#3]
[DEBUG] 2021-09-28 20:24:37.098 [main] ResultSetProcessorImpl - Starting ResultSet row #1
[DEBUG] 2021-09-28 20:24:37.098 [main] CollectionReferenceInitializerImpl - Found row of collection: [com.jilleliceiri.mptr.entity.Trip.destinationSet#3]
[DEBUG] 2021-09-28 20:24:37.098 [main] TwoPhaseLoad - Resolving attributes for [com.jilleliceiri.mptr.entity.Destination#3]
[DEBUG] 2021-09-28 20:24:37.098 [main] TwoPhaseLoad - Processing attribute `city` : value = Marco Island
[DEBUG] 2021-09-28 20:24:37.099 [main] TwoPhaseLoad - Attribute (`city`)  - enhanced for lazy-loading? - false
[DEBUG] 2021-09-28 20:24:37.099 [main] TwoPhaseLoad - Processing attribute `trip` : value = 3
[DEBUG] 2021-09-28 20:24:37.099 [main] TwoPhaseLoad - Attribute (`trip`)  - enhanced for lazy-loading? - false
[DEBUG] 2021-09-28 20:24:37.099 [main] TwoPhaseLoad - Done materializing entity [com.jilleliceiri.mptr.entity.Destination#3]
[DEBUG] 2021-09-28 20:24:37.099 [main] TwoPhaseLoad - Resolving attributes for [com.jilleliceiri.mptr.entity.Destination#4]
[DEBUG] 2021-09-28 20:24:37.099 [main] TwoPhaseLoad - Processing attribute `city` : value = Ft Lauderdale
[DEBUG] 2021-09-28 20:24:37.099 [main] TwoPhaseLoad - Attribute (`city`)  - enhanced for lazy-loading? - false
[DEBUG] 2021-09-28 20:24:37.099 [main] TwoPhaseLoad - Processing attribute `trip` : value = 3
[DEBUG] 2021-09-28 20:24:37.099 [main] TwoPhaseLoad - Attribute (`trip`)  - enhanced for lazy-loading? - false
[DEBUG] 2021-09-28 20:24:37.099 [main] TwoPhaseLoad - Done materializing entity [com.jilleliceiri.mptr.entity.Destination#4]
[DEBUG] 2021-09-28 20:24:37.099 [main] CollectionLoadContext - 1 collections were found in result set for role: com.jilleliceiri.mptr.entity.Trip.destinationSet
[DEBUG] 2021-09-28 20:24:37.099 [main] CollectionLoadContext - Collection fully initialized: [com.jilleliceiri.mptr.entity.Trip.destinationSet#3]
[DEBUG] 2021-09-28 20:24:37.099 [main] CollectionLoadContext - 1 collections initialized for role: com.jilleliceiri.mptr.entity.Trip.destinationSet
[DEBUG] 2021-09-28 20:24:37.099 [main] ResourceRegistryStandardImpl - HHH000387: ResultSet's statement was not registered
[DEBUG] 2021-09-28 20:24:37.100 [main] AbstractLoadPlanBasedCollectionInitializer - Done loading collection
[DEBUG] 2021-09-28 20:24:37.100 [main] AbstractLoadPlanBasedCollectionInitializer - Loading collection: [com.jilleliceiri.mptr.entity.Trip.destinationSet#2]
[DEBUG] 2021-09-28 20:24:37.100 [main] SQL - select destinatio0_.trip_id as trip_id3_0_0_, destinatio0_.id as id1_0_0_, destinatio0_.id as id1_0_1_, destinatio0_.city as city2_0_1_, destinatio0_.trip_id as trip_id3_0_1_ from destinations destinatio0_ where destinatio0_.trip_id=?
[DEBUG] 2021-09-28 20:24:37.101 [main] ResultSetProcessorImpl - Preparing collection initializer : [com.jilleliceiri.mptr.entity.Trip.destinationSet#2]
[DEBUG] 2021-09-28 20:24:37.101 [main] CollectionLoadContext - 1 collections were found in result set for role: com.jilleliceiri.mptr.entity.Trip.destinationSet
[DEBUG] 2021-09-28 20:24:37.101 [main] CollectionLoadContext - Collection fully initialized: [com.jilleliceiri.mptr.entity.Trip.destinationSet#2]
[DEBUG] 2021-09-28 20:24:37.101 [main] CollectionLoadContext - 1 collections initialized for role: com.jilleliceiri.mptr.entity.Trip.destinationSet
[DEBUG] 2021-09-28 20:24:37.101 [main] ResourceRegistryStandardImpl - HHH000387: ResultSet's statement was not registered
[DEBUG] 2021-09-28 20:24:37.101 [main] AbstractLoadPlanBasedCollectionInitializer - Done loading collection
[DEBUG] 2021-09-28 20:24:37.101 [main] AbstractLoadPlanBasedCollectionInitializer - Loading collection: [com.jilleliceiri.mptr.entity.Trip.destinationSet#1]
[DEBUG] 2021-09-28 20:24:37.101 [main] SQL - select destinatio0_.trip_id as trip_id3_0_0_, destinatio0_.id as id1_0_0_, destinatio0_.id as id1_0_1_, destinatio0_.city as city2_0_1_, destinatio0_.trip_id as trip_id3_0_1_ from destinations destinatio0_ where destinatio0_.trip_id=?
[DEBUG] 2021-09-28 20:24:37.103 [main] ResultSetProcessorImpl - Preparing collection initializer : [com.jilleliceiri.mptr.entity.Trip.destinationSet#1]
[DEBUG] 2021-09-28 20:24:37.103 [main] ResultSetProcessorImpl - Starting ResultSet row #0
[DEBUG] 2021-09-28 20:24:37.103 [main] CollectionReferenceInitializerImpl - Found row of collection: [com.jilleliceiri.mptr.entity.Trip.destinationSet#1]
[DEBUG] 2021-09-28 20:24:37.103 [main] ResultSetProcessorImpl - Starting ResultSet row #1
[DEBUG] 2021-09-28 20:24:37.103 [main] CollectionReferenceInitializerImpl - Found row of collection: [com.jilleliceiri.mptr.entity.Trip.destinationSet#1]
[DEBUG] 2021-09-28 20:24:37.103 [main] TwoPhaseLoad - Resolving attributes for [com.jilleliceiri.mptr.entity.Destination#1]
[DEBUG] 2021-09-28 20:24:37.103 [main] TwoPhaseLoad - Processing attribute `city` : value = Aspen
[DEBUG] 2021-09-28 20:24:37.103 [main] TwoPhaseLoad - Attribute (`city`)  - enhanced for lazy-loading? - false
[DEBUG] 2021-09-28 20:24:37.103 [main] TwoPhaseLoad - Processing attribute `trip` : value = 1
[DEBUG] 2021-09-28 20:24:37.103 [main] TwoPhaseLoad - Attribute (`trip`)  - enhanced for lazy-loading? - false
[DEBUG] 2021-09-28 20:24:37.104 [main] TwoPhaseLoad - Done materializing entity [com.jilleliceiri.mptr.entity.Destination#1]
[DEBUG] 2021-09-28 20:24:37.104 [main] TwoPhaseLoad - Resolving attributes for [com.jilleliceiri.mptr.entity.Destination#2]
[DEBUG] 2021-09-28 20:24:37.104 [main] TwoPhaseLoad - Processing attribute `city` : value = Munising
[DEBUG] 2021-09-28 20:24:37.104 [main] TwoPhaseLoad - Attribute (`city`)  - enhanced for lazy-loading? - false
[DEBUG] 2021-09-28 20:24:37.104 [main] TwoPhaseLoad - Processing attribute `trip` : value = 1
[DEBUG] 2021-09-28 20:24:37.104 [main] TwoPhaseLoad - Attribute (`trip`)  - enhanced for lazy-loading? - false
[DEBUG] 2021-09-28 20:24:37.104 [main] TwoPhaseLoad - Done materializing entity [com.jilleliceiri.mptr.entity.Destination#2]
[DEBUG] 2021-09-28 20:24:37.104 [main] CollectionLoadContext - 1 collections were found in result set for role: com.jilleliceiri.mptr.entity.Trip.destinationSet
[DEBUG] 2021-09-28 20:24:37.104 [main] CollectionLoadContext - Collection fully initialized: [com.jilleliceiri.mptr.entity.Trip.destinationSet#1]
[DEBUG] 2021-09-28 20:24:37.104 [main] CollectionLoadContext - 1 collections initialized for role: com.jilleliceiri.mptr.entity.Trip.destinationSet
[DEBUG] 2021-09-28 20:24:37.104 [main] ResourceRegistryStandardImpl - HHH000387: ResultSet's statement was not registered
[DEBUG] 2021-09-28 20:24:37.104 [main] AbstractLoadPlanBasedCollectionInitializer - Done loading collection
[DEBUG] 2021-09-28 20:24:37.105 [main] LogicalConnectionManagedImpl - Initiating JDBC connection release from afterTransaction
[DEBUG] 2021-09-28 20:24:37.178 [main] TransactionImpl - On TransactionImpl creation, JpaCompliance#isJpaTransactionComplianceEnabled == false
[DEBUG] 2021-09-28 20:24:37.178 [main] TransactionImpl - begin
[DEBUG] 2021-09-28 20:24:37.185 [main] ActionQueue - Executing identity-insert immediately
[DEBUG] 2021-09-28 20:24:37.186 [main] SQL - insert into trips (trip_name) values (?)
[DEBUG] 2021-09-28 20:24:37.189 [main] IdentifierGeneratorHelper - Natively generated identity: 13
[DEBUG] 2021-09-28 20:24:37.190 [main] ResourceRegistryStandardImpl - HHH000387: ResultSet's statement was not registered
[DEBUG] 2021-09-28 20:24:37.191 [main] TransactionImpl - committing
[DEBUG] 2021-09-28 20:24:37.191 [main] AbstractFlushingEventListener - Processing flush-time cascades
[DEBUG] 2021-09-28 20:24:37.191 [main] AbstractFlushingEventListener - Dirty checking collections
[DEBUG] 2021-09-28 20:24:37.193 [main] Collections - Collection found: [com.jilleliceiri.mptr.entity.Trip.destinationSet#13], was: [<unreferenced>] (initialized)
[DEBUG] 2021-09-28 20:24:37.194 [main] AbstractFlushingEventListener - Flushed: 0 insertions, 0 updates, 0 deletions to 1 objects
[DEBUG] 2021-09-28 20:24:37.194 [main] AbstractFlushingEventListener - Flushed: 1 (re)creations, 0 updates, 0 removals to 1 collections
[DEBUG] 2021-09-28 20:24:37.195 [main] EntityPrinter - Listing entities:
[DEBUG] 2021-09-28 20:24:37.195 [main] EntityPrinter - com.jilleliceiri.mptr.entity.Trip{name=Northern Summer, id=13, destinationSet=[]}
[DEBUG] 2021-09-28 20:24:37.197 [main] LogicalConnectionManagedImpl - Initiating JDBC connection release from afterTransaction
[DEBUG] 2021-09-28 20:24:37.198 [main] LogicalConnectionManagedImpl - Initiating JDBC connection release from afterTransaction
[DEBUG] 2021-09-28 20:24:37.246 [main] SQL - select trip0_.id as id1_1_0_, trip0_.trip_name as trip_nam2_1_0_, destinatio1_.trip_id as trip_id3_0_1_, destinatio1_.id as id1_0_1_, destinatio1_.id as id1_0_2_, destinatio1_.city as city2_0_2_, destinatio1_.trip_id as trip_id3_0_2_ from trips trip0_ left outer join destinations destinatio1_ on trip0_.id=destinatio1_.trip_id where trip0_.id=?
[DEBUG] 2021-09-28 20:24:37.247 [main] ResultSetProcessorImpl - Starting ResultSet row #0
[DEBUG] 2021-09-28 20:24:37.248 [main] EntityReferenceInitializerImpl - On call to EntityIdentifierReaderImpl#resolve, EntityKey was already known; should only happen on root returns with an optional identifier specified
[DEBUG] 2021-09-28 20:24:37.248 [main] CollectionReferenceInitializerImpl - Found row of collection: [com.jilleliceiri.mptr.entity.Trip.destinationSet#1]
[DEBUG] 2021-09-28 20:24:37.248 [main] ResultSetProcessorImpl - Starting ResultSet row #1
[DEBUG] 2021-09-28 20:24:37.248 [main] EntityReferenceInitializerImpl - On call to EntityIdentifierReaderImpl#resolve, EntityKey was already known; should only happen on root returns with an optional identifier specified
[DEBUG] 2021-09-28 20:24:37.248 [main] CollectionReferenceInitializerImpl - Found row of collection: [com.jilleliceiri.mptr.entity.Trip.destinationSet#1]
[DEBUG] 2021-09-28 20:24:37.249 [main] TwoPhaseLoad - Resolving attributes for [com.jilleliceiri.mptr.entity.Trip#1]
[DEBUG] 2021-09-28 20:24:37.249 [main] TwoPhaseLoad - Processing attribute `destinationSet` : value = NOT NULL COLLECTION
[DEBUG] 2021-09-28 20:24:37.249 [main] TwoPhaseLoad - Attribute (`destinationSet`)  - enhanced for lazy-loading? - false
[DEBUG] 2021-09-28 20:24:37.249 [main] TwoPhaseLoad - Processing attribute `name` : value = Fall  Colour Tour
[DEBUG] 2021-09-28 20:24:37.249 [main] TwoPhaseLoad - Attribute (`name`)  - enhanced for lazy-loading? - false
[DEBUG] 2021-09-28 20:24:37.249 [main] TwoPhaseLoad - Done materializing entity [com.jilleliceiri.mptr.entity.Trip#1]
[DEBUG] 2021-09-28 20:24:37.249 [main] TwoPhaseLoad - Resolving attributes for [com.jilleliceiri.mptr.entity.Destination#1]
[DEBUG] 2021-09-28 20:24:37.249 [main] TwoPhaseLoad - Processing attribute `city` : value = Aspen
[DEBUG] 2021-09-28 20:24:37.249 [main] TwoPhaseLoad - Attribute (`city`)  - enhanced for lazy-loading? - false
[DEBUG] 2021-09-28 20:24:37.249 [main] TwoPhaseLoad - Processing attribute `trip` : value = 1
[DEBUG] 2021-09-28 20:24:37.249 [main] TwoPhaseLoad - Attribute (`trip`)  - enhanced for lazy-loading? - false
[DEBUG] 2021-09-28 20:24:37.249 [main] TwoPhaseLoad - Done materializing entity [com.jilleliceiri.mptr.entity.Destination#1]
[DEBUG] 2021-09-28 20:24:37.249 [main] TwoPhaseLoad - Resolving attributes for [com.jilleliceiri.mptr.entity.Destination#2]
[DEBUG] 2021-09-28 20:24:37.249 [main] TwoPhaseLoad - Processing attribute `city` : value = Munising
[DEBUG] 2021-09-28 20:24:37.249 [main] TwoPhaseLoad - Attribute (`city`)  - enhanced for lazy-loading? - false
[DEBUG] 2021-09-28 20:24:37.249 [main] TwoPhaseLoad - Processing attribute `trip` : value = 1
[DEBUG] 2021-09-28 20:24:37.249 [main] TwoPhaseLoad - Attribute (`trip`)  - enhanced for lazy-loading? - false
[DEBUG] 2021-09-28 20:24:37.249 [main] TwoPhaseLoad - Done materializing entity [com.jilleliceiri.mptr.entity.Destination#2]
[DEBUG] 2021-09-28 20:24:37.249 [main] CollectionLoadContext - 1 collections were found in result set for role: com.jilleliceiri.mptr.entity.Trip.destinationSet
[DEBUG] 2021-09-28 20:24:37.249 [main] CollectionLoadContext - Collection fully initialized: [com.jilleliceiri.mptr.entity.Trip.destinationSet#1]
[DEBUG] 2021-09-28 20:24:37.249 [main] CollectionLoadContext - 1 collections initialized for role: com.jilleliceiri.mptr.entity.Trip.destinationSet
[DEBUG] 2021-09-28 20:24:37.249 [main] ResourceRegistryStandardImpl - HHH000387: ResultSet's statement was not registered
[DEBUG] 2021-09-28 20:24:37.249 [main] AbstractLoadPlanBasedEntityLoader - Done entity load : com.jilleliceiri.mptr.entity.Trip#1
[DEBUG] 2021-09-28 20:24:37.249 [main] LogicalConnectionManagedImpl - Initiating JDBC connection release from afterTransaction
[DEBUG] 2021-09-28 20:24:37.297 [main] TransactionImpl - On TransactionImpl creation, JpaCompliance#isJpaTransactionComplianceEnabled == false
[DEBUG] 2021-09-28 20:24:37.297 [main] TransactionImpl - begin
[DEBUG] 2021-09-28 20:24:37.298 [main] ActionQueue - Executing identity-insert immediately
[DEBUG] 2021-09-28 20:24:37.298 [main] SQL - insert into trips (trip_name) values (?)
[DEBUG] 2021-09-28 20:24:37.299 [main] IdentifierGeneratorHelper - Natively generated identity: 14
[DEBUG] 2021-09-28 20:24:37.299 [main] ResourceRegistryStandardImpl - HHH000387: ResultSet's statement was not registered
[DEBUG] 2021-09-28 20:24:37.300 [main] ActionQueue - Executing identity-insert immediately
[DEBUG] 2021-09-28 20:24:37.300 [main] SQL - insert into destinations (city, trip_id) values (?, ?)
[DEBUG] 2021-09-28 20:24:37.301 [main] IdentifierGeneratorHelper - Natively generated identity: 8
[DEBUG] 2021-09-28 20:24:37.302 [main] ResourceRegistryStandardImpl - HHH000387: ResultSet's statement was not registered
[DEBUG] 2021-09-28 20:24:37.302 [main] TransactionImpl - committing
[DEBUG] 2021-09-28 20:24:37.302 [main] AbstractFlushingEventListener - Processing flush-time cascades
[DEBUG] 2021-09-28 20:24:37.303 [main] AbstractFlushingEventListener - Dirty checking collections
[DEBUG] 2021-09-28 20:24:37.303 [main] Collections - Collection found: [com.jilleliceiri.mptr.entity.Trip.destinationSet#14], was: [<unreferenced>] (initialized)
[DEBUG] 2021-09-28 20:24:37.303 [main] AbstractFlushingEventListener - Flushed: 0 insertions, 0 updates, 0 deletions to 2 objects
[DEBUG] 2021-09-28 20:24:37.303 [main] AbstractFlushingEventListener - Flushed: 1 (re)creations, 0 updates, 0 removals to 1 collections
[DEBUG] 2021-09-28 20:24:37.303 [main] EntityPrinter - Listing entities:
[DEBUG] 2021-09-28 20:24:37.303 [main] EntityPrinter - com.jilleliceiri.mptr.entity.Destination{trip=com.jilleliceiri.mptr.entity.Trip#14, city=Minneapolis, id=8}
[DEBUG] 2021-09-28 20:24:37.303 [main] EntityPrinter - com.jilleliceiri.mptr.entity.Trip{name=Northern Summer, id=14, destinationSet=[com.jilleliceiri.mptr.entity.Destination#8]}
[DEBUG] 2021-09-28 20:24:37.304 [main] LogicalConnectionManagedImpl - Initiating JDBC connection release from afterTransaction
[DEBUG] 2021-09-28 20:24:37.305 [main] LogicalConnectionManagedImpl - Initiating JDBC connection release from afterTransaction
[DEBUG] 2021-09-28 20:24:37.306 [main] SQL - select trip0_.id as id1_1_0_, trip0_.trip_name as trip_nam2_1_0_, destinatio1_.trip_id as trip_id3_0_1_, destinatio1_.id as id1_0_1_, destinatio1_.id as id1_0_2_, destinatio1_.city as city2_0_2_, destinatio1_.trip_id as trip_id3_0_2_ from trips trip0_ left outer join destinations destinatio1_ on trip0_.id=destinatio1_.trip_id where trip0_.id=?
[DEBUG] 2021-09-28 20:24:37.308 [main] ResultSetProcessorImpl - Starting ResultSet row #0
[DEBUG] 2021-09-28 20:24:37.308 [main] EntityReferenceInitializerImpl - On call to EntityIdentifierReaderImpl#resolve, EntityKey was already known; should only happen on root returns with an optional identifier specified
[DEBUG] 2021-09-28 20:24:37.309 [main] CollectionReferenceInitializerImpl - Found row of collection: [com.jilleliceiri.mptr.entity.Trip.destinationSet#14]
[DEBUG] 2021-09-28 20:24:37.309 [main] TwoPhaseLoad - Resolving attributes for [com.jilleliceiri.mptr.entity.Trip#14]
[DEBUG] 2021-09-28 20:24:37.309 [main] TwoPhaseLoad - Processing attribute `destinationSet` : value = NOT NULL COLLECTION
[DEBUG] 2021-09-28 20:24:37.309 [main] TwoPhaseLoad - Attribute (`destinationSet`)  - enhanced for lazy-loading? - false
[DEBUG] 2021-09-28 20:24:37.309 [main] TwoPhaseLoad - Processing attribute `name` : value = Northern Summer
[DEBUG] 2021-09-28 20:24:37.309 [main] TwoPhaseLoad - Attribute (`name`)  - enhanced for lazy-loading? - false
[DEBUG] 2021-09-28 20:24:37.309 [main] TwoPhaseLoad - Done materializing entity [com.jilleliceiri.mptr.entity.Trip#14]
[DEBUG] 2021-09-28 20:24:37.309 [main] TwoPhaseLoad - Resolving attributes for [com.jilleliceiri.mptr.entity.Destination#8]
[DEBUG] 2021-09-28 20:24:37.309 [main] TwoPhaseLoad - Processing attribute `city` : value = Minneapolis
[DEBUG] 2021-09-28 20:24:37.309 [main] TwoPhaseLoad - Attribute (`city`)  - enhanced for lazy-loading? - false
[DEBUG] 2021-09-28 20:24:37.309 [main] TwoPhaseLoad - Processing attribute `trip` : value = 14
[DEBUG] 2021-09-28 20:24:37.309 [main] TwoPhaseLoad - Attribute (`trip`)  - enhanced for lazy-loading? - false
[DEBUG] 2021-09-28 20:24:37.309 [main] TwoPhaseLoad - Done materializing entity [com.jilleliceiri.mptr.entity.Destination#8]
[DEBUG] 2021-09-28 20:24:37.309 [main] CollectionLoadContext - 1 collections were found in result set for role: com.jilleliceiri.mptr.entity.Trip.destinationSet
[DEBUG] 2021-09-28 20:24:37.309 [main] CollectionLoadContext - Collection fully initialized: [com.jilleliceiri.mptr.entity.Trip.destinationSet#14]
[DEBUG] 2021-09-28 20:24:37.309 [main] CollectionLoadContext - 1 collections initialized for role: com.jilleliceiri.mptr.entity.Trip.destinationSet
[DEBUG] 2021-09-28 20:24:37.309 [main] ResourceRegistryStandardImpl - HHH000387: ResultSet's statement was not registered
[DEBUG] 2021-09-28 20:24:37.309 [main] AbstractLoadPlanBasedEntityLoader - Done entity load : com.jilleliceiri.mptr.entity.Trip#14
[DEBUG] 2021-09-28 20:24:37.310 [main] LogicalConnectionManagedImpl - Initiating JDBC connection release from afterTransaction
