[DEBUG] 2021-09-26 11:42:05.218 [http-nio-8080-exec-6] IntegratorServiceImpl - Adding Integrator [org.hibernate.cfg.beanvalidation.BeanValidationIntegrator].
[DEBUG] 2021-09-26 11:42:05.228 [http-nio-8080-exec-6] IntegratorServiceImpl - Adding Integrator [org.hibernate.secure.spi.JaccIntegrator].
[DEBUG] 2021-09-26 11:42:05.235 [http-nio-8080-exec-6] IntegratorServiceImpl - Adding Integrator [org.hibernate.cache.internal.CollectionCacheInvalidator].
[INFO ] 2021-09-26 11:42:05.370 [http-nio-8080-exec-6] Version - HHH000412: Hibernate Core {5.4.4.Final}
[DEBUG] 2021-09-26 11:42:05.372 [http-nio-8080-exec-6] Environment - HHH000206: hibernate.properties not found
[DEBUG] 2021-09-26 11:42:05.562 [http-nio-8080-exec-6] LocalXmlResourceResolver - Interpreting public/system identifier : [-//Hibernate/Hibernate Configuration DTD//EN] - [http://www.hibernate.org/dtd/hibernate-configuration-3.0.dtd]
[DEBUG] 2021-09-26 11:42:05.563 [http-nio-8080-exec-6] LocalXmlResourceResolver - Recognized hibernate-configuration identifier; attempting to resolve on classpath under org/hibernate/
[DEBUG] 2021-09-26 11:42:05.584 [http-nio-8080-exec-6] JaxbCfgProcessor - cfg.xml document did not define namespaces; wrapping in custom event reader to introduce namespace information
[DEBUG] 2021-09-26 11:42:05.903 [http-nio-8080-exec-6] ServiceBinding - Overriding existing service binding [org.hibernate.secure.spi.JaccService]
[DEBUG] 2021-09-26 11:42:05.929 [http-nio-8080-exec-6] RegionFactoryInitiator - Cannot default RegionFactory based on registered strategies as `[]` RegionFactory strategies were registered
[DEBUG] 2021-09-26 11:42:05.931 [http-nio-8080-exec-6] RegionFactoryInitiator - Cache region factory : org.hibernate.cache.internal.NoCachingRegionFactory
[INFO ] 2021-09-26 11:42:05.960 [http-nio-8080-exec-6] Version - HCANN000001: Hibernate Commons Annotations {5.1.0.Final}
[DEBUG] 2021-09-26 11:42:06.011 [http-nio-8080-exec-6] BasicTypeRegistry - Adding type registration boolean -> org.hibernate.type.BooleanType@6994a8c1
[DEBUG] 2021-09-26 11:42:06.012 [http-nio-8080-exec-6] BasicTypeRegistry - Adding type registration boolean -> org.hibernate.type.BooleanType@6994a8c1
[DEBUG] 2021-09-26 11:42:06.012 [http-nio-8080-exec-6] BasicTypeRegistry - Adding type registration java.lang.Boolean -> org.hibernate.type.BooleanType@6994a8c1
[DEBUG] 2021-09-26 11:42:06.012 [http-nio-8080-exec-6] BasicTypeRegistry - Adding type registration numeric_boolean -> org.hibernate.type.NumericBooleanType@6c0691b3
[DEBUG] 2021-09-26 11:42:06.013 [http-nio-8080-exec-6] BasicTypeRegistry - Adding type registration true_false -> org.hibernate.type.TrueFalseType@3e4ceea7
[DEBUG] 2021-09-26 11:42:06.014 [http-nio-8080-exec-6] BasicTypeRegistry - Adding type registration yes_no -> org.hibernate.type.YesNoType@19d9574b
[DEBUG] 2021-09-26 11:42:06.016 [http-nio-8080-exec-6] BasicTypeRegistry - Adding type registration byte -> org.hibernate.type.ByteType@9cc87ea
[DEBUG] 2021-09-26 11:42:06.017 [http-nio-8080-exec-6] BasicTypeRegistry - Adding type registration byte -> org.hibernate.type.ByteType@9cc87ea
[DEBUG] 2021-09-26 11:42:06.017 [http-nio-8080-exec-6] BasicTypeRegistry - Adding type registration java.lang.Byte -> org.hibernate.type.ByteType@9cc87ea
[DEBUG] 2021-09-26 11:42:06.018 [http-nio-8080-exec-6] BasicTypeRegistry - Adding type registration character -> org.hibernate.type.CharacterType@4a226761
[DEBUG] 2021-09-26 11:42:06.019 [http-nio-8080-exec-6] BasicTypeRegistry - Adding type registration char -> org.hibernate.type.CharacterType@4a226761
[DEBUG] 2021-09-26 11:42:06.019 [http-nio-8080-exec-6] BasicTypeRegistry - Adding type registration java.lang.Character -> org.hibernate.type.CharacterType@4a226761
[DEBUG] 2021-09-26 11:42:06.020 [http-nio-8080-exec-6] BasicTypeRegistry - Adding type registration short -> org.hibernate.type.ShortType@434fe842
[DEBUG] 2021-09-26 11:42:06.020 [http-nio-8080-exec-6] BasicTypeRegistry - Adding type registration short -> org.hibernate.type.ShortType@434fe842
[DEBUG] 2021-09-26 11:42:06.020 [http-nio-8080-exec-6] BasicTypeRegistry - Adding type registration java.lang.Short -> org.hibernate.type.ShortType@434fe842
[DEBUG] 2021-09-26 11:42:06.022 [http-nio-8080-exec-6] BasicTypeRegistry - Adding type registration integer -> org.hibernate.type.IntegerType@5a1f6f81
[DEBUG] 2021-09-26 11:42:06.022 [http-nio-8080-exec-6] BasicTypeRegistry - Adding type registration int -> org.hibernate.type.IntegerType@5a1f6f81
[DEBUG] 2021-09-26 11:42:06.022 [http-nio-8080-exec-6] BasicTypeRegistry - Adding type registration java.lang.Integer -> org.hibernate.type.IntegerType@5a1f6f81
[DEBUG] 2021-09-26 11:42:06.023 [http-nio-8080-exec-6] BasicTypeRegistry - Adding type registration long -> org.hibernate.type.LongType@3612b350
[DEBUG] 2021-09-26 11:42:06.023 [http-nio-8080-exec-6] BasicTypeRegistry - Adding type registration long -> org.hibernate.type.LongType@3612b350
[DEBUG] 2021-09-26 11:42:06.023 [http-nio-8080-exec-6] BasicTypeRegistry - Adding type registration java.lang.Long -> org.hibernate.type.LongType@3612b350
[DEBUG] 2021-09-26 11:42:06.025 [http-nio-8080-exec-6] BasicTypeRegistry - Adding type registration float -> org.hibernate.type.FloatType@7ce90356
[DEBUG] 2021-09-26 11:42:06.025 [http-nio-8080-exec-6] BasicTypeRegistry - Adding type registration float -> org.hibernate.type.FloatType@7ce90356
[DEBUG] 2021-09-26 11:42:06.025 [http-nio-8080-exec-6] BasicTypeRegistry - Adding type registration java.lang.Float -> org.hibernate.type.FloatType@7ce90356
[DEBUG] 2021-09-26 11:42:06.026 [http-nio-8080-exec-6] BasicTypeRegistry - Adding type registration double -> org.hibernate.type.DoubleType@2145f51d
[DEBUG] 2021-09-26 11:42:06.026 [http-nio-8080-exec-6] BasicTypeRegistry - Adding type registration double -> org.hibernate.type.DoubleType@2145f51d
[DEBUG] 2021-09-26 11:42:06.026 [http-nio-8080-exec-6] BasicTypeRegistry - Adding type registration java.lang.Double -> org.hibernate.type.DoubleType@2145f51d
[DEBUG] 2021-09-26 11:42:06.027 [http-nio-8080-exec-6] BasicTypeRegistry - Adding type registration big_decimal -> org.hibernate.type.BigDecimalType@414fee63
[DEBUG] 2021-09-26 11:42:06.027 [http-nio-8080-exec-6] BasicTypeRegistry - Adding type registration java.math.BigDecimal -> org.hibernate.type.BigDecimalType@414fee63
[DEBUG] 2021-09-26 11:42:06.029 [http-nio-8080-exec-6] BasicTypeRegistry - Adding type registration big_integer -> org.hibernate.type.BigIntegerType@35edead
[DEBUG] 2021-09-26 11:42:06.029 [http-nio-8080-exec-6] BasicTypeRegistry - Adding type registration java.math.BigInteger -> org.hibernate.type.BigIntegerType@35edead
[DEBUG] 2021-09-26 11:42:06.030 [http-nio-8080-exec-6] BasicTypeRegistry - Adding type registration string -> org.hibernate.type.StringType@7936aee8
[DEBUG] 2021-09-26 11:42:06.030 [http-nio-8080-exec-6] BasicTypeRegistry - Adding type registration java.lang.String -> org.hibernate.type.StringType@7936aee8
[DEBUG] 2021-09-26 11:42:06.031 [http-nio-8080-exec-6] BasicTypeRegistry - Adding type registration nstring -> org.hibernate.type.StringNVarcharType@16495d40
[DEBUG] 2021-09-26 11:42:06.031 [http-nio-8080-exec-6] BasicTypeRegistry - Adding type registration ncharacter -> org.hibernate.type.CharacterNCharType@5f80067c
[DEBUG] 2021-09-26 11:42:06.032 [http-nio-8080-exec-6] BasicTypeRegistry - Adding type registration url -> org.hibernate.type.UrlType@e20b25a
[DEBUG] 2021-09-26 11:42:06.032 [http-nio-8080-exec-6] BasicTypeRegistry - Adding type registration java.net.URL -> org.hibernate.type.UrlType@e20b25a
[DEBUG] 2021-09-26 11:42:06.034 [http-nio-8080-exec-6] BasicTypeRegistry - Adding type registration Duration -> org.hibernate.type.DurationType@466fdf0f
[DEBUG] 2021-09-26 11:42:06.034 [http-nio-8080-exec-6] BasicTypeRegistry - Adding type registration java.time.Duration -> org.hibernate.type.DurationType@466fdf0f
[DEBUG] 2021-09-26 11:42:06.040 [http-nio-8080-exec-6] BasicTypeRegistry - Adding type registration Instant -> org.hibernate.type.InstantType@7e6cb81c
[DEBUG] 2021-09-26 11:42:06.040 [http-nio-8080-exec-6] BasicTypeRegistry - Adding type registration java.time.Instant -> org.hibernate.type.InstantType@7e6cb81c
[DEBUG] 2021-09-26 11:42:06.042 [http-nio-8080-exec-6] BasicTypeRegistry - Adding type registration LocalDateTime -> org.hibernate.type.LocalDateTimeType@63dbc678
[DEBUG] 2021-09-26 11:42:06.042 [http-nio-8080-exec-6] BasicTypeRegistry - Adding type registration java.time.LocalDateTime -> org.hibernate.type.LocalDateTimeType@63dbc678
[DEBUG] 2021-09-26 11:42:06.043 [http-nio-8080-exec-6] BasicTypeRegistry - Adding type registration LocalDate -> org.hibernate.type.LocalDateType@3cb8ccbb
[DEBUG] 2021-09-26 11:42:06.043 [http-nio-8080-exec-6] BasicTypeRegistry - Adding type registration java.time.LocalDate -> org.hibernate.type.LocalDateType@3cb8ccbb
[DEBUG] 2021-09-26 11:42:06.045 [http-nio-8080-exec-6] BasicTypeRegistry - Adding type registration LocalTime -> org.hibernate.type.LocalTimeType@d6e18a0
[DEBUG] 2021-09-26 11:42:06.045 [http-nio-8080-exec-6] BasicTypeRegistry - Adding type registration java.time.LocalTime -> org.hibernate.type.LocalTimeType@d6e18a0
[DEBUG] 2021-09-26 11:42:06.046 [http-nio-8080-exec-6] BasicTypeRegistry - Adding type registration OffsetDateTime -> org.hibernate.type.OffsetDateTimeType@64778fde
[DEBUG] 2021-09-26 11:42:06.046 [http-nio-8080-exec-6] BasicTypeRegistry - Adding type registration java.time.OffsetDateTime -> org.hibernate.type.OffsetDateTimeType@64778fde
[DEBUG] 2021-09-26 11:42:06.048 [http-nio-8080-exec-6] BasicTypeRegistry - Adding type registration OffsetTime -> org.hibernate.type.OffsetTimeType@30a2c01e
[DEBUG] 2021-09-26 11:42:06.048 [http-nio-8080-exec-6] BasicTypeRegistry - Adding type registration java.time.OffsetTime -> org.hibernate.type.OffsetTimeType@30a2c01e
[DEBUG] 2021-09-26 11:42:06.058 [http-nio-8080-exec-6] BasicTypeRegistry - Adding type registration ZonedDateTime -> org.hibernate.type.ZonedDateTimeType@787d01b3
[DEBUG] 2021-09-26 11:42:06.058 [http-nio-8080-exec-6] BasicTypeRegistry - Adding type registration java.time.ZonedDateTime -> org.hibernate.type.ZonedDateTimeType@787d01b3
[DEBUG] 2021-09-26 11:42:06.060 [http-nio-8080-exec-6] BasicTypeRegistry - Adding type registration date -> org.hibernate.type.DateType@40a5c608
[DEBUG] 2021-09-26 11:42:06.060 [http-nio-8080-exec-6] BasicTypeRegistry - Adding type registration java.sql.Date -> org.hibernate.type.DateType@40a5c608
[DEBUG] 2021-09-26 11:42:06.062 [http-nio-8080-exec-6] BasicTypeRegistry - Adding type registration time -> org.hibernate.type.TimeType@24cfa3f4
[DEBUG] 2021-09-26 11:42:06.062 [http-nio-8080-exec-6] BasicTypeRegistry - Adding type registration java.sql.Time -> org.hibernate.type.TimeType@24cfa3f4
[DEBUG] 2021-09-26 11:42:06.070 [http-nio-8080-exec-6] BasicTypeRegistry - Adding type registration timestamp -> org.hibernate.type.TimestampType@25da2398
[DEBUG] 2021-09-26 11:42:06.070 [http-nio-8080-exec-6] BasicTypeRegistry - Adding type registration java.sql.Timestamp -> org.hibernate.type.TimestampType@25da2398
[DEBUG] 2021-09-26 11:42:06.070 [http-nio-8080-exec-6] BasicTypeRegistry - Adding type registration java.util.Date -> org.hibernate.type.TimestampType@25da2398
[DEBUG] 2021-09-26 11:42:06.073 [http-nio-8080-exec-6] BasicTypeRegistry - Adding type registration dbtimestamp -> org.hibernate.type.DbTimestampType@763c2305
[DEBUG] 2021-09-26 11:42:06.075 [http-nio-8080-exec-6] BasicTypeRegistry - Adding type registration calendar -> org.hibernate.type.CalendarType@3e1d2f72
[DEBUG] 2021-09-26 11:42:06.075 [http-nio-8080-exec-6] BasicTypeRegistry - Adding type registration java.util.Calendar -> org.hibernate.type.CalendarType@3e1d2f72
[DEBUG] 2021-09-26 11:42:06.075 [http-nio-8080-exec-6] BasicTypeRegistry - Adding type registration java.util.GregorianCalendar -> org.hibernate.type.CalendarType@3e1d2f72
[DEBUG] 2021-09-26 11:42:06.076 [http-nio-8080-exec-6] BasicTypeRegistry - Adding type registration calendar_date -> org.hibernate.type.CalendarDateType@2dd99bd3
[DEBUG] 2021-09-26 11:42:06.077 [http-nio-8080-exec-6] BasicTypeRegistry - Adding type registration locale -> org.hibernate.type.LocaleType@729ff82a
[DEBUG] 2021-09-26 11:42:06.077 [http-nio-8080-exec-6] BasicTypeRegistry - Adding type registration java.util.Locale -> org.hibernate.type.LocaleType@729ff82a
[DEBUG] 2021-09-26 11:42:06.079 [http-nio-8080-exec-6] BasicTypeRegistry - Adding type registration currency -> org.hibernate.type.CurrencyType@4574aa9
[DEBUG] 2021-09-26 11:42:06.079 [http-nio-8080-exec-6] BasicTypeRegistry - Adding type registration java.util.Currency -> org.hibernate.type.CurrencyType@4574aa9
[DEBUG] 2021-09-26 11:42:06.080 [http-nio-8080-exec-6] BasicTypeRegistry - Adding type registration timezone -> org.hibernate.type.TimeZoneType@3cdde8ec
[DEBUG] 2021-09-26 11:42:06.080 [http-nio-8080-exec-6] BasicTypeRegistry - Adding type registration java.util.TimeZone -> org.hibernate.type.TimeZoneType@3cdde8ec
[DEBUG] 2021-09-26 11:42:06.081 [http-nio-8080-exec-6] BasicTypeRegistry - Adding type registration class -> org.hibernate.type.ClassType@90ceaf8
[DEBUG] 2021-09-26 11:42:06.081 [http-nio-8080-exec-6] BasicTypeRegistry - Adding type registration java.lang.Class -> org.hibernate.type.ClassType@90ceaf8
[DEBUG] 2021-09-26 11:42:06.082 [http-nio-8080-exec-6] BasicTypeRegistry - Adding type registration uuid-binary -> org.hibernate.type.UUIDBinaryType@26ec3ef1
[DEBUG] 2021-09-26 11:42:06.082 [http-nio-8080-exec-6] BasicTypeRegistry - Adding type registration java.util.UUID -> org.hibernate.type.UUIDBinaryType@26ec3ef1
[DEBUG] 2021-09-26 11:42:06.082 [http-nio-8080-exec-6] BasicTypeRegistry - Adding type registration uuid-char -> org.hibernate.type.UUIDCharType@6228b3a4
[DEBUG] 2021-09-26 11:42:06.083 [http-nio-8080-exec-6] BasicTypeRegistry - Adding type registration binary -> org.hibernate.type.BinaryType@406236bb
[DEBUG] 2021-09-26 11:42:06.084 [http-nio-8080-exec-6] BasicTypeRegistry - Adding type registration byte[] -> org.hibernate.type.BinaryType@406236bb
[DEBUG] 2021-09-26 11:42:06.084 [http-nio-8080-exec-6] BasicTypeRegistry - Adding type registration [B -> org.hibernate.type.BinaryType@406236bb
[DEBUG] 2021-09-26 11:42:06.085 [http-nio-8080-exec-6] BasicTypeRegistry - Adding type registration wrapper-binary -> org.hibernate.type.WrapperBinaryType@403ffb46
[DEBUG] 2021-09-26 11:42:06.085 [http-nio-8080-exec-6] BasicTypeRegistry - Adding type registration Byte[] -> org.hibernate.type.WrapperBinaryType@403ffb46
[DEBUG] 2021-09-26 11:42:06.085 [http-nio-8080-exec-6] BasicTypeRegistry - Adding type registration [Ljava.lang.Byte; -> org.hibernate.type.WrapperBinaryType@403ffb46
[DEBUG] 2021-09-26 11:42:06.086 [http-nio-8080-exec-6] BasicTypeRegistry - Adding type registration row_version -> org.hibernate.type.RowVersionType@6db7d70
[DEBUG] 2021-09-26 11:42:06.086 [http-nio-8080-exec-6] BasicTypeRegistry - Adding type registration image -> org.hibernate.type.ImageType@7e0a5fec
[DEBUG] 2021-09-26 11:42:06.087 [http-nio-8080-exec-6] BasicTypeRegistry - Adding type registration characters -> org.hibernate.type.CharArrayType@74c8a5f
[DEBUG] 2021-09-26 11:42:06.088 [http-nio-8080-exec-6] BasicTypeRegistry - Adding type registration char[] -> org.hibernate.type.CharArrayType@74c8a5f
[DEBUG] 2021-09-26 11:42:06.088 [http-nio-8080-exec-6] BasicTypeRegistry - Adding type registration [C -> org.hibernate.type.CharArrayType@74c8a5f
[DEBUG] 2021-09-26 11:42:06.089 [http-nio-8080-exec-6] BasicTypeRegistry - Adding type registration wrapper-characters -> org.hibernate.type.CharacterArrayType@395103
[DEBUG] 2021-09-26 11:42:06.089 [http-nio-8080-exec-6] BasicTypeRegistry - Adding type registration [Ljava.lang.Character; -> org.hibernate.type.CharacterArrayType@395103
[DEBUG] 2021-09-26 11:42:06.089 [http-nio-8080-exec-6] BasicTypeRegistry - Adding type registration Character[] -> org.hibernate.type.CharacterArrayType@395103
[DEBUG] 2021-09-26 11:42:06.089 [http-nio-8080-exec-6] BasicTypeRegistry - Adding type registration text -> org.hibernate.type.TextType@6b099afe
[DEBUG] 2021-09-26 11:42:06.090 [http-nio-8080-exec-6] BasicTypeRegistry - Adding type registration ntext -> org.hibernate.type.NTextType@2fd1a7c1
[DEBUG] 2021-09-26 11:42:06.091 [http-nio-8080-exec-6] BasicTypeRegistry - Adding type registration blob -> org.hibernate.type.BlobType@632a7850
[DEBUG] 2021-09-26 11:42:06.092 [http-nio-8080-exec-6] BasicTypeRegistry - Adding type registration java.sql.Blob -> org.hibernate.type.BlobType@632a7850
[DEBUG] 2021-09-26 11:42:06.092 [http-nio-8080-exec-6] BasicTypeRegistry - Adding type registration materialized_blob -> org.hibernate.type.MaterializedBlobType@c3b305b
[DEBUG] 2021-09-26 11:42:06.094 [http-nio-8080-exec-6] BasicTypeRegistry - Adding type registration clob -> org.hibernate.type.ClobType@58157a19
[DEBUG] 2021-09-26 11:42:06.094 [http-nio-8080-exec-6] BasicTypeRegistry - Adding type registration java.sql.Clob -> org.hibernate.type.ClobType@58157a19
[DEBUG] 2021-09-26 11:42:06.095 [http-nio-8080-exec-6] BasicTypeRegistry - Adding type registration nclob -> org.hibernate.type.NClobType@55837084
[DEBUG] 2021-09-26 11:42:06.095 [http-nio-8080-exec-6] BasicTypeRegistry - Adding type registration java.sql.NClob -> org.hibernate.type.NClobType@55837084
[DEBUG] 2021-09-26 11:42:06.096 [http-nio-8080-exec-6] BasicTypeRegistry - Adding type registration materialized_clob -> org.hibernate.type.MaterializedClobType@4c549435
[DEBUG] 2021-09-26 11:42:06.096 [http-nio-8080-exec-6] BasicTypeRegistry - Adding type registration materialized_nclob -> org.hibernate.type.MaterializedNClobType@49a8951f
[DEBUG] 2021-09-26 11:42:06.098 [http-nio-8080-exec-6] BasicTypeRegistry - Adding type registration serializable -> org.hibernate.type.SerializableType@5d1313dd
[DEBUG] 2021-09-26 11:42:06.101 [http-nio-8080-exec-6] BasicTypeRegistry - Adding type registration object -> org.hibernate.type.ObjectType@1386d22c
[DEBUG] 2021-09-26 11:42:06.102 [http-nio-8080-exec-6] BasicTypeRegistry - Adding type registration java.lang.Object -> org.hibernate.type.ObjectType@1386d22c
[DEBUG] 2021-09-26 11:42:06.102 [http-nio-8080-exec-6] BasicTypeRegistry - Adding type registration imm_date -> org.hibernate.type.AdaptedImmutableType@7b9c5fe9
[DEBUG] 2021-09-26 11:42:06.102 [http-nio-8080-exec-6] BasicTypeRegistry - Adding type registration imm_time -> org.hibernate.type.AdaptedImmutableType@3cb21600
[DEBUG] 2021-09-26 11:42:06.102 [http-nio-8080-exec-6] BasicTypeRegistry - Adding type registration imm_timestamp -> org.hibernate.type.AdaptedImmutableType@6cd27947
[DEBUG] 2021-09-26 11:42:06.102 [http-nio-8080-exec-6] BasicTypeRegistry - Adding type registration imm_dbtimestamp -> org.hibernate.type.AdaptedImmutableType@45d8268e
[DEBUG] 2021-09-26 11:42:06.102 [http-nio-8080-exec-6] BasicTypeRegistry - Adding type registration imm_calendar -> org.hibernate.type.AdaptedImmutableType@5ca24acb
[DEBUG] 2021-09-26 11:42:06.102 [http-nio-8080-exec-6] BasicTypeRegistry - Adding type registration imm_calendar_date -> org.hibernate.type.AdaptedImmutableType@700c4549
[DEBUG] 2021-09-26 11:42:06.103 [http-nio-8080-exec-6] BasicTypeRegistry - Adding type registration imm_binary -> org.hibernate.type.AdaptedImmutableType@feb124e
[DEBUG] 2021-09-26 11:42:06.103 [http-nio-8080-exec-6] BasicTypeRegistry - Adding type registration imm_serializable -> org.hibernate.type.AdaptedImmutableType@b03b96b
[DEBUG] 2021-09-26 11:42:06.145 [http-nio-8080-exec-6] DefaultIdentifierGeneratorFactory - Registering IdentifierGenerator strategy [uuid2] -> [org.hibernate.id.UUIDGenerator]
[DEBUG] 2021-09-26 11:42:06.146 [http-nio-8080-exec-6] DefaultIdentifierGeneratorFactory - Registering IdentifierGenerator strategy [guid] -> [org.hibernate.id.GUIDGenerator]
[DEBUG] 2021-09-26 11:42:06.146 [http-nio-8080-exec-6] DefaultIdentifierGeneratorFactory - Registering IdentifierGenerator strategy [uuid] -> [org.hibernate.id.UUIDHexGenerator]
[DEBUG] 2021-09-26 11:42:06.147 [http-nio-8080-exec-6] DefaultIdentifierGeneratorFactory - Registering IdentifierGenerator strategy [uuid.hex] -> [org.hibernate.id.UUIDHexGenerator]
[DEBUG] 2021-09-26 11:42:06.147 [http-nio-8080-exec-6] DefaultIdentifierGeneratorFactory - Registering IdentifierGenerator strategy [assigned] -> [org.hibernate.id.Assigned]
[DEBUG] 2021-09-26 11:42:06.149 [http-nio-8080-exec-6] DefaultIdentifierGeneratorFactory - Registering IdentifierGenerator strategy [identity] -> [org.hibernate.id.IdentityGenerator]
[DEBUG] 2021-09-26 11:42:06.150 [http-nio-8080-exec-6] DefaultIdentifierGeneratorFactory - Registering IdentifierGenerator strategy [select] -> [org.hibernate.id.SelectGenerator]
[DEBUG] 2021-09-26 11:42:06.152 [http-nio-8080-exec-6] DefaultIdentifierGeneratorFactory - Registering IdentifierGenerator strategy [sequence] -> [org.hibernate.id.enhanced.SequenceStyleGenerator]
[DEBUG] 2021-09-26 11:42:06.153 [http-nio-8080-exec-6] DefaultIdentifierGeneratorFactory - Registering IdentifierGenerator strategy [seqhilo] -> [org.hibernate.id.SequenceHiLoGenerator]
[DEBUG] 2021-09-26 11:42:06.154 [http-nio-8080-exec-6] DefaultIdentifierGeneratorFactory - Registering IdentifierGenerator strategy [increment] -> [org.hibernate.id.IncrementGenerator]
[DEBUG] 2021-09-26 11:42:06.154 [http-nio-8080-exec-6] DefaultIdentifierGeneratorFactory - Registering IdentifierGenerator strategy [foreign] -> [org.hibernate.id.ForeignGenerator]
[DEBUG] 2021-09-26 11:42:06.155 [http-nio-8080-exec-6] DefaultIdentifierGeneratorFactory - Registering IdentifierGenerator strategy [sequence-identity] -> [org.hibernate.id.SequenceIdentityGenerator]
[DEBUG] 2021-09-26 11:42:06.155 [http-nio-8080-exec-6] DefaultIdentifierGeneratorFactory - Registering IdentifierGenerator strategy [enhanced-sequence] -> [org.hibernate.id.enhanced.SequenceStyleGenerator]
[DEBUG] 2021-09-26 11:42:06.155 [http-nio-8080-exec-6] DefaultIdentifierGeneratorFactory - Registering IdentifierGenerator strategy [enhanced-table] -> [org.hibernate.id.enhanced.TableGenerator]
[INFO ] 2021-09-26 11:42:06.164 [http-nio-8080-exec-6] C3P0ConnectionProvider - HHH010002: C3P0 using driver: com.mysql.cj.jdbc.Driver at URL: jdbc:mysql://localhost:3306/my_places_tracker
[INFO ] 2021-09-26 11:42:06.164 [http-nio-8080-exec-6] C3P0ConnectionProvider - HHH10001001: Connection properties: {password=****, user=root}
[INFO ] 2021-09-26 11:42:06.165 [http-nio-8080-exec-6] C3P0ConnectionProvider - HHH10001003: Autocommit mode: false
[INFO ] 2021-09-26 11:42:11.320 [http-nio-8080-exec-6] C3P0ConnectionProvider - HHH10001007: JDBC isolation level: <unknown>
[DEBUG] 2021-09-26 11:42:11.788 [http-nio-8080-exec-6] JdbcEnvironmentInitiator - Database ->
       name : MySQL
    version : 8.0.26
      major : 8
      minor : 0
[DEBUG] 2021-09-26 11:42:11.788 [http-nio-8080-exec-6] JdbcEnvironmentInitiator - Driver ->
       name : MySQL Connector/J
    version : mysql-connector-java-8.0.16 (Revision: 34cbc6bc61f72836e26327537a432d6db7c77de6)
      major : 8
      minor : 0
[DEBUG] 2021-09-26 11:42:11.788 [http-nio-8080-exec-6] JdbcEnvironmentInitiator - JDBC version : 4.2
[INFO ] 2021-09-26 11:42:11.827 [http-nio-8080-exec-6] Dialect - HHH000400: Using dialect: org.hibernate.dialect.MySQL8Dialect
[DEBUG] 2021-09-26 11:42:11.854 [http-nio-8080-exec-6] IdentifierHelperBuilder - JDBC driver metadata reported database stores quoted identifiers in more than one case
[DEBUG] 2021-09-26 11:42:11.879 [http-nio-8080-exec-6] IdentifierHelperBuilder - IdentifierCaseStrategy for both quoted and unquoted identifiers was set to the same strategy [MIXED]; that will likely lead to problems in schema update and validation if using quoted identifiers
[DEBUG] 2021-09-26 11:42:11.917 [http-nio-8080-exec-6] Namespace - Created database namespace [logicalName=Name{catalog=null, schema=null}, physicalName=Name{catalog=null, schema=null}]
[DEBUG] 2021-09-26 11:42:11.921 [http-nio-8080-exec-6] TypeConfiguration$Scope - Scoping TypeConfiguration [org.hibernate.type.spi.TypeConfiguration@61169b9e] to MetadataBuildingContext [org.hibernate.boot.internal.MetadataBuildingContextRootImpl@136d323]
[DEBUG] 2021-09-26 11:42:11.990 [http-nio-8080-exec-6] AnnotationBinder - Binding entity from annotated class: com.jilleliceiri.mptr.entity.Trip
[DEBUG] 2021-09-26 11:42:12.020 [http-nio-8080-exec-6] Ejb3Column - Binding column: Ejb3DiscriminatorColumn{logicalColumnName'DTYPE', discriminatorTypeName='string'}
[DEBUG] 2021-09-26 11:42:12.029 [http-nio-8080-exec-6] EntityBinder - Import with entity name Trip
[DEBUG] 2021-09-26 11:42:12.032 [http-nio-8080-exec-6] EntityBinder - Bind entity com.jilleliceiri.mptr.entity.Trip on table trips
[DEBUG] 2021-09-26 11:42:12.065 [http-nio-8080-exec-6] Ejb3Column - Binding column: Ejb3Column{table=org.hibernate.mapping.Table(trips), mappingColumn=id, insertable=true, updatable=true, unique=false}
[DEBUG] 2021-09-26 11:42:12.069 [http-nio-8080-exec-6] PropertyBinder - MetadataSourceProcessor property id with lazy=false
[DEBUG] 2021-09-26 11:42:12.071 [http-nio-8080-exec-6] AbstractPropertyHolder - Attempting to locate auto-apply AttributeConverter for property [com.jilleliceiri.mptr.entity.Trip:id]
[DEBUG] 2021-09-26 11:42:12.075 [http-nio-8080-exec-6] SimpleValueBinder - building SimpleValue for id
[DEBUG] 2021-09-26 11:42:12.077 [http-nio-8080-exec-6] PropertyBinder - Building property id
[DEBUG] 2021-09-26 11:42:12.083 [http-nio-8080-exec-6] BinderHelper - #makeIdGenerator(org.hibernate.mapping.SimpleValue([org.hibernate.mapping.Column(id)]), id, org.hibernate.id.enhanced.SequenceStyleGenerator, native, ...)
[DEBUG] 2021-09-26 11:42:12.084 [http-nio-8080-exec-6] Ejb3Column - Binding column: Ejb3Column{table=org.hibernate.mapping.Table(trips), mappingColumn=trip_name, insertable=true, updatable=true, unique=false}
[DEBUG] 2021-09-26 11:42:12.085 [http-nio-8080-exec-6] PropertyBinder - MetadataSourceProcessor property name with lazy=false
[DEBUG] 2021-09-26 11:42:12.085 [http-nio-8080-exec-6] AbstractPropertyHolder - Attempting to locate auto-apply AttributeConverter for property [com.jilleliceiri.mptr.entity.Trip:name]
[DEBUG] 2021-09-26 11:42:12.085 [http-nio-8080-exec-6] SimpleValueBinder - building SimpleValue for name
[DEBUG] 2021-09-26 11:42:12.085 [http-nio-8080-exec-6] PropertyBinder - Building property name
[DEBUG] 2021-09-26 11:42:12.087 [http-nio-8080-exec-6] SimpleValueBinder - Starting fillSimpleValue for id
[DEBUG] 2021-09-26 11:42:12.088 [http-nio-8080-exec-6] SimpleValueBinder - Starting fillSimpleValue for name
[DEBUG] 2021-09-26 11:42:12.089 [http-nio-8080-exec-6] PrimaryKey - Forcing column [id] to be non-null as it is part of the primary key for table [trips]
[DEBUG] 2021-09-26 11:42:12.134 [http-nio-8080-exec-6] SessionFactoryImpl - Building session factory
[DEBUG] 2021-09-26 11:42:12.135 [http-nio-8080-exec-6] Settings - SessionFactory name : null
[DEBUG] 2021-09-26 11:42:12.135 [http-nio-8080-exec-6] Settings - Automatic flush during beforeCompletion(): enabled
[DEBUG] 2021-09-26 11:42:12.135 [http-nio-8080-exec-6] Settings - Automatic session close at end of transaction: disabled
[DEBUG] 2021-09-26 11:42:12.136 [http-nio-8080-exec-6] Settings - Statistics: disabled
[DEBUG] 2021-09-26 11:42:12.136 [http-nio-8080-exec-6] Settings - Deleted entity synthetic identifier rollback: disabled
[DEBUG] 2021-09-26 11:42:12.136 [http-nio-8080-exec-6] Settings - Default entity-mode: pojo
[DEBUG] 2021-09-26 11:42:12.136 [http-nio-8080-exec-6] Settings - Check Nullability in Core (should be disabled when Bean Validation is on): enabled
[DEBUG] 2021-09-26 11:42:12.136 [http-nio-8080-exec-6] Settings - Allow initialization of lazy state outside session : disabled
[DEBUG] 2021-09-26 11:42:12.136 [http-nio-8080-exec-6] Settings - Using BatchFetchStyle : LEGACY
[DEBUG] 2021-09-26 11:42:12.136 [http-nio-8080-exec-6] Settings - Default batch fetch size: -1
[DEBUG] 2021-09-26 11:42:12.136 [http-nio-8080-exec-6] Settings - Maximum outer join fetch depth: 2
[DEBUG] 2021-09-26 11:42:12.136 [http-nio-8080-exec-6] Settings - Default null ordering: NONE
[DEBUG] 2021-09-26 11:42:12.136 [http-nio-8080-exec-6] Settings - Order SQL updates by primary key: disabled
[DEBUG] 2021-09-26 11:42:12.136 [http-nio-8080-exec-6] Settings - Order SQL inserts for batching: disabled
[DEBUG] 2021-09-26 11:42:12.136 [http-nio-8080-exec-6] Settings - multi-tenancy strategy : NONE
[DEBUG] 2021-09-26 11:42:12.136 [http-nio-8080-exec-6] Settings - JTA Track by Thread: enabled
[DEBUG] 2021-09-26 11:42:12.136 [http-nio-8080-exec-6] Settings - Query language substitutions: {}
[DEBUG] 2021-09-26 11:42:12.136 [http-nio-8080-exec-6] Settings - Named query checking : enabled
[DEBUG] 2021-09-26 11:42:12.136 [http-nio-8080-exec-6] Settings - Second-level cache: disabled
[DEBUG] 2021-09-26 11:42:12.136 [http-nio-8080-exec-6] Settings - Second-level query cache: disabled
[DEBUG] 2021-09-26 11:42:12.136 [http-nio-8080-exec-6] Settings - Second-level query cache factory: null
[DEBUG] 2021-09-26 11:42:12.136 [http-nio-8080-exec-6] Settings - Second-level cache region prefix: null
[DEBUG] 2021-09-26 11:42:12.136 [http-nio-8080-exec-6] Settings - Optimize second-level cache for minimal puts: disabled
[DEBUG] 2021-09-26 11:42:12.136 [http-nio-8080-exec-6] Settings - Structured second-level cache entries: disabled
[DEBUG] 2021-09-26 11:42:12.136 [http-nio-8080-exec-6] Settings - Second-level cache direct-reference entries: disabled
[DEBUG] 2021-09-26 11:42:12.137 [http-nio-8080-exec-6] Settings - Automatic eviction of collection cache: disabled
[DEBUG] 2021-09-26 11:42:12.137 [http-nio-8080-exec-6] Settings - JDBC batch size: 15
[DEBUG] 2021-09-26 11:42:12.137 [http-nio-8080-exec-6] Settings - JDBC batch updates for versioned data: enabled
[DEBUG] 2021-09-26 11:42:12.137 [http-nio-8080-exec-6] Settings - Scrollable result sets: enabled
[DEBUG] 2021-09-26 11:42:12.137 [http-nio-8080-exec-6] Settings - Wrap result sets: disabled
[DEBUG] 2021-09-26 11:42:12.137 [http-nio-8080-exec-6] Settings - JDBC3 getGeneratedKeys(): enabled
[DEBUG] 2021-09-26 11:42:12.137 [http-nio-8080-exec-6] Settings - JDBC result set fetch size: null
[DEBUG] 2021-09-26 11:42:12.137 [http-nio-8080-exec-6] Settings - Connection release mode: AFTER_TRANSACTION
[DEBUG] 2021-09-26 11:42:12.137 [http-nio-8080-exec-6] Settings - Generate SQL with comments: disabled
[DEBUG] 2021-09-26 11:42:12.137 [http-nio-8080-exec-6] Settings - JPA compliance - query : 
[DEBUG] 2021-09-26 11:42:12.137 [http-nio-8080-exec-6] Settings - JPA compliance - closed-handling : 
[DEBUG] 2021-09-26 11:42:12.137 [http-nio-8080-exec-6] Settings - JPA compliance - lists : 
[DEBUG] 2021-09-26 11:42:12.137 [http-nio-8080-exec-6] Settings - JPA compliance - transactions : 
[INFO ] 2021-09-26 11:42:12.225 [http-nio-8080-exec-6] beans - HHH10005002: No explicit CDI BeanManager reference was passed to Hibernate, but CDI is available on the Hibernate ClassLoader.
[DEBUG] 2021-09-26 11:42:12.252 [http-nio-8080-exec-6] SessionFactoryImpl - Session factory constructed with filter configurations : {}
[DEBUG] 2021-09-26 11:42:12.253 [http-nio-8080-exec-6] SessionFactoryImpl - Instantiating session factory with properties: {awt.toolkit=sun.lwawt.macosx.LWCToolkit, java.specification.version=11, sun.cpu.isalist=, hibernate.c3p0.idle_test_period=3000, sun.jnu.encoding=UTF-8, hibernate.c3p0.min_size=5, sun.arch.data.model=64, java.vendor.url=https://openjdk.java.net/, catalina.useNaming=true, openejb.provider.default=org.apache.tomee, sun.boot.library.path=/Library/Java/JavaVirtualMachines/jdk-11.0.12.jdk/Contents/Home/lib, com.sun.management.jmxremote.ssl=false, sun.java.command=org.apache.catalina.startup.Bootstrap start, jdk.debug=release, java.specification.vendor=Oracle Corporation, java.naming.factory.url.pkgs=org.apache.naming:org.apache.openejb.core.ivm.naming, openejb.embedder.source=ServerListener, java.version.date=2021-07-20, java.home=/Library/Java/JavaVirtualMachines/jdk-11.0.12.jdk/Contents/Home, ignore.endorsed.dirs=, file.separator=/, java.vm.compressedOopsMode=Zero based, line.separator=
, org.apache.activemq.broker.jmx.createConnector=false, hibernate.c3p0.timeout=300, java.specification.name=Java Platform API Specification, java.vm.specification.vendor=Oracle Corporation, openejb.scan.webapp.container=true, com.sun.management.jmxremote.password.file=/Users/jk/Library/Caches/JetBrains/IntelliJIdea2021.2/tomcat/b83eb798-9464-4928-82f9-f61aa6e7ce2d/jmxremote.password, package.definition=sun.,java.,org.apache.catalina.,org.apache.coyote.,org.apache.jasper.,org.apache.naming.,org.apache.tomcat., openejb.deployments.classpath.filter.systemapps=false, jdk.tls.ephemeralDHKeySize=2048, java.util.logging.config.file=/Users/jk/Library/Caches/JetBrains/IntelliJIdea2021.2/tomcat/b83eb798-9464-4928-82f9-f61aa6e7ce2d/conf/logging.properties, java.protocol.handler.pkgs=org.apache.catalina.webresources, connection.password=Java2021!, sun.management.compiler=HotSpot 64-Bit Tiered Compilers, openejb.scan.webapp.container.excludes=, java.runtime.version=11.0.12+8-LTS-237, user.name=jk, org.apache.johnzon.max-string-length=8192, file.encoding=UTF-8, java.vendor.version=18.9, derby.system.home=/Users/jk/tomcat/bin, org.apache.catalina.security.SecurityListener.UMASK=0027, hibernate.connection.driver_class=com.mysql.cj.jdbc.Driver, java.io.tmpdir=/Users/jk/tomcat/temp, tomcat.util.scan.StandardJarScanFilter.jarsToScan=log4j-taglib*.jar,log4j-web*.jar,log4javascript*.jar,slf4j-taglib*.jar, java.version=11.0.12, com.sun.management.jmxremote.port=1099, tomcat.util.scan.StandardJarScanFilter.jarsToSkip=annotations-api.jar,ant-junit*.jar,ant-launcher.jar,ant.jar,asm-*.jar,aspectj*.jar,bootstrap.jar,catalina-ant.jar,catalina-ha.jar,catalina-jmx-remote.jar,catalina-storeconfig.jar,catalina-tribes.jar,catalina-ws.jar,catalina.jar,cglib-*.jar,cobertura-*.jar,commons-beanutils*.jar,commons-codec*.jar,commons-collections*.jar,commons-daemon.jar,commons-dbcp*.jar,commons-digester*.jar,commons-fileupload*.jar,commons-httpclient*.jar,commons-io*.jar,commons-lang*.jar,commons-logging*.jar,commons-math*.jar,commons-pool*.jar,dom4j-*.jar,easymock-*.jar,ecj-*.jar,el-api.jar,geronimo-spec-jaxrpc*.jar,h2*.jar,hamcrest-*.jar,hibernate*.jar,httpclient*.jar,icu4j-*.jar,jasper-el.jar,jasper.jar,jaspic-api.jar,jaxb-*.jar,jaxen-*.jar,jdom-*.jar,jetty-*.jar,jmx-tools.jar,jmx.jar,jsp-api.jar,jstl.jar,jta*.jar,junit-*.jar,junit.jar,log4j*.jar,mail*.jar,objenesis-*.jar,oraclepki.jar,oro-*.jar,servlet-api-*.jar,servlet-api.jar,slf4j*.jar,taglibs-standard-spec-*.jar,tagsoup-*.jar,tomcat-api.jar,tomcat-coyote.jar,tomcat-dbcp.jar,tomcat-i18n-*.jar,tomcat-jdbc.jar,tomcat-jni.jar,tomcat-juli-adapters.jar,tomcat-juli.jar,tomcat-util-scan.jar,tomcat-util.jar,tomcat-websocket.jar,tools.jar,websocket-api.jar,wsdl4j*.jar,xercesImpl.jar,xml-apis.jar,xmlParserAPIs-*.jar,xmlParserAPIs.jar,xom-*.jar, connection.username=root, java.vm.specification.name=Java Virtual Machine Specification, java.awt.printerjob=sun.lwawt.macosx.CPrinterJob, sun.os.patch.level=unknown, connection.driver_class=com.mysql.cj.jdbc.Driver, tomcat.built=Jun 30 2020 21:49:10 UTC, java.library.path=/Users/jk/Library/Java/Extensions:/Library/Java/Extensions:/Network/Library/Java/Extensions:/System/Library/Java/Extensions:/usr/lib/java:., java.vendor=Oracle Corporation, tomee.version=7.1.4, java.rmi.server.randomIDs=true, sun.io.unicode.encoding=UnicodeBig, tomcat.util.buf.StringCache.byte.enabled=true, socksNonProxyHosts=local|*.local|169.254/16|*.169.254/16, gopherProxySet=false, java.class.path=/Users/jk/tomcat/bin/bootstrap.jar:/Users/jk/tomcat/bin/tomcat-juli.jar, tomcat.version=8.5.57.0, java.vm.vendor=Oracle Corporation, openejb.home=/Users/jk/tomcat, openejb.system.apps=true, user.timezone=America/Chicago, os.name=Mac OS X, java.vm.specification.version=11, sun.java.launcher=SUN_STANDARD, user.country=US, openejb.base=/Users/jk/Library/Caches/JetBrains/IntelliJIdea2021.2/tomcat/b83eb798-9464-4928-82f9-f61aa6e7ce2d, http.nonProxyHosts=local|*.local|169.254/16|*.169.254/16, com.sun.management.jmxremote=, sun.cpu.endian=little, user.home=/Users/jk, hibernate.c3p0.max_statements=50, user.language=en, openejb.deployments.classpath=false, java.awt.graphicsenv=sun.awt.CGraphicsEnvironment, package.access=sun.,org.apache.catalina.,org.apache.coyote.,org.apache.jasper.,org.apache.tomcat., openejb.loader=tomcat-system, server.loader=, com.sun.management.jmxremote.access.file=/Users/jk/Library/Caches/JetBrains/IntelliJIdea2021.2/tomcat/b83eb798-9464-4928-82f9-f61aa6e7ce2d/jmxremote.access, ftp.nonProxyHosts=local|*.local|169.254/16|*.169.254/16, hibernate.c3p0.max_size=20, java.naming.factory.initial=org.apache.naming.java.javaURLContextFactory, path.separator=:, org.apache.openejb.core.security.JaccProvider=org.apache.openejb.core.security.jacc.BasicJaccProvider, common.loader="/Users/jk/tomcat/lib","/Users/jk/tomcat/lib/*.jar","/Users/jk/tomcat/lib","/Users/jk/tomcat/lib/*.jar", hibernate.connection.username=****, os.version=11.5, openejb.version=7.1.4, org.apache.security.jacc.EJBMethodPermission.methodInterfaces=BusinessLocalHome,BusinessRemoteHome,BusinessRemote,BusinessLocal, java.runtime.name=Java(TM) SE Runtime Environment, hibernate.connection.url=jdbc:mysql://localhost:3306/my_places_tracker, java.vm.name=Java HotSpot(TM) 64-Bit Server VM, openejb.scan.webapp.container.includes=.*(geronimo|mp-jwt|failsafe).*, tomee.remote.support=true, java.vendor.url.bug=https://bugreport.java.com/bugreport/, catalina.home=/Users/jk/tomcat, user.dir=/Users/jk/tomcat/bin, bval.in-container=true, os.arch=x86_64, openjpa.Log=org.apache.openejb.openjpa.JULOpenJPALogFactory, hibernate.connection.password=****, tomee.serialization.class.blacklist=-, tomee.serialization.class.whitelist=, shared.loader=, catalina.base=/Users/jk/Library/Caches/JetBrains/IntelliJIdea2021.2/tomcat/b83eb798-9464-4928-82f9-f61aa6e7ce2d, hibernate.boot.CfgXmlAccessService.key=org.hibernate.boot.cfgxml.spi.LoadedConfig@bed1366, noBanner=true, java.util.logging.manager=org.apache.juli.ClassLoaderLogManager, org.apache.webbeans.logger.WebBeansLoggerFacade=org.apache.openejb.cdi.logging.ContainerJULLoggerFactory, java.vm.info=mixed mode, java.vm.version=11.0.12+8-LTS-237, hibernate.bytecode.use_reflection_optimizer=false, java.rmi.server.hostname=127.0.0.1, javax.security.jacc.PolicyConfigurationFactory.provider=org.apache.openejb.core.security.JaccProvider$Factory, connection.url=jdbc:mysql://localhost:3306/my_places_tracker, java.class.version=55.0, authconfigprovider.factory=false}
[DEBUG] 2021-09-26 11:42:12.291 [http-nio-8080-exec-6] ClassLoaderAccessImpl - Not known whether passed class name [com.jilleliceiri.mptr.entity.Trip] is safe
[DEBUG] 2021-09-26 11:42:12.291 [http-nio-8080-exec-6] ClassLoaderAccessImpl - No temp ClassLoader provided; using live ClassLoader for loading potentially unsafe class : com.jilleliceiri.mptr.entity.Trip
[DEBUG] 2021-09-26 11:42:12.311 [http-nio-8080-exec-6] JaccIntegrator - Skipping JACC integration as it was not enabled
[DEBUG] 2021-09-26 11:42:12.312 [http-nio-8080-exec-6] SessionFactoryImpl - Instantiated session factory
[DEBUG] 2021-09-26 11:42:12.312 [http-nio-8080-exec-6] TypeConfiguration$Scope - Scoping TypeConfiguration [org.hibernate.type.spi.TypeConfiguration@61169b9e] to SessionFactoryImpl [org.hibernate.internal.SessionFactoryImpl@60eff9cb]
[DEBUG] 2021-09-26 11:42:12.402 [http-nio-8080-exec-6] ClassLoaderAccessImpl - Not known whether passed class name [com.jilleliceiri.mptr.entity.Trip] is safe
[DEBUG] 2021-09-26 11:42:12.402 [http-nio-8080-exec-6] ClassLoaderAccessImpl - No temp ClassLoader provided; using live ClassLoader for loading potentially unsafe class : com.jilleliceiri.mptr.entity.Trip
[DEBUG] 2021-09-26 11:42:12.428 [http-nio-8080-exec-6] ClassLoaderAccessImpl - Not known whether passed class name [com.jilleliceiri.mptr.entity.Trip] is safe
[DEBUG] 2021-09-26 11:42:12.429 [http-nio-8080-exec-6] ClassLoaderAccessImpl - No temp ClassLoader provided; using live ClassLoader for loading potentially unsafe class : com.jilleliceiri.mptr.entity.Trip
[DEBUG] 2021-09-26 11:42:12.699 [http-nio-8080-exec-6] AbstractEntityPersister - Static SQL for entity: com.jilleliceiri.mptr.entity.Trip
[DEBUG] 2021-09-26 11:42:12.699 [http-nio-8080-exec-6] AbstractEntityPersister -  Version select: select id from trips where id =?
[DEBUG] 2021-09-26 11:42:12.699 [http-nio-8080-exec-6] AbstractEntityPersister -  Snapshot select: select trip_.id, trip_.trip_name as trip_nam2_0_ from trips trip_ where trip_.id=?
[DEBUG] 2021-09-26 11:42:12.699 [http-nio-8080-exec-6] AbstractEntityPersister -  Insert 0: insert into trips (trip_name, id) values (?, ?)
[DEBUG] 2021-09-26 11:42:12.699 [http-nio-8080-exec-6] AbstractEntityPersister -  Update 0: update trips set trip_name=? where id=?
[DEBUG] 2021-09-26 11:42:12.699 [http-nio-8080-exec-6] AbstractEntityPersister -  Delete 0: delete from trips where id=?
[DEBUG] 2021-09-26 11:42:12.700 [http-nio-8080-exec-6] AbstractEntityPersister -  Identity insert: insert into trips (trip_name) values (?)
[DEBUG] 2021-09-26 11:42:12.742 [http-nio-8080-exec-6] QuerySpacesImpl - Adding QuerySpace : uid = <gen:0> -> org.hibernate.loader.plan.build.internal.spaces.EntityQuerySpaceImpl@60ecdbd8]
[DEBUG] 2021-09-26 11:42:12.744 [http-nio-8080-exec-6] MetamodelGraphWalker - Visiting attribute path : name
[DEBUG] 2021-09-26 11:42:12.744 [http-nio-8080-exec-6] FetchStyleLoadPlanBuildingAssociationVisitationStrategy - Building LoadPlan...
[DEBUG] 2021-09-26 11:42:12.764 [http-nio-8080-exec-6] LoadQueryJoinAndFetchProcessor - processing queryspace <gen:0>
[DEBUG] 2021-09-26 11:42:12.770 [http-nio-8080-exec-6] LoadPlanTreePrinter - LoadPlan(entity=com.jilleliceiri.mptr.entity.Trip)
    - Returns
       - EntityReturnImpl(entity=com.jilleliceiri.mptr.entity.Trip, querySpaceUid=<gen:0>, path=com.jilleliceiri.mptr.entity.Trip)
    - QuerySpaces
       - EntityQuerySpaceImpl(uid=<gen:0>, entity=com.jilleliceiri.mptr.entity.Trip)
          - SQL table alias mapping - trip0_
          - alias suffix - 0_
          - suffixed key columns - {id1_0_0_}

[DEBUG] 2021-09-26 11:42:12.773 [http-nio-8080-exec-6] EntityLoader - Static select for entity com.jilleliceiri.mptr.entity.Trip [NONE]: select trip0_.id as id1_0_0_, trip0_.trip_name as trip_nam2_0_0_ from trips trip0_ where trip0_.id=?
[DEBUG] 2021-09-26 11:42:12.773 [http-nio-8080-exec-6] QuerySpacesImpl - Adding QuerySpace : uid = <gen:0> -> org.hibernate.loader.plan.build.internal.spaces.EntityQuerySpaceImpl@77de7987]
[DEBUG] 2021-09-26 11:42:12.773 [http-nio-8080-exec-6] MetamodelGraphWalker - Visiting attribute path : name
[DEBUG] 2021-09-26 11:42:12.773 [http-nio-8080-exec-6] FetchStyleLoadPlanBuildingAssociationVisitationStrategy - Building LoadPlan...
[DEBUG] 2021-09-26 11:42:12.773 [http-nio-8080-exec-6] LoadQueryJoinAndFetchProcessor - processing queryspace <gen:0>
[DEBUG] 2021-09-26 11:42:12.774 [http-nio-8080-exec-6] LoadPlanTreePrinter - LoadPlan(entity=com.jilleliceiri.mptr.entity.Trip)
    - Returns
       - EntityReturnImpl(entity=com.jilleliceiri.mptr.entity.Trip, querySpaceUid=<gen:0>, path=com.jilleliceiri.mptr.entity.Trip)
    - QuerySpaces
       - EntityQuerySpaceImpl(uid=<gen:0>, entity=com.jilleliceiri.mptr.entity.Trip)
          - SQL table alias mapping - trip0_
          - alias suffix - 0_
          - suffixed key columns - {id1_0_0_}

[DEBUG] 2021-09-26 11:42:12.774 [http-nio-8080-exec-6] EntityLoader - Static select for entity com.jilleliceiri.mptr.entity.Trip [READ]: select trip0_.id as id1_0_0_, trip0_.trip_name as trip_nam2_0_0_ from trips trip0_ where trip0_.id=?
[DEBUG] 2021-09-26 11:42:12.791 [http-nio-8080-exec-6] Loader - Static select for action ACTION_MERGE on entity com.jilleliceiri.mptr.entity.Trip: select trip0_.id as id1_0_0_, trip0_.trip_name as trip_nam2_0_0_ from trips trip0_ where trip0_.id=?
[DEBUG] 2021-09-26 11:42:12.792 [http-nio-8080-exec-6] Loader - Static select for action ACTION_REFRESH on entity com.jilleliceiri.mptr.entity.Trip: select trip0_.id as id1_0_0_, trip0_.trip_name as trip_nam2_0_0_ from trips trip0_ where trip0_.id=?
[DEBUG] 2021-09-26 11:42:12.834 [http-nio-8080-exec-6] SchemaManagementToolCoordinator - No actions specified; doing nothing
[DEBUG] 2021-09-26 11:42:12.834 [http-nio-8080-exec-6] JtaPlatformInitiator - No JtaPlatform was specified, checking resolver
[DEBUG] 2021-09-26 11:42:12.835 [http-nio-8080-exec-6] JtaPlatformResolverInitiator - No JtaPlatformResolver was specified, using default [org.hibernate.engine.transaction.jta.platform.internal.StandardJtaPlatformResolver]
[DEBUG] 2021-09-26 11:42:12.844 [http-nio-8080-exec-6] StandardJtaPlatformResolver - Could not resolve JtaPlatform, using default [org.hibernate.engine.transaction.jta.platform.internal.NoJtaPlatform]
[INFO ] 2021-09-26 11:42:12.845 [http-nio-8080-exec-6] JtaPlatformInitiator - HHH000490: Using JtaPlatform implementation: [org.hibernate.engine.transaction.jta.platform.internal.NoJtaPlatform]
[DEBUG] 2021-09-26 11:42:12.846 [http-nio-8080-exec-6] NamedQueryRepository - Checking 0 named HQL queries
[DEBUG] 2021-09-26 11:42:12.846 [http-nio-8080-exec-6] NamedQueryRepository - Checking 0 named SQL queries
[DEBUG] 2021-09-26 11:42:12.848 [http-nio-8080-exec-6] SessionFactoryRegistry - Initializing SessionFactoryRegistry : org.hibernate.internal.SessionFactoryRegistry@334a943c
[DEBUG] 2021-09-26 11:42:12.850 [http-nio-8080-exec-6] SessionFactoryRegistry - Registering SessionFactory: 9db696e7-593d-4ec9-b4bf-5e1d21642c65 (<unnamed>)
[DEBUG] 2021-09-26 11:42:12.850 [http-nio-8080-exec-6] SessionFactoryRegistry - Not binding SessionFactory to JNDI, no JNDI name configured
[DEBUG] 2021-09-26 11:42:12.959 [http-nio-8080-exec-6] StatisticsInitiator - Statistics initialized [enabled=false]
[DEBUG] 2021-09-26 11:42:13.026 [http-nio-8080-exec-6] CriteriaQueryImpl - Rendered criteria query -> select generatedAlias0 from Trip as generatedAlias0
[DEBUG] 2021-09-26 11:42:13.045 [http-nio-8080-exec-6] QueryTranslatorFactoryInitiator - QueryTranslatorFactory: org.hibernate.hql.internal.ast.ASTQueryTranslatorFactory@7a588431
[DEBUG] 2021-09-26 11:42:13.072 [http-nio-8080-exec-6] QueryTranslatorImpl - parse() - HQL: select generatedAlias0 from com.jilleliceiri.mptr.entity.Trip as generatedAlias0
[DEBUG] 2021-09-26 11:42:13.077 [http-nio-8080-exec-6] ErrorTracker - throwQueryException() : no errors
[DEBUG] 2021-09-26 11:42:13.084 [http-nio-8080-exec-6] QueryTranslatorImpl - --- HQL AST ---
 \-[QUERY] Node: 'query'
    \-[SELECT_FROM] Node: 'SELECT_FROM'
       +-[FROM] Node: 'from'
       |  \-[RANGE] Node: 'RANGE'
       |     +-[DOT] Node: '.'
       |     |  +-[DOT] Node: '.'
       |     |  |  +-[DOT] Node: '.'
       |     |  |  |  +-[DOT] Node: '.'
       |     |  |  |  |  +-[IDENT] Node: 'com'
       |     |  |  |  |  \-[IDENT] Node: 'jilleliceiri'
       |     |  |  |  \-[IDENT] Node: 'mptr'
       |     |  |  \-[IDENT] Node: 'entity'
       |     |  \-[IDENT] Node: 'Trip'
       |     \-[ALIAS] Node: 'generatedAlias0'
       \-[SELECT] Node: 'select'
          \-[IDENT] Node: 'generatedAlias0'

[DEBUG] 2021-09-26 11:42:13.109 [http-nio-8080-exec-6] HqlSqlBaseWalker - select << begin [level=1, statement=select]
[DEBUG] 2021-09-26 11:42:13.126 [http-nio-8080-exec-6] FromElement - FromClause{level=1} : com.jilleliceiri.mptr.entity.Trip (generatedAlias0) -> trip0_
[DEBUG] 2021-09-26 11:42:13.127 [http-nio-8080-exec-6] FromReferenceNode - Resolved : generatedAlias0 -> trip0_.id
[DEBUG] 2021-09-26 11:42:13.129 [http-nio-8080-exec-6] HqlSqlBaseWalker - select : finishing up [level=1, statement=select]
[DEBUG] 2021-09-26 11:42:13.129 [http-nio-8080-exec-6] HqlSqlWalker - processQuery() :  ( SELECT ( {select clause} trip0_.id ) ( FromClause{level=1} trips trip0_ ) )
[DEBUG] 2021-09-26 11:42:13.140 [http-nio-8080-exec-6] JoinProcessor - Using FROM fragment [trips trip0_]
[DEBUG] 2021-09-26 11:42:13.140 [http-nio-8080-exec-6] HqlSqlBaseWalker - select >> end [level=1, statement=select]
[DEBUG] 2021-09-26 11:42:13.141 [http-nio-8080-exec-6] QueryTranslatorImpl - --- SQL AST ---
 \-[SELECT] QueryNode: 'SELECT'  querySpaces (trips)
    +-[SELECT_CLAUSE] SelectClause: '{select clause}'
    |  +-[ALIAS_REF] IdentNode: 'trip0_.id as id1_0_' {alias=generatedAlias0, className=com.jilleliceiri.mptr.entity.Trip, tableAlias=trip0_}
    |  \-[SQL_TOKEN] SqlFragment: 'trip0_.trip_name as trip_nam2_0_'
    \-[FROM] FromClause: 'from' FromClause{level=1, fromElementCounter=1, fromElements=1, fromElementByClassAlias=[generatedAlias0], fromElementByTableAlias=[trip0_], fromElementsByPath=[], collectionJoinFromElementsByPath=[], impliedElements=[]}
       \-[FROM_FRAGMENT] FromElement: 'trips trip0_' FromElement{explicit,not a collection join,not a fetch join,fetch non-lazy properties,classAlias=generatedAlias0,role=null,tableName=trips,tableAlias=trip0_,origin=null,columns={,className=com.jilleliceiri.mptr.entity.Trip}}

[DEBUG] 2021-09-26 11:42:13.141 [http-nio-8080-exec-6] ErrorTracker - throwQueryException() : no errors
[DEBUG] 2021-09-26 11:42:13.148 [http-nio-8080-exec-6] QueryTranslatorImpl - HQL: select generatedAlias0 from com.jilleliceiri.mptr.entity.Trip as generatedAlias0
[DEBUG] 2021-09-26 11:42:13.148 [http-nio-8080-exec-6] QueryTranslatorImpl - SQL: select trip0_.id as id1_0_, trip0_.trip_name as trip_nam2_0_ from trips trip0_
[DEBUG] 2021-09-26 11:42:13.148 [http-nio-8080-exec-6] ErrorTracker - throwQueryException() : no errors
[DEBUG] 2021-09-26 11:42:13.164 [http-nio-8080-exec-6] SQL - select trip0_.id as id1_0_, trip0_.trip_name as trip_nam2_0_ from trips trip0_
[DEBUG] 2021-09-26 11:42:13.186 [http-nio-8080-exec-6] Loader - Result set row: 0
[DEBUG] 2021-09-26 11:42:13.192 [http-nio-8080-exec-6] Loader - Result row: EntityKey[com.jilleliceiri.mptr.entity.Trip#1]
[DEBUG] 2021-09-26 11:42:13.200 [http-nio-8080-exec-6] Loader - Result set row: 1
[DEBUG] 2021-09-26 11:42:13.201 [http-nio-8080-exec-6] Loader - Result row: EntityKey[com.jilleliceiri.mptr.entity.Trip#2]
[DEBUG] 2021-09-26 11:42:13.201 [http-nio-8080-exec-6] Loader - Result set row: 2
[DEBUG] 2021-09-26 11:42:13.201 [http-nio-8080-exec-6] Loader - Result row: EntityKey[com.jilleliceiri.mptr.entity.Trip#3]
[DEBUG] 2021-09-26 11:42:13.202 [http-nio-8080-exec-6] TwoPhaseLoad - Resolving attributes for [com.jilleliceiri.mptr.entity.Trip#1]
[DEBUG] 2021-09-26 11:42:13.203 [http-nio-8080-exec-6] TwoPhaseLoad - Processing attribute `name` : value = Winter Break
[DEBUG] 2021-09-26 11:42:13.203 [http-nio-8080-exec-6] TwoPhaseLoad - Attribute (`name`)  - enhanced for lazy-loading? - false
[DEBUG] 2021-09-26 11:42:13.204 [http-nio-8080-exec-6] TwoPhaseLoad - Done materializing entity [com.jilleliceiri.mptr.entity.Trip#1]
[DEBUG] 2021-09-26 11:42:13.204 [http-nio-8080-exec-6] TwoPhaseLoad - Resolving attributes for [com.jilleliceiri.mptr.entity.Trip#2]
[DEBUG] 2021-09-26 11:42:13.204 [http-nio-8080-exec-6] TwoPhaseLoad - Processing attribute `name` : value = Fall Tour
[DEBUG] 2021-09-26 11:42:13.204 [http-nio-8080-exec-6] TwoPhaseLoad - Attribute (`name`)  - enhanced for lazy-loading? - false
[DEBUG] 2021-09-26 11:42:13.204 [http-nio-8080-exec-6] TwoPhaseLoad - Done materializing entity [com.jilleliceiri.mptr.entity.Trip#2]
[DEBUG] 2021-09-26 11:42:13.204 [http-nio-8080-exec-6] TwoPhaseLoad - Resolving attributes for [com.jilleliceiri.mptr.entity.Trip#3]
[DEBUG] 2021-09-26 11:42:13.204 [http-nio-8080-exec-6] TwoPhaseLoad - Processing attribute `name` : value = tripName
[DEBUG] 2021-09-26 11:42:13.204 [http-nio-8080-exec-6] TwoPhaseLoad - Attribute (`name`)  - enhanced for lazy-loading? - false
[DEBUG] 2021-09-26 11:42:13.204 [http-nio-8080-exec-6] TwoPhaseLoad - Done materializing entity [com.jilleliceiri.mptr.entity.Trip#3]
[DEBUG] 2021-09-26 11:42:13.206 [http-nio-8080-exec-6] LogicalConnectionManagedImpl - Initiating JDBC connection release from afterTransaction
[DEBUG] 2021-09-26 11:42:13.523 [http-nio-8080-exec-9] CriteriaQueryImpl - Rendered criteria query -> select generatedAlias0 from Trip as generatedAlias0
[DEBUG] 2021-09-26 11:42:13.523 [http-nio-8080-exec-9] SQL - select trip0_.id as id1_0_, trip0_.trip_name as trip_nam2_0_ from trips trip0_
[DEBUG] 2021-09-26 11:42:13.525 [http-nio-8080-exec-9] Loader - Result set row: 0
[DEBUG] 2021-09-26 11:42:13.526 [http-nio-8080-exec-9] Loader - Result row: EntityKey[com.jilleliceiri.mptr.entity.Trip#1]
[DEBUG] 2021-09-26 11:42:13.526 [http-nio-8080-exec-9] Loader - Result set row: 1
[DEBUG] 2021-09-26 11:42:13.526 [http-nio-8080-exec-9] Loader - Result row: EntityKey[com.jilleliceiri.mptr.entity.Trip#2]
[DEBUG] 2021-09-26 11:42:13.526 [http-nio-8080-exec-9] Loader - Result set row: 2
[DEBUG] 2021-09-26 11:42:13.526 [http-nio-8080-exec-9] Loader - Result row: EntityKey[com.jilleliceiri.mptr.entity.Trip#3]
[DEBUG] 2021-09-26 11:42:13.526 [http-nio-8080-exec-9] TwoPhaseLoad - Resolving attributes for [com.jilleliceiri.mptr.entity.Trip#1]
[DEBUG] 2021-09-26 11:42:13.526 [http-nio-8080-exec-9] TwoPhaseLoad - Processing attribute `name` : value = Winter Break
[DEBUG] 2021-09-26 11:42:13.526 [http-nio-8080-exec-9] TwoPhaseLoad - Attribute (`name`)  - enhanced for lazy-loading? - false
[DEBUG] 2021-09-26 11:42:13.526 [http-nio-8080-exec-9] TwoPhaseLoad - Done materializing entity [com.jilleliceiri.mptr.entity.Trip#1]
[DEBUG] 2021-09-26 11:42:13.527 [http-nio-8080-exec-9] TwoPhaseLoad - Resolving attributes for [com.jilleliceiri.mptr.entity.Trip#2]
[DEBUG] 2021-09-26 11:42:13.527 [http-nio-8080-exec-9] TwoPhaseLoad - Processing attribute `name` : value = Fall Tour
[DEBUG] 2021-09-26 11:42:13.527 [http-nio-8080-exec-9] TwoPhaseLoad - Attribute (`name`)  - enhanced for lazy-loading? - false
[DEBUG] 2021-09-26 11:42:13.527 [http-nio-8080-exec-9] TwoPhaseLoad - Done materializing entity [com.jilleliceiri.mptr.entity.Trip#2]
[DEBUG] 2021-09-26 11:42:13.527 [http-nio-8080-exec-9] TwoPhaseLoad - Resolving attributes for [com.jilleliceiri.mptr.entity.Trip#3]
[DEBUG] 2021-09-26 11:42:13.527 [http-nio-8080-exec-9] TwoPhaseLoad - Processing attribute `name` : value = tripName
[DEBUG] 2021-09-26 11:42:13.527 [http-nio-8080-exec-9] TwoPhaseLoad - Attribute (`name`)  - enhanced for lazy-loading? - false
[DEBUG] 2021-09-26 11:42:13.527 [http-nio-8080-exec-9] TwoPhaseLoad - Done materializing entity [com.jilleliceiri.mptr.entity.Trip#3]
[DEBUG] 2021-09-26 11:42:13.527 [http-nio-8080-exec-9] LogicalConnectionManagedImpl - Initiating JDBC connection release from afterTransaction
[DEBUG] 2021-09-26 11:42:21.506 [http-nio-8080-exec-1] TransactionImpl - On TransactionImpl creation, JpaCompliance#isJpaTransactionComplianceEnabled == false
[DEBUG] 2021-09-26 11:42:21.506 [http-nio-8080-exec-1] TransactionImpl - begin
[DEBUG] 2021-09-26 11:42:21.518 [http-nio-8080-exec-1] ActionQueue - Executing identity-insert immediately
[DEBUG] 2021-09-26 11:42:21.527 [http-nio-8080-exec-1] SQL - insert into trips (trip_name) values (?)
[DEBUG] 2021-09-26 11:42:21.534 [http-nio-8080-exec-1] IdentifierGeneratorHelper - Natively generated identity: 4
[DEBUG] 2021-09-26 11:42:21.534 [http-nio-8080-exec-1] ResourceRegistryStandardImpl - HHH000387: ResultSet's statement was not registered
[DEBUG] 2021-09-26 11:42:21.536 [http-nio-8080-exec-1] TransactionImpl - committing
[DEBUG] 2021-09-26 11:42:21.538 [http-nio-8080-exec-1] AbstractFlushingEventListener - Processing flush-time cascades
[DEBUG] 2021-09-26 11:42:21.538 [http-nio-8080-exec-1] AbstractFlushingEventListener - Dirty checking collections
[DEBUG] 2021-09-26 11:42:21.540 [http-nio-8080-exec-1] AbstractFlushingEventListener - Flushed: 0 insertions, 0 updates, 0 deletions to 1 objects
[DEBUG] 2021-09-26 11:42:21.540 [http-nio-8080-exec-1] AbstractFlushingEventListener - Flushed: 0 (re)creations, 0 updates, 0 removals to 0 collections
[DEBUG] 2021-09-26 11:42:21.542 [http-nio-8080-exec-1] EntityPrinter - Listing entities:
[DEBUG] 2021-09-26 11:42:21.542 [http-nio-8080-exec-1] EntityPrinter - com.jilleliceiri.mptr.entity.Trip{name=Colour, id=4}
[DEBUG] 2021-09-26 11:42:21.544 [http-nio-8080-exec-1] LogicalConnectionManagedImpl - Initiating JDBC connection release from afterTransaction
[DEBUG] 2021-09-26 11:42:21.545 [http-nio-8080-exec-1] LogicalConnectionManagedImpl - Initiating JDBC connection release from afterTransaction
