[DEBUG] 2021-09-30 07:34:41.476 [main] IntegratorServiceImpl - Adding Integrator [org.hibernate.cfg.beanvalidation.BeanValidationIntegrator].
[DEBUG] 2021-09-30 07:34:41.481 [main] IntegratorServiceImpl - Adding Integrator [org.hibernate.secure.spi.JaccIntegrator].
[DEBUG] 2021-09-30 07:34:41.485 [main] IntegratorServiceImpl - Adding Integrator [org.hibernate.cache.internal.CollectionCacheInvalidator].
[INFO ] 2021-09-30 07:34:41.534 [main] Version - HHH000412: Hibernate Core {5.4.4.Final}
[DEBUG] 2021-09-30 07:34:41.536 [main] Environment - HHH000206: hibernate.properties not found
[DEBUG] 2021-09-30 07:34:41.699 [main] LocalXmlResourceResolver - Interpreting public/system identifier : [-//Hibernate/Hibernate Configuration DTD//EN] - [http://www.hibernate.org/dtd/hibernate-configuration-3.0.dtd]
[DEBUG] 2021-09-30 07:34:41.699 [main] LocalXmlResourceResolver - Recognized hibernate-configuration identifier; attempting to resolve on classpath under org/hibernate/
[DEBUG] 2021-09-30 07:34:41.703 [main] JaxbCfgProcessor - cfg.xml document did not define namespaces; wrapping in custom event reader to introduce namespace information
[DEBUG] 2021-09-30 07:34:41.892 [main] ServiceBinding - Overriding existing service binding [org.hibernate.secure.spi.JaccService]
[DEBUG] 2021-09-30 07:34:41.907 [main] RegionFactoryInitiator - Cannot default RegionFactory based on registered strategies as `[]` RegionFactory strategies were registered
[DEBUG] 2021-09-30 07:34:41.909 [main] RegionFactoryInitiator - Cache region factory : org.hibernate.cache.internal.NoCachingRegionFactory
[INFO ] 2021-09-30 07:34:41.920 [main] Version - HCANN000001: Hibernate Commons Annotations {5.1.0.Final}
[DEBUG] 2021-09-30 07:34:41.944 [main] BasicTypeRegistry - Adding type registration boolean -> org.hibernate.type.BooleanType@562457e1
[DEBUG] 2021-09-30 07:34:41.944 [main] BasicTypeRegistry - Adding type registration boolean -> org.hibernate.type.BooleanType@562457e1
[DEBUG] 2021-09-30 07:34:41.944 [main] BasicTypeRegistry - Adding type registration java.lang.Boolean -> org.hibernate.type.BooleanType@562457e1
[DEBUG] 2021-09-30 07:34:41.944 [main] BasicTypeRegistry - Adding type registration numeric_boolean -> org.hibernate.type.NumericBooleanType@2f7dcef2
[DEBUG] 2021-09-30 07:34:41.945 [main] BasicTypeRegistry - Adding type registration true_false -> org.hibernate.type.TrueFalseType@766a4535
[DEBUG] 2021-09-30 07:34:41.945 [main] BasicTypeRegistry - Adding type registration yes_no -> org.hibernate.type.YesNoType@f202d6d
[DEBUG] 2021-09-30 07:34:41.946 [main] BasicTypeRegistry - Adding type registration byte -> org.hibernate.type.ByteType@2715644a
[DEBUG] 2021-09-30 07:34:41.946 [main] BasicTypeRegistry - Adding type registration byte -> org.hibernate.type.ByteType@2715644a
[DEBUG] 2021-09-30 07:34:41.946 [main] BasicTypeRegistry - Adding type registration java.lang.Byte -> org.hibernate.type.ByteType@2715644a
[DEBUG] 2021-09-30 07:34:41.946 [main] BasicTypeRegistry - Adding type registration character -> org.hibernate.type.CharacterType@b8a7e43
[DEBUG] 2021-09-30 07:34:41.947 [main] BasicTypeRegistry - Adding type registration char -> org.hibernate.type.CharacterType@b8a7e43
[DEBUG] 2021-09-30 07:34:41.947 [main] BasicTypeRegistry - Adding type registration java.lang.Character -> org.hibernate.type.CharacterType@b8a7e43
[DEBUG] 2021-09-30 07:34:41.947 [main] BasicTypeRegistry - Adding type registration short -> org.hibernate.type.ShortType@4a6c18ad
[DEBUG] 2021-09-30 07:34:41.947 [main] BasicTypeRegistry - Adding type registration short -> org.hibernate.type.ShortType@4a6c18ad
[DEBUG] 2021-09-30 07:34:41.947 [main] BasicTypeRegistry - Adding type registration java.lang.Short -> org.hibernate.type.ShortType@4a6c18ad
[DEBUG] 2021-09-30 07:34:41.948 [main] BasicTypeRegistry - Adding type registration integer -> org.hibernate.type.IntegerType@66c83fc8
[DEBUG] 2021-09-30 07:34:41.948 [main] BasicTypeRegistry - Adding type registration int -> org.hibernate.type.IntegerType@66c83fc8
[DEBUG] 2021-09-30 07:34:41.948 [main] BasicTypeRegistry - Adding type registration java.lang.Integer -> org.hibernate.type.IntegerType@66c83fc8
[DEBUG] 2021-09-30 07:34:41.949 [main] BasicTypeRegistry - Adding type registration long -> org.hibernate.type.LongType@40368a46
[DEBUG] 2021-09-30 07:34:41.949 [main] BasicTypeRegistry - Adding type registration long -> org.hibernate.type.LongType@40368a46
[DEBUG] 2021-09-30 07:34:41.949 [main] BasicTypeRegistry - Adding type registration java.lang.Long -> org.hibernate.type.LongType@40368a46
[DEBUG] 2021-09-30 07:34:41.949 [main] BasicTypeRegistry - Adding type registration float -> org.hibernate.type.FloatType@5fb7183b
[DEBUG] 2021-09-30 07:34:41.950 [main] BasicTypeRegistry - Adding type registration float -> org.hibernate.type.FloatType@5fb7183b
[DEBUG] 2021-09-30 07:34:41.950 [main] BasicTypeRegistry - Adding type registration java.lang.Float -> org.hibernate.type.FloatType@5fb7183b
[DEBUG] 2021-09-30 07:34:41.950 [main] BasicTypeRegistry - Adding type registration double -> org.hibernate.type.DoubleType@6e106680
[DEBUG] 2021-09-30 07:34:41.950 [main] BasicTypeRegistry - Adding type registration double -> org.hibernate.type.DoubleType@6e106680
[DEBUG] 2021-09-30 07:34:41.950 [main] BasicTypeRegistry - Adding type registration java.lang.Double -> org.hibernate.type.DoubleType@6e106680
[DEBUG] 2021-09-30 07:34:41.951 [main] BasicTypeRegistry - Adding type registration big_decimal -> org.hibernate.type.BigDecimalType@352e787a
[DEBUG] 2021-09-30 07:34:41.951 [main] BasicTypeRegistry - Adding type registration java.math.BigDecimal -> org.hibernate.type.BigDecimalType@352e787a
[DEBUG] 2021-09-30 07:34:41.951 [main] BasicTypeRegistry - Adding type registration big_integer -> org.hibernate.type.BigIntegerType@73044cdf
[DEBUG] 2021-09-30 07:34:41.952 [main] BasicTypeRegistry - Adding type registration java.math.BigInteger -> org.hibernate.type.BigIntegerType@73044cdf
[DEBUG] 2021-09-30 07:34:41.953 [main] BasicTypeRegistry - Adding type registration string -> org.hibernate.type.StringType@2f5c1332
[DEBUG] 2021-09-30 07:34:41.953 [main] BasicTypeRegistry - Adding type registration java.lang.String -> org.hibernate.type.StringType@2f5c1332
[DEBUG] 2021-09-30 07:34:41.954 [main] BasicTypeRegistry - Adding type registration nstring -> org.hibernate.type.StringNVarcharType@258ee7de
[DEBUG] 2021-09-30 07:34:41.954 [main] BasicTypeRegistry - Adding type registration ncharacter -> org.hibernate.type.CharacterNCharType@705f83a7
[DEBUG] 2021-09-30 07:34:41.955 [main] BasicTypeRegistry - Adding type registration url -> org.hibernate.type.UrlType@2679311f
[DEBUG] 2021-09-30 07:34:41.955 [main] BasicTypeRegistry - Adding type registration java.net.URL -> org.hibernate.type.UrlType@2679311f
[DEBUG] 2021-09-30 07:34:41.956 [main] BasicTypeRegistry - Adding type registration Duration -> org.hibernate.type.DurationType@2e34384c
[DEBUG] 2021-09-30 07:34:41.956 [main] BasicTypeRegistry - Adding type registration java.time.Duration -> org.hibernate.type.DurationType@2e34384c
[DEBUG] 2021-09-30 07:34:41.964 [main] BasicTypeRegistry - Adding type registration Instant -> org.hibernate.type.InstantType@1cb19dba
[DEBUG] 2021-09-30 07:34:41.964 [main] BasicTypeRegistry - Adding type registration java.time.Instant -> org.hibernate.type.InstantType@1cb19dba
[DEBUG] 2021-09-30 07:34:41.965 [main] BasicTypeRegistry - Adding type registration LocalDateTime -> org.hibernate.type.LocalDateTimeType@4a5905d9
[DEBUG] 2021-09-30 07:34:41.965 [main] BasicTypeRegistry - Adding type registration java.time.LocalDateTime -> org.hibernate.type.LocalDateTimeType@4a5905d9
[DEBUG] 2021-09-30 07:34:41.966 [main] BasicTypeRegistry - Adding type registration LocalDate -> org.hibernate.type.LocalDateType@3daa82be
[DEBUG] 2021-09-30 07:34:41.966 [main] BasicTypeRegistry - Adding type registration java.time.LocalDate -> org.hibernate.type.LocalDateType@3daa82be
[DEBUG] 2021-09-30 07:34:41.967 [main] BasicTypeRegistry - Adding type registration LocalTime -> org.hibernate.type.LocalTimeType@6345e7b9
[DEBUG] 2021-09-30 07:34:41.967 [main] BasicTypeRegistry - Adding type registration java.time.LocalTime -> org.hibernate.type.LocalTimeType@6345e7b9
[DEBUG] 2021-09-30 07:34:41.968 [main] BasicTypeRegistry - Adding type registration OffsetDateTime -> org.hibernate.type.OffsetDateTimeType@4d48bd85
[DEBUG] 2021-09-30 07:34:41.968 [main] BasicTypeRegistry - Adding type registration java.time.OffsetDateTime -> org.hibernate.type.OffsetDateTimeType@4d48bd85
[DEBUG] 2021-09-30 07:34:41.969 [main] BasicTypeRegistry - Adding type registration OffsetTime -> org.hibernate.type.OffsetTimeType@54aca26f
[DEBUG] 2021-09-30 07:34:41.969 [main] BasicTypeRegistry - Adding type registration java.time.OffsetTime -> org.hibernate.type.OffsetTimeType@54aca26f
[DEBUG] 2021-09-30 07:34:41.972 [main] BasicTypeRegistry - Adding type registration ZonedDateTime -> org.hibernate.type.ZonedDateTimeType@1d96d872
[DEBUG] 2021-09-30 07:34:41.972 [main] BasicTypeRegistry - Adding type registration java.time.ZonedDateTime -> org.hibernate.type.ZonedDateTimeType@1d96d872
[DEBUG] 2021-09-30 07:34:41.974 [main] BasicTypeRegistry - Adding type registration date -> org.hibernate.type.DateType@7772054c
[DEBUG] 2021-09-30 07:34:41.974 [main] BasicTypeRegistry - Adding type registration java.sql.Date -> org.hibernate.type.DateType@7772054c
[DEBUG] 2021-09-30 07:34:41.975 [main] BasicTypeRegistry - Adding type registration time -> org.hibernate.type.TimeType@68dcfd52
[DEBUG] 2021-09-30 07:34:41.976 [main] BasicTypeRegistry - Adding type registration java.sql.Time -> org.hibernate.type.TimeType@68dcfd52
[DEBUG] 2021-09-30 07:34:41.977 [main] BasicTypeRegistry - Adding type registration timestamp -> org.hibernate.type.TimestampType@2c708440
[DEBUG] 2021-09-30 07:34:41.977 [main] BasicTypeRegistry - Adding type registration java.sql.Timestamp -> org.hibernate.type.TimestampType@2c708440
[DEBUG] 2021-09-30 07:34:41.977 [main] BasicTypeRegistry - Adding type registration java.util.Date -> org.hibernate.type.TimestampType@2c708440
[DEBUG] 2021-09-30 07:34:41.978 [main] BasicTypeRegistry - Adding type registration dbtimestamp -> org.hibernate.type.DbTimestampType@66e8997c
[DEBUG] 2021-09-30 07:34:41.979 [main] BasicTypeRegistry - Adding type registration calendar -> org.hibernate.type.CalendarType@12958360
[DEBUG] 2021-09-30 07:34:41.979 [main] BasicTypeRegistry - Adding type registration java.util.Calendar -> org.hibernate.type.CalendarType@12958360
[DEBUG] 2021-09-30 07:34:41.979 [main] BasicTypeRegistry - Adding type registration java.util.GregorianCalendar -> org.hibernate.type.CalendarType@12958360
[DEBUG] 2021-09-30 07:34:41.979 [main] BasicTypeRegistry - Adding type registration calendar_date -> org.hibernate.type.CalendarDateType@63fdffcd
[DEBUG] 2021-09-30 07:34:41.980 [main] BasicTypeRegistry - Adding type registration locale -> org.hibernate.type.LocaleType@2a9bc08f
[DEBUG] 2021-09-30 07:34:41.980 [main] BasicTypeRegistry - Adding type registration java.util.Locale -> org.hibernate.type.LocaleType@2a9bc08f
[DEBUG] 2021-09-30 07:34:41.981 [main] BasicTypeRegistry - Adding type registration currency -> org.hibernate.type.CurrencyType@77cb9cd1
[DEBUG] 2021-09-30 07:34:41.981 [main] BasicTypeRegistry - Adding type registration java.util.Currency -> org.hibernate.type.CurrencyType@77cb9cd1
[DEBUG] 2021-09-30 07:34:41.981 [main] BasicTypeRegistry - Adding type registration timezone -> org.hibernate.type.TimeZoneType@4e61e4c2
[DEBUG] 2021-09-30 07:34:41.981 [main] BasicTypeRegistry - Adding type registration java.util.TimeZone -> org.hibernate.type.TimeZoneType@4e61e4c2
[DEBUG] 2021-09-30 07:34:41.982 [main] BasicTypeRegistry - Adding type registration class -> org.hibernate.type.ClassType@4647881c
[DEBUG] 2021-09-30 07:34:41.982 [main] BasicTypeRegistry - Adding type registration java.lang.Class -> org.hibernate.type.ClassType@4647881c
[DEBUG] 2021-09-30 07:34:41.982 [main] BasicTypeRegistry - Adding type registration uuid-binary -> org.hibernate.type.UUIDBinaryType@453d496b
[DEBUG] 2021-09-30 07:34:41.982 [main] BasicTypeRegistry - Adding type registration java.util.UUID -> org.hibernate.type.UUIDBinaryType@453d496b
[DEBUG] 2021-09-30 07:34:41.983 [main] BasicTypeRegistry - Adding type registration uuid-char -> org.hibernate.type.UUIDCharType@4b54af3d
[DEBUG] 2021-09-30 07:34:41.983 [main] BasicTypeRegistry - Adding type registration binary -> org.hibernate.type.BinaryType@11de56e6
[DEBUG] 2021-09-30 07:34:41.983 [main] BasicTypeRegistry - Adding type registration byte[] -> org.hibernate.type.BinaryType@11de56e6
[DEBUG] 2021-09-30 07:34:41.983 [main] BasicTypeRegistry - Adding type registration [B -> org.hibernate.type.BinaryType@11de56e6
[DEBUG] 2021-09-30 07:34:41.984 [main] BasicTypeRegistry - Adding type registration wrapper-binary -> org.hibernate.type.WrapperBinaryType@62b969c4
[DEBUG] 2021-09-30 07:34:41.984 [main] BasicTypeRegistry - Adding type registration Byte[] -> org.hibernate.type.WrapperBinaryType@62b969c4
[DEBUG] 2021-09-30 07:34:41.984 [main] BasicTypeRegistry - Adding type registration [Ljava.lang.Byte; -> org.hibernate.type.WrapperBinaryType@62b969c4
[DEBUG] 2021-09-30 07:34:41.985 [main] BasicTypeRegistry - Adding type registration row_version -> org.hibernate.type.RowVersionType@79d743e6
[DEBUG] 2021-09-30 07:34:41.985 [main] BasicTypeRegistry - Adding type registration image -> org.hibernate.type.ImageType@592238c5
[DEBUG] 2021-09-30 07:34:41.985 [main] BasicTypeRegistry - Adding type registration characters -> org.hibernate.type.CharArrayType@16073fa8
[DEBUG] 2021-09-30 07:34:41.985 [main] BasicTypeRegistry - Adding type registration char[] -> org.hibernate.type.CharArrayType@16073fa8
[DEBUG] 2021-09-30 07:34:41.985 [main] BasicTypeRegistry - Adding type registration [C -> org.hibernate.type.CharArrayType@16073fa8
[DEBUG] 2021-09-30 07:34:41.986 [main] BasicTypeRegistry - Adding type registration wrapper-characters -> org.hibernate.type.CharacterArrayType@7918c7f8
[DEBUG] 2021-09-30 07:34:41.986 [main] BasicTypeRegistry - Adding type registration [Ljava.lang.Character; -> org.hibernate.type.CharacterArrayType@7918c7f8
[DEBUG] 2021-09-30 07:34:41.987 [main] BasicTypeRegistry - Adding type registration Character[] -> org.hibernate.type.CharacterArrayType@7918c7f8
[DEBUG] 2021-09-30 07:34:41.987 [main] BasicTypeRegistry - Adding type registration text -> org.hibernate.type.TextType@bc4d5e1
[DEBUG] 2021-09-30 07:34:41.987 [main] BasicTypeRegistry - Adding type registration ntext -> org.hibernate.type.NTextType@5c82cd4f
[DEBUG] 2021-09-30 07:34:41.988 [main] BasicTypeRegistry - Adding type registration blob -> org.hibernate.type.BlobType@4992613f
[DEBUG] 2021-09-30 07:34:41.988 [main] BasicTypeRegistry - Adding type registration java.sql.Blob -> org.hibernate.type.BlobType@4992613f
[DEBUG] 2021-09-30 07:34:41.989 [main] BasicTypeRegistry - Adding type registration materialized_blob -> org.hibernate.type.MaterializedBlobType@17b64941
[DEBUG] 2021-09-30 07:34:41.989 [main] BasicTypeRegistry - Adding type registration clob -> org.hibernate.type.ClobType@73ad4ecc
[DEBUG] 2021-09-30 07:34:41.990 [main] BasicTypeRegistry - Adding type registration java.sql.Clob -> org.hibernate.type.ClobType@73ad4ecc
[DEBUG] 2021-09-30 07:34:41.992 [main] BasicTypeRegistry - Adding type registration nclob -> org.hibernate.type.NClobType@a52ca2e
[DEBUG] 2021-09-30 07:34:41.992 [main] BasicTypeRegistry - Adding type registration java.sql.NClob -> org.hibernate.type.NClobType@a52ca2e
[DEBUG] 2021-09-30 07:34:41.993 [main] BasicTypeRegistry - Adding type registration materialized_clob -> org.hibernate.type.MaterializedClobType@1f6d27cc
[DEBUG] 2021-09-30 07:34:41.993 [main] BasicTypeRegistry - Adding type registration materialized_nclob -> org.hibernate.type.MaterializedNClobType@507d20bb
[DEBUG] 2021-09-30 07:34:41.994 [main] BasicTypeRegistry - Adding type registration serializable -> org.hibernate.type.SerializableType@67440de6
[DEBUG] 2021-09-30 07:34:41.996 [main] BasicTypeRegistry - Adding type registration object -> org.hibernate.type.ObjectType@3f672204
[DEBUG] 2021-09-30 07:34:41.996 [main] BasicTypeRegistry - Adding type registration java.lang.Object -> org.hibernate.type.ObjectType@3f672204
[DEBUG] 2021-09-30 07:34:41.997 [main] BasicTypeRegistry - Adding type registration imm_date -> org.hibernate.type.AdaptedImmutableType@348d18a3
[DEBUG] 2021-09-30 07:34:41.997 [main] BasicTypeRegistry - Adding type registration imm_time -> org.hibernate.type.AdaptedImmutableType@6c65860d
[DEBUG] 2021-09-30 07:34:41.997 [main] BasicTypeRegistry - Adding type registration imm_timestamp -> org.hibernate.type.AdaptedImmutableType@2d000e80
[DEBUG] 2021-09-30 07:34:41.997 [main] BasicTypeRegistry - Adding type registration imm_dbtimestamp -> org.hibernate.type.AdaptedImmutableType@7cf283e1
[DEBUG] 2021-09-30 07:34:41.997 [main] BasicTypeRegistry - Adding type registration imm_calendar -> org.hibernate.type.AdaptedImmutableType@20e6c4dc
[DEBUG] 2021-09-30 07:34:41.997 [main] BasicTypeRegistry - Adding type registration imm_calendar_date -> org.hibernate.type.AdaptedImmutableType@60737b23
[DEBUG] 2021-09-30 07:34:41.997 [main] BasicTypeRegistry - Adding type registration imm_binary -> org.hibernate.type.AdaptedImmutableType@4d2a1da3
[DEBUG] 2021-09-30 07:34:41.997 [main] BasicTypeRegistry - Adding type registration imm_serializable -> org.hibernate.type.AdaptedImmutableType@252f626c
[DEBUG] 2021-09-30 07:34:42.016 [main] DefaultIdentifierGeneratorFactory - Registering IdentifierGenerator strategy [uuid2] -> [org.hibernate.id.UUIDGenerator]
[DEBUG] 2021-09-30 07:34:42.017 [main] DefaultIdentifierGeneratorFactory - Registering IdentifierGenerator strategy [guid] -> [org.hibernate.id.GUIDGenerator]
[DEBUG] 2021-09-30 07:34:42.017 [main] DefaultIdentifierGeneratorFactory - Registering IdentifierGenerator strategy [uuid] -> [org.hibernate.id.UUIDHexGenerator]
[DEBUG] 2021-09-30 07:34:42.017 [main] DefaultIdentifierGeneratorFactory - Registering IdentifierGenerator strategy [uuid.hex] -> [org.hibernate.id.UUIDHexGenerator]
[DEBUG] 2021-09-30 07:34:42.017 [main] DefaultIdentifierGeneratorFactory - Registering IdentifierGenerator strategy [assigned] -> [org.hibernate.id.Assigned]
[DEBUG] 2021-09-30 07:34:42.018 [main] DefaultIdentifierGeneratorFactory - Registering IdentifierGenerator strategy [identity] -> [org.hibernate.id.IdentityGenerator]
[DEBUG] 2021-09-30 07:34:42.018 [main] DefaultIdentifierGeneratorFactory - Registering IdentifierGenerator strategy [select] -> [org.hibernate.id.SelectGenerator]
[DEBUG] 2021-09-30 07:34:42.019 [main] DefaultIdentifierGeneratorFactory - Registering IdentifierGenerator strategy [sequence] -> [org.hibernate.id.enhanced.SequenceStyleGenerator]
[DEBUG] 2021-09-30 07:34:42.019 [main] DefaultIdentifierGeneratorFactory - Registering IdentifierGenerator strategy [seqhilo] -> [org.hibernate.id.SequenceHiLoGenerator]
[DEBUG] 2021-09-30 07:34:42.019 [main] DefaultIdentifierGeneratorFactory - Registering IdentifierGenerator strategy [increment] -> [org.hibernate.id.IncrementGenerator]
[DEBUG] 2021-09-30 07:34:42.020 [main] DefaultIdentifierGeneratorFactory - Registering IdentifierGenerator strategy [foreign] -> [org.hibernate.id.ForeignGenerator]
[DEBUG] 2021-09-30 07:34:42.020 [main] DefaultIdentifierGeneratorFactory - Registering IdentifierGenerator strategy [sequence-identity] -> [org.hibernate.id.SequenceIdentityGenerator]
[DEBUG] 2021-09-30 07:34:42.020 [main] DefaultIdentifierGeneratorFactory - Registering IdentifierGenerator strategy [enhanced-sequence] -> [org.hibernate.id.enhanced.SequenceStyleGenerator]
[DEBUG] 2021-09-30 07:34:42.021 [main] DefaultIdentifierGeneratorFactory - Registering IdentifierGenerator strategy [enhanced-table] -> [org.hibernate.id.enhanced.TableGenerator]
[INFO ] 2021-09-30 07:34:42.024 [main] C3P0ConnectionProvider - HHH010002: C3P0 using driver: com.mysql.cj.jdbc.Driver at URL: jdbc:mysql://localhost:3306/test_my_places_tracker
[INFO ] 2021-09-30 07:34:42.024 [main] C3P0ConnectionProvider - HHH10001001: Connection properties: {password=****, user=root}
[INFO ] 2021-09-30 07:34:42.024 [main] C3P0ConnectionProvider - HHH10001003: Autocommit mode: false
[INFO ] 2021-09-30 07:34:42.113 [main] C3P0ConnectionProvider - HHH10001007: JDBC isolation level: <unknown>
[DEBUG] 2021-09-30 07:34:42.553 [main] JdbcEnvironmentInitiator - Database ->
       name : MySQL
    version : 8.0.26
      major : 8
      minor : 0
[DEBUG] 2021-09-30 07:34:42.553 [main] JdbcEnvironmentInitiator - Driver ->
       name : MySQL Connector/J
    version : mysql-connector-java-8.0.16 (Revision: 34cbc6bc61f72836e26327537a432d6db7c77de6)
      major : 8
      minor : 0
[DEBUG] 2021-09-30 07:34:42.554 [main] JdbcEnvironmentInitiator - JDBC version : 4.2
[INFO ] 2021-09-30 07:34:42.571 [main] Dialect - HHH000400: Using dialect: org.hibernate.dialect.MySQL8Dialect
[DEBUG] 2021-09-30 07:34:42.588 [main] IdentifierHelperBuilder - JDBC driver metadata reported database stores quoted identifiers in more than one case
[DEBUG] 2021-09-30 07:34:42.608 [main] IdentifierHelperBuilder - IdentifierCaseStrategy for both quoted and unquoted identifiers was set to the same strategy [MIXED]; that will likely lead to problems in schema update and validation if using quoted identifiers
[DEBUG] 2021-09-30 07:34:42.638 [main] Namespace - Created database namespace [logicalName=Name{catalog=null, schema=null}, physicalName=Name{catalog=null, schema=null}]
[DEBUG] 2021-09-30 07:34:42.641 [main] TypeConfiguration$Scope - Scoping TypeConfiguration [org.hibernate.type.spi.TypeConfiguration@35c12c7a] to MetadataBuildingContext [org.hibernate.boot.internal.MetadataBuildingContextRootImpl@658255aa]
[DEBUG] 2021-09-30 07:34:42.676 [main] AnnotationBinder - Binding entity from annotated class: com.jilleliceiri.mptr.entity.Trip
[DEBUG] 2021-09-30 07:34:42.694 [main] Ejb3Column - Binding column: Ejb3DiscriminatorColumn{logicalColumnName'DTYPE', discriminatorTypeName='string'}
[DEBUG] 2021-09-30 07:34:42.697 [main] EntityBinder - Import with entity name Trip
[DEBUG] 2021-09-30 07:34:42.699 [main] EntityBinder - Bind entity com.jilleliceiri.mptr.entity.Trip on table trips
[DEBUG] 2021-09-30 07:34:42.714 [main] Ejb3Column - Binding column: Ejb3Column{table=org.hibernate.mapping.Table(trips), mappingColumn=id, insertable=true, updatable=true, unique=false}
[DEBUG] 2021-09-30 07:34:42.716 [main] PropertyBinder - MetadataSourceProcessor property id with lazy=false
[DEBUG] 2021-09-30 07:34:42.717 [main] AbstractPropertyHolder - Attempting to locate auto-apply AttributeConverter for property [com.jilleliceiri.mptr.entity.Trip:id]
[DEBUG] 2021-09-30 07:34:42.718 [main] SimpleValueBinder - building SimpleValue for id
[DEBUG] 2021-09-30 07:34:42.720 [main] PropertyBinder - Building property id
[DEBUG] 2021-09-30 07:34:42.722 [main] BinderHelper - #makeIdGenerator(org.hibernate.mapping.SimpleValue([org.hibernate.mapping.Column(id)]), id, org.hibernate.id.enhanced.SequenceStyleGenerator, native, ...)
[DEBUG] 2021-09-30 07:34:42.724 [main] Ejb3Column - Binding column: Ejb3JoinColumn{logicalColumnName='null', referencedColumn='null', mappedBy='trip'}
[DEBUG] 2021-09-30 07:34:42.724 [main] Ejb3Column - Binding column: Ejb3Column{table=org.hibernate.mapping.Table(trips), mappingColumn=destinationSet, insertable=true, updatable=true, unique=false}
[DEBUG] 2021-09-30 07:34:42.726 [main] Ejb3Column - Binding column: Ejb3Column{table=org.hibernate.mapping.Table(trips), mappingColumn=null, insertable=true, updatable=true, unique=false}
[DEBUG] 2021-09-30 07:34:42.731 [main] Ejb3Column - Binding column: Ejb3Column{table=org.hibernate.mapping.Table(trips), mappingColumn=element, insertable=true, updatable=true, unique=false}
[DEBUG] 2021-09-30 07:34:42.732 [main] Ejb3Column - Binding column: Ejb3Column{table=org.hibernate.mapping.Table(trips), mappingColumn=destinationSet_KEY, insertable=true, updatable=true, unique=false}
[DEBUG] 2021-09-30 07:34:42.732 [main] Ejb3Column - Binding column: Ejb3JoinColumn{logicalColumnName='destinationSet_KEY', referencedColumn='null', mappedBy='null'}
[DEBUG] 2021-09-30 07:34:42.733 [main] Ejb3Column - Binding column: Ejb3JoinColumn{logicalColumnName='null', referencedColumn='null', mappedBy='trip'}
[DEBUG] 2021-09-30 07:34:42.733 [main] Ejb3Column - Binding column: Ejb3JoinColumn{logicalColumnName='null', referencedColumn='null', mappedBy='trip'}
[DEBUG] 2021-09-30 07:34:42.733 [main] CollectionBinder - Collection role: com.jilleliceiri.mptr.entity.Trip.destinationSet
[DEBUG] 2021-09-30 07:34:42.734 [main] PropertyBinder - Building property destinationSet
[DEBUG] 2021-09-30 07:34:42.735 [main] Ejb3Column - Binding column: Ejb3Column{table=org.hibernate.mapping.Table(trips), mappingColumn=trip_name, insertable=true, updatable=true, unique=false}
[DEBUG] 2021-09-30 07:34:42.735 [main] PropertyBinder - MetadataSourceProcessor property name with lazy=false
[DEBUG] 2021-09-30 07:34:42.735 [main] AbstractPropertyHolder - Attempting to locate auto-apply AttributeConverter for property [com.jilleliceiri.mptr.entity.Trip:name]
[DEBUG] 2021-09-30 07:34:42.735 [main] SimpleValueBinder - building SimpleValue for name
[DEBUG] 2021-09-30 07:34:42.735 [main] PropertyBinder - Building property name
[DEBUG] 2021-09-30 07:34:42.736 [main] AnnotationBinder - Binding entity from annotated class: com.jilleliceiri.mptr.entity.Destination
[DEBUG] 2021-09-30 07:34:42.736 [main] Ejb3Column - Binding column: Ejb3DiscriminatorColumn{logicalColumnName'DTYPE', discriminatorTypeName='string'}
[DEBUG] 2021-09-30 07:34:42.736 [main] EntityBinder - Import with entity name Destination
[DEBUG] 2021-09-30 07:34:42.736 [main] EntityBinder - Bind entity com.jilleliceiri.mptr.entity.Destination on table destinations
[DEBUG] 2021-09-30 07:34:42.738 [main] Ejb3Column - Binding column: Ejb3Column{table=org.hibernate.mapping.Table(destinations), mappingColumn=id, insertable=true, updatable=true, unique=false}
[DEBUG] 2021-09-30 07:34:42.738 [main] PropertyBinder - MetadataSourceProcessor property id with lazy=false
[DEBUG] 2021-09-30 07:34:42.738 [main] AbstractPropertyHolder - Attempting to locate auto-apply AttributeConverter for property [com.jilleliceiri.mptr.entity.Destination:id]
[DEBUG] 2021-09-30 07:34:42.738 [main] SimpleValueBinder - building SimpleValue for id
[DEBUG] 2021-09-30 07:34:42.738 [main] PropertyBinder - Building property id
[DEBUG] 2021-09-30 07:34:42.738 [main] BinderHelper - #makeIdGenerator(org.hibernate.mapping.SimpleValue([org.hibernate.mapping.Column(id)]), id, org.hibernate.id.enhanced.SequenceStyleGenerator, native, ...)
[DEBUG] 2021-09-30 07:34:42.738 [main] Ejb3Column - Binding column: Ejb3Column{table=org.hibernate.mapping.Table(destinations), mappingColumn=city, insertable=true, updatable=true, unique=false}
[DEBUG] 2021-09-30 07:34:42.738 [main] PropertyBinder - MetadataSourceProcessor property city with lazy=false
[DEBUG] 2021-09-30 07:34:42.738 [main] AbstractPropertyHolder - Attempting to locate auto-apply AttributeConverter for property [com.jilleliceiri.mptr.entity.Destination:city]
[DEBUG] 2021-09-30 07:34:42.738 [main] SimpleValueBinder - building SimpleValue for city
[DEBUG] 2021-09-30 07:34:42.739 [main] PropertyBinder - Building property city
[DEBUG] 2021-09-30 07:34:42.739 [main] Ejb3Column - Binding column: Ejb3JoinColumn{logicalColumnName='null', referencedColumn='null', mappedBy='null'}
[DEBUG] 2021-09-30 07:34:42.739 [main] Ejb3Column - Binding column: Ejb3Column{table=org.hibernate.mapping.Table(destinations), mappingColumn=trip, insertable=true, updatable=true, unique=false}
[DEBUG] 2021-09-30 07:34:42.740 [main] PropertyBinder - Building property trip
[DEBUG] 2021-09-30 07:34:42.740 [main] SimpleValueBinder - Starting fillSimpleValue for id
[DEBUG] 2021-09-30 07:34:42.741 [main] SimpleValueBinder - Starting fillSimpleValue for name
[DEBUG] 2021-09-30 07:34:42.741 [main] SimpleValueBinder - Starting fillSimpleValue for id
[DEBUG] 2021-09-30 07:34:42.741 [main] SimpleValueBinder - Starting fillSimpleValue for city
[DEBUG] 2021-09-30 07:34:42.744 [main] PrimaryKey - Forcing column [id] to be non-null as it is part of the primary key for table [trips]
[DEBUG] 2021-09-30 07:34:42.744 [main] PrimaryKey - Forcing column [id] to be non-null as it is part of the primary key for table [destinations]
[DEBUG] 2021-09-30 07:34:42.744 [main] CollectionSecondPass - Second pass for collection: com.jilleliceiri.mptr.entity.Trip.destinationSet
[DEBUG] 2021-09-30 07:34:42.744 [main] CollectionBinder - Binding a OneToMany: com.jilleliceiri.mptr.entity.Trip.destinationSet through a foreign key
[DEBUG] 2021-09-30 07:34:42.745 [main] CollectionBinder - Mapping collection: com.jilleliceiri.mptr.entity.Trip.destinationSet -> destinations
[DEBUG] 2021-09-30 07:34:42.745 [main] TableBinder - Retrieving property com.jilleliceiri.mptr.entity.Destination.trip
[DEBUG] 2021-09-30 07:34:42.745 [main] CollectionSecondPass - Mapped collection key: trip_id, one-to-many: com.jilleliceiri.mptr.entity.Destination
[DEBUG] 2021-09-30 07:34:42.745 [main] InFlightMetadataCollectorImpl - Resolving reference to class: com.jilleliceiri.mptr.entity.Trip
[DEBUG] 2021-09-30 07:34:42.747 [main] InFlightMetadataCollectorImpl - Resolving reference to class: com.jilleliceiri.mptr.entity.Trip
[DEBUG] 2021-09-30 07:34:42.768 [main] SessionFactoryImpl - Building session factory
[DEBUG] 2021-09-30 07:34:42.768 [main] Settings - SessionFactory name : null
[DEBUG] 2021-09-30 07:34:42.768 [main] Settings - Automatic flush during beforeCompletion(): enabled
[DEBUG] 2021-09-30 07:34:42.769 [main] Settings - Automatic session close at end of transaction: disabled
[DEBUG] 2021-09-30 07:34:42.769 [main] Settings - Statistics: disabled
[DEBUG] 2021-09-30 07:34:42.769 [main] Settings - Deleted entity synthetic identifier rollback: disabled
[DEBUG] 2021-09-30 07:34:42.769 [main] Settings - Default entity-mode: pojo
[DEBUG] 2021-09-30 07:34:42.769 [main] Settings - Check Nullability in Core (should be disabled when Bean Validation is on): enabled
[DEBUG] 2021-09-30 07:34:42.769 [main] Settings - Allow initialization of lazy state outside session : disabled
[DEBUG] 2021-09-30 07:34:42.769 [main] Settings - Using BatchFetchStyle : LEGACY
[DEBUG] 2021-09-30 07:34:42.769 [main] Settings - Default batch fetch size: -1
[DEBUG] 2021-09-30 07:34:42.769 [main] Settings - Maximum outer join fetch depth: 2
[DEBUG] 2021-09-30 07:34:42.769 [main] Settings - Default null ordering: NONE
[DEBUG] 2021-09-30 07:34:42.769 [main] Settings - Order SQL updates by primary key: disabled
[DEBUG] 2021-09-30 07:34:42.769 [main] Settings - Order SQL inserts for batching: disabled
[DEBUG] 2021-09-30 07:34:42.769 [main] Settings - multi-tenancy strategy : NONE
[DEBUG] 2021-09-30 07:34:42.769 [main] Settings - JTA Track by Thread: enabled
[DEBUG] 2021-09-30 07:34:42.769 [main] Settings - Query language substitutions: {}
[DEBUG] 2021-09-30 07:34:42.769 [main] Settings - Named query checking : enabled
[DEBUG] 2021-09-30 07:34:42.769 [main] Settings - Second-level cache: disabled
[DEBUG] 2021-09-30 07:34:42.769 [main] Settings - Second-level query cache: disabled
[DEBUG] 2021-09-30 07:34:42.769 [main] Settings - Second-level query cache factory: null
[DEBUG] 2021-09-30 07:34:42.769 [main] Settings - Second-level cache region prefix: null
[DEBUG] 2021-09-30 07:34:42.769 [main] Settings - Optimize second-level cache for minimal puts: disabled
[DEBUG] 2021-09-30 07:34:42.769 [main] Settings - Structured second-level cache entries: disabled
[DEBUG] 2021-09-30 07:34:42.769 [main] Settings - Second-level cache direct-reference entries: disabled
[DEBUG] 2021-09-30 07:34:42.769 [main] Settings - Automatic eviction of collection cache: disabled
[DEBUG] 2021-09-30 07:34:42.770 [main] Settings - JDBC batch size: 15
[DEBUG] 2021-09-30 07:34:42.770 [main] Settings - JDBC batch updates for versioned data: enabled
[DEBUG] 2021-09-30 07:34:42.770 [main] Settings - Scrollable result sets: enabled
[DEBUG] 2021-09-30 07:34:42.770 [main] Settings - Wrap result sets: disabled
[DEBUG] 2021-09-30 07:34:42.770 [main] Settings - JDBC3 getGeneratedKeys(): enabled
[DEBUG] 2021-09-30 07:34:42.770 [main] Settings - JDBC result set fetch size: null
[DEBUG] 2021-09-30 07:34:42.770 [main] Settings - Connection release mode: AFTER_TRANSACTION
[DEBUG] 2021-09-30 07:34:42.770 [main] Settings - Generate SQL with comments: disabled
[DEBUG] 2021-09-30 07:34:42.770 [main] Settings - JPA compliance - query : 
[DEBUG] 2021-09-30 07:34:42.770 [main] Settings - JPA compliance - closed-handling : 
[DEBUG] 2021-09-30 07:34:42.770 [main] Settings - JPA compliance - lists : 
[DEBUG] 2021-09-30 07:34:42.770 [main] Settings - JPA compliance - transactions : 
[INFO ] 2021-09-30 07:34:42.807 [main] beans - HHH10005002: No explicit CDI BeanManager reference was passed to Hibernate, but CDI is available on the Hibernate ClassLoader.
[DEBUG] 2021-09-30 07:34:42.823 [main] SessionFactoryImpl - Session factory constructed with filter configurations : {}
[DEBUG] 2021-09-30 07:34:42.823 [main] SessionFactoryImpl - Instantiating session factory with properties: {gopherProxySet=false, awt.toolkit=sun.lwawt.macosx.LWCToolkit, java.specification.version=11, sun.cpu.isalist=, hibernate.c3p0.idle_test_period=3000, sun.jnu.encoding=UTF-8, hibernate.c3p0.min_size=5, java.class.path=/Applications/IntelliJ IDEA.app/Contents/lib/idea_rt.jar:/Applications/IntelliJ IDEA.app/Contents/plugins/junit/lib/junit5-rt.jar:/Applications/IntelliJ IDEA.app/Contents/plugins/junit/lib/junit-rt.jar:/Users/jk/IdeaProjects/MyPlacesTracker/target/test-classes:/Users/jk/IdeaProjects/MyPlacesTracker/target/classes:/Users/jk/.m2/repository/org/hibernate/hibernate-core/5.4.4.Final/hibernate-core-5.4.4.Final.jar:/Users/jk/.m2/repository/org/jboss/logging/jboss-logging/3.3.2.Final/jboss-logging-3.3.2.Final.jar:/Users/jk/.m2/repository/javax/persistence/javax.persistence-api/2.2/javax.persistence-api-2.2.jar:/Users/jk/.m2/repository/org/javassist/javassist/3.24.0-GA/javassist-3.24.0-GA.jar:/Users/jk/.m2/repository/net/bytebuddy/byte-buddy/1.9.11/byte-buddy-1.9.11.jar:/Users/jk/.m2/repository/antlr/antlr/2.7.7/antlr-2.7.7.jar:/Users/jk/.m2/repository/org/jboss/spec/javax/transaction/jboss-transaction-api_1.2_spec/1.1.1.Final/jboss-transaction-api_1.2_spec-1.1.1.Final.jar:/Users/jk/.m2/repository/org/jboss/jandex/2.0.5.Final/jandex-2.0.5.Final.jar:/Users/jk/.m2/repository/com/fasterxml/classmate/1.3.4/classmate-1.3.4.jar:/Users/jk/.m2/repository/javax/activation/javax.activation-api/1.2.0/javax.activation-api-1.2.0.jar:/Users/jk/.m2/repository/org/dom4j/dom4j/2.1.1/dom4j-2.1.1.jar:/Users/jk/.m2/repository/org/hibernate/common/hibernate-commons-annotations/5.1.0.Final/hibernate-commons-annotations-5.1.0.Final.jar:/Users/jk/.m2/repository/javax/xml/bind/jaxb-api/2.3.1/jaxb-api-2.3.1.jar:/Users/jk/.m2/repository/org/glassfish/jaxb/jaxb-runtime/2.3.1/jaxb-runtime-2.3.1.jar:/Users/jk/.m2/repository/org/glassfish/jaxb/txw2/2.3.1/txw2-2.3.1.jar:/Users/jk/.m2/repository/com/sun/istack/istack-commons-runtime/3.0.7/istack-commons-runtime-3.0.7.jar:/Users/jk/.m2/repository/org/jvnet/staxex/stax-ex/1.8/stax-ex-1.8.jar:/Users/jk/.m2/repository/com/sun/xml/fastinfoset/FastInfoset/1.2.15/FastInfoset-1.2.15.jar:/Users/jk/.m2/repository/org/hibernate/hibernate-c3p0/5.4.4.Final/hibernate-c3p0-5.4.4.Final.jar:/Users/jk/.m2/repository/com/mchange/c3p0/0.9.5.3/c3p0-0.9.5.3.jar:/Users/jk/.m2/repository/com/mchange/mchange-commons-java/0.2.15/mchange-commons-java-0.2.15.jar:/Users/jk/.m2/repository/org/junit/platform/junit-platform-runner/1.0.0/junit-platform-runner-1.0.0.jar:/Users/jk/.m2/repository/org/apiguardian/apiguardian-api/1.0.0/apiguardian-api-1.0.0.jar:/Users/jk/.m2/repository/org/junit/platform/junit-platform-launcher/1.0.0/junit-platform-launcher-1.0.0.jar:/Users/jk/.m2/repository/org/junit/platform/junit-platform-suite-api/1.0.0/junit-platform-suite-api-1.0.0.jar:/Users/jk/.m2/repository/org/junit/platform/junit-platform-commons/1.0.0/junit-platform-commons-1.0.0.jar:/Users/jk/.m2/repository/org/junit/vintage/junit-vintage-engine/4.12.0/junit-vintage-engine-4.12.0.jar:/Users/jk/.m2/repository/org/junit/platform/junit-platform-engine/1.0.0/junit-platform-engine-1.0.0.jar:/Users/jk/.m2/repository/org/opentest4j/opentest4j/1.0.0/opentest4j-1.0.0.jar:/Users/jk/.m2/repository/org/junit/jupiter/junit-jupiter-engine/5.0.0/junit-jupiter-engine-5.0.0.jar:/Users/jk/.m2/repository/org/junit/jupiter/junit-jupiter-api/5.0.0/junit-jupiter-api-5.0.0.jar:/Users/jk/.m2/repository/junit/junit/4.12/junit-4.12.jar:/Users/jk/.m2/repository/org/hamcrest/hamcrest-core/1.3/hamcrest-core-1.3.jar:/Users/jk/.m2/repository/javax/javaee-web-api/7.0/javaee-web-api-7.0.jar:/Users/jk/.m2/repository/mysql/mysql-connector-java/8.0.16/mysql-connector-java-8.0.16.jar:/Users/jk/.m2/repository/com/google/protobuf/protobuf-java/3.6.1/protobuf-java-3.6.1.jar:/Users/jk/.m2/repository/jstl/jstl/1.2/jstl-1.2.jar:/Users/jk/.m2/repository/org/apache/logging/log4j/log4j-api/2.10.0/log4j-api-2.10.0.jar:/Users/jk/.m2/repository/org/apache/logging/log4j/log4j-core/2.10.0/log4j-core-2.10.0.jar:/Users/jk/.m2/repository/org/jsoup/jsoup/1.13.1/jsoup-1.13.1.jar, java.vm.vendor=Oracle Corporation, sun.arch.data.model=64, idea.test.cyclic.buffer.size=1048576, java.vendor.url=https://openjdk.java.net/, user.timezone=America/Chicago, os.name=Mac OS X, java.vm.specification.version=11, sun.java.launcher=SUN_STANDARD, user.country=US, sun.boot.library.path=/Library/Java/JavaVirtualMachines/jdk-11.0.12.jdk/Contents/Home/lib, sun.java.command=com.intellij.rt.junit.JUnitStarter -ideVersion5 -junit5 com.jilleliceiri.mptr.persistence.TripDaoTest,getAll, http.nonProxyHosts=local|*.local|169.254/16|*.169.254/16, jdk.debug=release, sun.cpu.endian=little, user.home=/Users/jk, hibernate.c3p0.max_statements=50, user.language=en, java.specification.vendor=Oracle Corporation, java.version.date=2021-07-20, java.home=/Library/Java/JavaVirtualMachines/jdk-11.0.12.jdk/Contents/Home, file.separator=/, java.vm.compressedOopsMode=Zero based, line.separator=
, hibernate.c3p0.timeout=300, java.specification.name=Java Platform API Specification, java.vm.specification.vendor=Oracle Corporation, java.awt.graphicsenv=sun.awt.CGraphicsEnvironment, connection.password=Java2021!, sun.management.compiler=HotSpot 64-Bit Tiered Compilers, ftp.nonProxyHosts=local|*.local|169.254/16|*.169.254/16, hibernate.c3p0.max_size=20, java.runtime.version=11.0.12+8-LTS-237, user.name=jk, path.separator=:, hibernate.connection.username=****, os.version=11.5, java.runtime.name=Java(TM) SE Runtime Environment, hibernate.connection.url=jdbc:mysql://localhost:3306/test_my_places_tracker, file.encoding=UTF-8, java.vm.name=Java HotSpot(TM) 64-Bit Server VM, java.vendor.version=18.9, hibernate.connection.driver_class=com.mysql.cj.jdbc.Driver, java.vendor.url.bug=https://bugreport.java.com/bugreport/, java.io.tmpdir=/var/folders/y_/8stpl2p91kg5yxgcjmy0tv200000gn/T/, java.version=11.0.12, user.dir=/Users/jk/IdeaProjects/MyPlacesTracker, os.arch=x86_64, connection.username=root, java.vm.specification.name=Java Virtual Machine Specification, java.awt.printerjob=sun.lwawt.macosx.CPrinterJob, hibernate.connection.password=****, sun.os.patch.level=unknown, connection.driver_class=com.mysql.cj.jdbc.Driver, hibernate.boot.CfgXmlAccessService.key=org.hibernate.boot.cfgxml.spi.LoadedConfig@2b0e9f30, java.library.path=/Users/jk/Library/Java/Extensions:/Library/Java/Extensions:/Network/Library/Java/Extensions:/System/Library/Java/Extensions:/usr/lib/java:., java.vendor=Oracle Corporation, java.vm.info=mixed mode, java.vm.version=11.0.12+8-LTS-237, hibernate.bytecode.use_reflection_optimizer=false, sun.io.unicode.encoding=UnicodeBig, connection.url=jdbc:mysql://localhost:3306/test_my_places_tracker, socksNonProxyHosts=local|*.local|169.254/16|*.169.254/16, java.class.version=55.0}
[DEBUG] 2021-09-30 07:34:42.835 [main] TypeSafeActivator - Unable to acquire Bean Validation ValidatorFactory, skipping activation
[DEBUG] 2021-09-30 07:34:42.835 [main] JaccIntegrator - Skipping JACC integration as it was not enabled
[DEBUG] 2021-09-30 07:34:42.836 [main] SessionFactoryImpl - Instantiated session factory
[DEBUG] 2021-09-30 07:34:42.836 [main] TypeConfiguration$Scope - Scoping TypeConfiguration [org.hibernate.type.spi.TypeConfiguration@35c12c7a] to SessionFactoryImpl [org.hibernate.internal.SessionFactoryImpl@33379242]
[DEBUG] 2021-09-30 07:34:42.870 [main] ClassLoaderAccessImpl - Not known whether passed class name [com.jilleliceiri.mptr.entity.Trip] is safe
[DEBUG] 2021-09-30 07:34:42.870 [main] ClassLoaderAccessImpl - No temp ClassLoader provided; using live ClassLoader for loading potentially unsafe class : com.jilleliceiri.mptr.entity.Trip
[DEBUG] 2021-09-30 07:34:42.882 [main] ClassLoaderAccessImpl - Not known whether passed class name [com.jilleliceiri.mptr.entity.Trip] is safe
[DEBUG] 2021-09-30 07:34:42.882 [main] ClassLoaderAccessImpl - No temp ClassLoader provided; using live ClassLoader for loading potentially unsafe class : com.jilleliceiri.mptr.entity.Trip
[DEBUG] 2021-09-30 07:34:43.017 [main] ClassLoaderAccessImpl - Not known whether passed class name [com.jilleliceiri.mptr.entity.Destination] is safe
[DEBUG] 2021-09-30 07:34:43.017 [main] ClassLoaderAccessImpl - No temp ClassLoader provided; using live ClassLoader for loading potentially unsafe class : com.jilleliceiri.mptr.entity.Destination
[DEBUG] 2021-09-30 07:34:43.017 [main] ClassLoaderAccessImpl - Not known whether passed class name [com.jilleliceiri.mptr.entity.Destination] is safe
[DEBUG] 2021-09-30 07:34:43.017 [main] ClassLoaderAccessImpl - No temp ClassLoader provided; using live ClassLoader for loading potentially unsafe class : com.jilleliceiri.mptr.entity.Destination
[DEBUG] 2021-09-30 07:34:43.031 [main] AbstractCollectionPersister - Static SQL for collection: com.jilleliceiri.mptr.entity.Trip.destinationSet
[DEBUG] 2021-09-30 07:34:43.031 [main] AbstractCollectionPersister -  Row insert: update destinations set trip_id=? where id=?
[DEBUG] 2021-09-30 07:34:43.031 [main] AbstractCollectionPersister -  Row update: update destinations set  where id=?
[DEBUG] 2021-09-30 07:34:43.031 [main] AbstractCollectionPersister -  Row delete: update destinations set trip_id=null where trip_id=? and id=?
[DEBUG] 2021-09-30 07:34:43.032 [main] AbstractCollectionPersister -  One-shot delete: update destinations set trip_id=null where trip_id=?
[DEBUG] 2021-09-30 07:34:43.034 [main] AbstractEntityPersister - Static SQL for entity: com.jilleliceiri.mptr.entity.Trip
[DEBUG] 2021-09-30 07:34:43.034 [main] AbstractEntityPersister -  Version select: select id from trips where id =?
[DEBUG] 2021-09-30 07:34:43.034 [main] AbstractEntityPersister -  Snapshot select: select trip_.id, trip_.trip_name as trip_nam2_1_ from trips trip_ where trip_.id=?
[DEBUG] 2021-09-30 07:34:43.034 [main] AbstractEntityPersister -  Insert 0: insert into trips (trip_name, id) values (?, ?)
[DEBUG] 2021-09-30 07:34:43.034 [main] AbstractEntityPersister -  Update 0: update trips set trip_name=? where id=?
[DEBUG] 2021-09-30 07:34:43.034 [main] AbstractEntityPersister -  Delete 0: delete from trips where id=?
[DEBUG] 2021-09-30 07:34:43.034 [main] AbstractEntityPersister -  Identity insert: insert into trips (trip_name) values (?)
[DEBUG] 2021-09-30 07:34:43.046 [main] QuerySpacesImpl - Adding QuerySpace : uid = <gen:0> -> org.hibernate.loader.plan.build.internal.spaces.EntityQuerySpaceImpl@5d352de0]
[DEBUG] 2021-09-30 07:34:43.047 [main] MetamodelGraphWalker - Visiting attribute path : destinationSet
[DEBUG] 2021-09-30 07:34:43.049 [main] QuerySpacesImpl - Adding QuerySpace : uid = <gen:1> -> org.hibernate.loader.plan.build.internal.spaces.CollectionQuerySpaceImpl@1f4f0fcc]
[DEBUG] 2021-09-30 07:34:43.050 [main] QuerySpacesImpl - Adding QuerySpace : uid = <gen:2> -> org.hibernate.loader.plan.build.internal.spaces.EntityQuerySpaceImpl@1f7cec93]
[DEBUG] 2021-09-30 07:34:43.051 [main] MetamodelGraphWalker - Visiting attribute path : destinationSet.city
[DEBUG] 2021-09-30 07:34:43.051 [main] MetamodelGraphWalker - Visiting attribute path : destinationSet.trip
[DEBUG] 2021-09-30 07:34:43.051 [main] MetamodelGraphWalker - Property path deemed to be circular : destinationSet.trip
[DEBUG] 2021-09-30 07:34:43.051 [main] MetamodelGraphWalker - Visiting attribute path : name
[DEBUG] 2021-09-30 07:34:43.052 [main] FetchStyleLoadPlanBuildingAssociationVisitationStrategy - Building LoadPlan...
[DEBUG] 2021-09-30 07:34:43.060 [main] LoadQueryJoinAndFetchProcessor - processing queryspace <gen:0>
[DEBUG] 2021-09-30 07:34:43.064 [main] LoadPlanTreePrinter - LoadPlan(entity=com.jilleliceiri.mptr.entity.Trip)
    - Returns
       - EntityReturnImpl(entity=com.jilleliceiri.mptr.entity.Trip, querySpaceUid=<gen:0>, path=com.jilleliceiri.mptr.entity.Trip)
          - CollectionAttributeFetchImpl(collection=com.jilleliceiri.mptr.entity.Trip.destinationSet, querySpaceUid=<gen:1>, path=com.jilleliceiri.mptr.entity.Trip.destinationSet)
             - (collection element) CollectionFetchableElementEntityGraph(entity=com.jilleliceiri.mptr.entity.Destination, querySpaceUid=<gen:2>, path=com.jilleliceiri.mptr.entity.Trip.destinationSet.<elements>)
    - QuerySpaces
       - EntityQuerySpaceImpl(uid=<gen:0>, entity=com.jilleliceiri.mptr.entity.Trip)
          - SQL table alias mapping - trip0_
          - alias suffix - 0_
          - suffixed key columns - {id1_1_0_}
          - JOIN (JoinDefinedByMetadata(destinationSet)) : <gen:0> -> <gen:1>
             - CollectionQuerySpaceImpl(uid=<gen:1>, collection=com.jilleliceiri.mptr.entity.Trip.destinationSet)
                - SQL table alias mapping - destinatio1_
                - alias suffix - 1_
                - suffixed key columns - {trip_id3_0_1_}
                - entity-element alias suffix - 2_
                - 2_entity-element suffixed key columns - id1_0_2_
                - JOIN (JoinDefinedByMetadata(elements)) : <gen:1> -> <gen:2>
                   - EntityQuerySpaceImpl(uid=<gen:2>, entity=com.jilleliceiri.mptr.entity.Destination)
                      - SQL table alias mapping - destinatio1_
                      - alias suffix - 2_
                      - suffixed key columns - {id1_0_2_}

[DEBUG] 2021-09-30 07:34:43.065 [main] EntityLoader - Static select for entity com.jilleliceiri.mptr.entity.Trip [NONE]: select trip0_.id as id1_1_0_, trip0_.trip_name as trip_nam2_1_0_, destinatio1_.trip_id as trip_id3_0_1_, destinatio1_.id as id1_0_1_, destinatio1_.id as id1_0_2_, destinatio1_.city as city2_0_2_, destinatio1_.trip_id as trip_id3_0_2_ from trips trip0_ left outer join destinations destinatio1_ on trip0_.id=destinatio1_.trip_id where trip0_.id=?
[DEBUG] 2021-09-30 07:34:43.066 [main] QuerySpacesImpl - Adding QuerySpace : uid = <gen:0> -> org.hibernate.loader.plan.build.internal.spaces.EntityQuerySpaceImpl@15e1f8fe]
[DEBUG] 2021-09-30 07:34:43.066 [main] MetamodelGraphWalker - Visiting attribute path : destinationSet
[DEBUG] 2021-09-30 07:34:43.066 [main] QuerySpacesImpl - Adding QuerySpace : uid = <gen:1> -> org.hibernate.loader.plan.build.internal.spaces.CollectionQuerySpaceImpl@6ee88e21]
[DEBUG] 2021-09-30 07:34:43.066 [main] QuerySpacesImpl - Adding QuerySpace : uid = <gen:2> -> org.hibernate.loader.plan.build.internal.spaces.EntityQuerySpaceImpl@78d23d6a]
[DEBUG] 2021-09-30 07:34:43.066 [main] MetamodelGraphWalker - Visiting attribute path : destinationSet.city
[DEBUG] 2021-09-30 07:34:43.066 [main] MetamodelGraphWalker - Visiting attribute path : destinationSet.trip
[DEBUG] 2021-09-30 07:34:43.066 [main] MetamodelGraphWalker - Property path deemed to be circular : destinationSet.trip
[DEBUG] 2021-09-30 07:34:43.066 [main] MetamodelGraphWalker - Visiting attribute path : name
[DEBUG] 2021-09-30 07:34:43.066 [main] FetchStyleLoadPlanBuildingAssociationVisitationStrategy - Building LoadPlan...
[DEBUG] 2021-09-30 07:34:43.066 [main] LoadQueryJoinAndFetchProcessor - processing queryspace <gen:0>
[DEBUG] 2021-09-30 07:34:43.067 [main] LoadPlanTreePrinter - LoadPlan(entity=com.jilleliceiri.mptr.entity.Trip)
    - Returns
       - EntityReturnImpl(entity=com.jilleliceiri.mptr.entity.Trip, querySpaceUid=<gen:0>, path=com.jilleliceiri.mptr.entity.Trip)
          - CollectionAttributeFetchImpl(collection=com.jilleliceiri.mptr.entity.Trip.destinationSet, querySpaceUid=<gen:1>, path=com.jilleliceiri.mptr.entity.Trip.destinationSet)
             - (collection element) CollectionFetchableElementEntityGraph(entity=com.jilleliceiri.mptr.entity.Destination, querySpaceUid=<gen:2>, path=com.jilleliceiri.mptr.entity.Trip.destinationSet.<elements>)
    - QuerySpaces
       - EntityQuerySpaceImpl(uid=<gen:0>, entity=com.jilleliceiri.mptr.entity.Trip)
          - SQL table alias mapping - trip0_
          - alias suffix - 0_
          - suffixed key columns - {id1_1_0_}
          - JOIN (JoinDefinedByMetadata(destinationSet)) : <gen:0> -> <gen:1>
             - CollectionQuerySpaceImpl(uid=<gen:1>, collection=com.jilleliceiri.mptr.entity.Trip.destinationSet)
                - SQL table alias mapping - destinatio1_
                - alias suffix - 1_
                - suffixed key columns - {trip_id3_0_1_}
                - entity-element alias suffix - 2_
                - 2_entity-element suffixed key columns - id1_0_2_
                - JOIN (JoinDefinedByMetadata(elements)) : <gen:1> -> <gen:2>
                   - EntityQuerySpaceImpl(uid=<gen:2>, entity=com.jilleliceiri.mptr.entity.Destination)
                      - SQL table alias mapping - destinatio1_
                      - alias suffix - 2_
                      - suffixed key columns - {id1_0_2_}

[DEBUG] 2021-09-30 07:34:43.067 [main] EntityLoader - Static select for entity com.jilleliceiri.mptr.entity.Trip [READ]: select trip0_.id as id1_1_0_, trip0_.trip_name as trip_nam2_1_0_, destinatio1_.trip_id as trip_id3_0_1_, destinatio1_.id as id1_0_1_, destinatio1_.id as id1_0_2_, destinatio1_.city as city2_0_2_, destinatio1_.trip_id as trip_id3_0_2_ from trips trip0_ left outer join destinations destinatio1_ on trip0_.id=destinatio1_.trip_id where trip0_.id=?
[DEBUG] 2021-09-30 07:34:43.076 [main] Loader - Static select for action ACTION_MERGE on entity com.jilleliceiri.mptr.entity.Trip: select trip0_.id as id1_1_1_, trip0_.trip_name as trip_nam2_1_1_, destinatio1_.trip_id as trip_id3_0_3_, destinatio1_.id as id1_0_3_, destinatio1_.id as id1_0_0_, destinatio1_.city as city2_0_0_, destinatio1_.trip_id as trip_id3_0_0_ from trips trip0_ left outer join destinations destinatio1_ on trip0_.id=destinatio1_.trip_id where trip0_.id=?
[DEBUG] 2021-09-30 07:34:43.076 [main] Loader - Static select for action ACTION_REFRESH on entity com.jilleliceiri.mptr.entity.Trip: select trip0_.id as id1_1_1_, trip0_.trip_name as trip_nam2_1_1_, destinatio1_.trip_id as trip_id3_0_3_, destinatio1_.id as id1_0_3_, destinatio1_.id as id1_0_0_, destinatio1_.city as city2_0_0_, destinatio1_.trip_id as trip_id3_0_0_ from trips trip0_ left outer join destinations destinatio1_ on trip0_.id=destinatio1_.trip_id where trip0_.id=?
[DEBUG] 2021-09-30 07:34:43.076 [main] AbstractEntityPersister - Static SQL for entity: com.jilleliceiri.mptr.entity.Destination
[DEBUG] 2021-09-30 07:34:43.076 [main] AbstractEntityPersister -  Version select: select id from destinations where id =?
[DEBUG] 2021-09-30 07:34:43.076 [main] AbstractEntityPersister -  Snapshot select: select destinatio_.id, destinatio_.city as city2_0_, destinatio_.trip_id as trip_id3_0_ from destinations destinatio_ where destinatio_.id=?
[DEBUG] 2021-09-30 07:34:43.076 [main] AbstractEntityPersister -  Insert 0: insert into destinations (city, trip_id, id) values (?, ?, ?)
[DEBUG] 2021-09-30 07:34:43.076 [main] AbstractEntityPersister -  Update 0: update destinations set city=?, trip_id=? where id=?
[DEBUG] 2021-09-30 07:34:43.076 [main] AbstractEntityPersister -  Delete 0: delete from destinations where id=?
[DEBUG] 2021-09-30 07:34:43.076 [main] AbstractEntityPersister -  Identity insert: insert into destinations (city, trip_id) values (?, ?)
[DEBUG] 2021-09-30 07:34:43.076 [main] QuerySpacesImpl - Adding QuerySpace : uid = <gen:0> -> org.hibernate.loader.plan.build.internal.spaces.EntityQuerySpaceImpl@781aff8b]
[DEBUG] 2021-09-30 07:34:43.076 [main] MetamodelGraphWalker - Visiting attribute path : city
[DEBUG] 2021-09-30 07:34:43.076 [main] MetamodelGraphWalker - Visiting attribute path : trip
[DEBUG] 2021-09-30 07:34:43.077 [main] QuerySpacesImpl - Adding QuerySpace : uid = <gen:1> -> org.hibernate.loader.plan.build.internal.spaces.EntityQuerySpaceImpl@11c78080]
[DEBUG] 2021-09-30 07:34:43.077 [main] MetamodelGraphWalker - Visiting attribute path : trip.destinationSet
[DEBUG] 2021-09-30 07:34:43.077 [main] MetamodelGraphWalker - Property path deemed to be circular : trip.destinationSet
[DEBUG] 2021-09-30 07:34:43.077 [main] MetamodelGraphWalker - Visiting attribute path : trip.name
[DEBUG] 2021-09-30 07:34:43.077 [main] FetchStyleLoadPlanBuildingAssociationVisitationStrategy - Building LoadPlan...
[DEBUG] 2021-09-30 07:34:43.077 [main] LoadQueryJoinAndFetchProcessor - processing queryspace <gen:0>
[DEBUG] 2021-09-30 07:34:43.078 [main] LoadPlanTreePrinter - LoadPlan(entity=com.jilleliceiri.mptr.entity.Destination)
    - Returns
       - EntityReturnImpl(entity=com.jilleliceiri.mptr.entity.Destination, querySpaceUid=<gen:0>, path=com.jilleliceiri.mptr.entity.Destination)
          - EntityAttributeFetchImpl(entity=com.jilleliceiri.mptr.entity.Trip, querySpaceUid=<gen:1>, path=com.jilleliceiri.mptr.entity.Destination.trip)
    - QuerySpaces
       - EntityQuerySpaceImpl(uid=<gen:0>, entity=com.jilleliceiri.mptr.entity.Destination)
          - SQL table alias mapping - destinatio0_
          - alias suffix - 0_
          - suffixed key columns - {id1_0_0_}
          - JOIN (JoinDefinedByMetadata(trip)) : <gen:0> -> <gen:1>
             - EntityQuerySpaceImpl(uid=<gen:1>, entity=com.jilleliceiri.mptr.entity.Trip)
                - SQL table alias mapping - trip1_
                - alias suffix - 1_
                - suffixed key columns - {id1_1_1_}

[DEBUG] 2021-09-30 07:34:43.078 [main] EntityLoader - Static select for entity com.jilleliceiri.mptr.entity.Destination [NONE]: select destinatio0_.id as id1_0_0_, destinatio0_.city as city2_0_0_, destinatio0_.trip_id as trip_id3_0_0_, trip1_.id as id1_1_1_, trip1_.trip_name as trip_nam2_1_1_ from destinations destinatio0_ left outer join trips trip1_ on destinatio0_.trip_id=trip1_.id where destinatio0_.id=?
[DEBUG] 2021-09-30 07:34:43.078 [main] QuerySpacesImpl - Adding QuerySpace : uid = <gen:0> -> org.hibernate.loader.plan.build.internal.spaces.EntityQuerySpaceImpl@7c11d32]
[DEBUG] 2021-09-30 07:34:43.078 [main] MetamodelGraphWalker - Visiting attribute path : city
[DEBUG] 2021-09-30 07:34:43.078 [main] MetamodelGraphWalker - Visiting attribute path : trip
[DEBUG] 2021-09-30 07:34:43.078 [main] QuerySpacesImpl - Adding QuerySpace : uid = <gen:1> -> org.hibernate.loader.plan.build.internal.spaces.EntityQuerySpaceImpl@58278366]
[DEBUG] 2021-09-30 07:34:43.078 [main] MetamodelGraphWalker - Visiting attribute path : trip.destinationSet
[DEBUG] 2021-09-30 07:34:43.078 [main] MetamodelGraphWalker - Property path deemed to be circular : trip.destinationSet
[DEBUG] 2021-09-30 07:34:43.078 [main] MetamodelGraphWalker - Visiting attribute path : trip.name
[DEBUG] 2021-09-30 07:34:43.078 [main] FetchStyleLoadPlanBuildingAssociationVisitationStrategy - Building LoadPlan...
[DEBUG] 2021-09-30 07:34:43.078 [main] LoadQueryJoinAndFetchProcessor - processing queryspace <gen:0>
[DEBUG] 2021-09-30 07:34:43.078 [main] LoadPlanTreePrinter - LoadPlan(entity=com.jilleliceiri.mptr.entity.Destination)
    - Returns
       - EntityReturnImpl(entity=com.jilleliceiri.mptr.entity.Destination, querySpaceUid=<gen:0>, path=com.jilleliceiri.mptr.entity.Destination)
          - EntityAttributeFetchImpl(entity=com.jilleliceiri.mptr.entity.Trip, querySpaceUid=<gen:1>, path=com.jilleliceiri.mptr.entity.Destination.trip)
    - QuerySpaces
       - EntityQuerySpaceImpl(uid=<gen:0>, entity=com.jilleliceiri.mptr.entity.Destination)
          - SQL table alias mapping - destinatio0_
          - alias suffix - 0_
          - suffixed key columns - {id1_0_0_}
          - JOIN (JoinDefinedByMetadata(trip)) : <gen:0> -> <gen:1>
             - EntityQuerySpaceImpl(uid=<gen:1>, entity=com.jilleliceiri.mptr.entity.Trip)
                - SQL table alias mapping - trip1_
                - alias suffix - 1_
                - suffixed key columns - {id1_1_1_}

[DEBUG] 2021-09-30 07:34:43.079 [main] EntityLoader - Static select for entity com.jilleliceiri.mptr.entity.Destination [READ]: select destinatio0_.id as id1_0_0_, destinatio0_.city as city2_0_0_, destinatio0_.trip_id as trip_id3_0_0_, trip1_.id as id1_1_1_, trip1_.trip_name as trip_nam2_1_1_ from destinations destinatio0_ left outer join trips trip1_ on destinatio0_.trip_id=trip1_.id where destinatio0_.id=?
[DEBUG] 2021-09-30 07:34:43.079 [main] Loader - Static select for action ACTION_MERGE on entity com.jilleliceiri.mptr.entity.Destination: select destinatio0_.id as id1_0_0_, destinatio0_.city as city2_0_0_, destinatio0_.trip_id as trip_id3_0_0_ from destinations destinatio0_ where destinatio0_.id=?
[DEBUG] 2021-09-30 07:34:43.079 [main] Loader - Static select for action ACTION_REFRESH on entity com.jilleliceiri.mptr.entity.Destination: select destinatio0_.id as id1_0_0_, destinatio0_.city as city2_0_0_, destinatio0_.trip_id as trip_id3_0_0_ from destinations destinatio0_ where destinatio0_.id=?
[DEBUG] 2021-09-30 07:34:43.082 [main] QuerySpacesImpl - Adding QuerySpace : uid = <gen:0> -> org.hibernate.loader.plan.build.internal.spaces.CollectionQuerySpaceImpl@38a4e2b0]
[DEBUG] 2021-09-30 07:34:43.082 [main] QuerySpacesImpl - Adding QuerySpace : uid = <gen:1> -> org.hibernate.loader.plan.build.internal.spaces.EntityQuerySpaceImpl@14c99bf6]
[DEBUG] 2021-09-30 07:34:43.082 [main] MetamodelGraphWalker - Visiting attribute path : city
[DEBUG] 2021-09-30 07:34:43.082 [main] MetamodelGraphWalker - Visiting attribute path : trip
[DEBUG] 2021-09-30 07:34:43.082 [main] MetamodelGraphWalker - Property path deemed to be circular : trip
[DEBUG] 2021-09-30 07:34:43.082 [main] FetchStyleLoadPlanBuildingAssociationVisitationStrategy - Building LoadPlan...
[DEBUG] 2021-09-30 07:34:43.083 [main] LoadQueryJoinAndFetchProcessor - processing queryspace <gen:0>
[DEBUG] 2021-09-30 07:34:43.083 [main] LoadPlanTreePrinter - LoadPlan(collection=com.jilleliceiri.mptr.entity.Trip.destinationSet)
    - Returns
       - CollectionReturnImpl(collection=com.jilleliceiri.mptr.entity.Trip.destinationSet, querySpaceUid=<gen:0>, path=[com.jilleliceiri.mptr.entity.Trip.destinationSet])
          - (collection element) CollectionFetchableElementEntityGraph(entity=com.jilleliceiri.mptr.entity.Destination, querySpaceUid=<gen:1>, path=[com.jilleliceiri.mptr.entity.Trip.destinationSet].<elements>)
    - QuerySpaces
       - CollectionQuerySpaceImpl(uid=<gen:0>, collection=com.jilleliceiri.mptr.entity.Trip.destinationSet)
          - SQL table alias mapping - destinatio0_
          - alias suffix - 0_
          - suffixed key columns - {trip_id3_0_0_}
          - entity-element alias suffix - 1_
          - 1_entity-element suffixed key columns - id1_0_1_
          - JOIN (JoinDefinedByMetadata(elements)) : <gen:0> -> <gen:1>
             - EntityQuerySpaceImpl(uid=<gen:1>, entity=com.jilleliceiri.mptr.entity.Destination)
                - SQL table alias mapping - destinatio0_
                - alias suffix - 1_
                - suffixed key columns - {id1_0_1_}

[DEBUG] 2021-09-30 07:34:43.084 [main] CollectionLoader - Static select for collection com.jilleliceiri.mptr.entity.Trip.destinationSet: select destinatio0_.trip_id as trip_id3_0_0_, destinatio0_.id as id1_0_0_, destinatio0_.id as id1_0_1_, destinatio0_.city as city2_0_1_, destinatio0_.trip_id as trip_id3_0_1_ from destinations destinatio0_ where destinatio0_.trip_id=?
[DEBUG] 2021-09-30 07:34:43.101 [main] SchemaManagementToolCoordinator - No actions specified; doing nothing
[DEBUG] 2021-09-30 07:34:43.101 [main] JtaPlatformInitiator - No JtaPlatform was specified, checking resolver
[DEBUG] 2021-09-30 07:34:43.101 [main] JtaPlatformResolverInitiator - No JtaPlatformResolver was specified, using default [org.hibernate.engine.transaction.jta.platform.internal.StandardJtaPlatformResolver]
[DEBUG] 2021-09-30 07:34:43.103 [main] StandardJtaPlatformResolver - Could not resolve JtaPlatform, using default [org.hibernate.engine.transaction.jta.platform.internal.NoJtaPlatform]
[INFO ] 2021-09-30 07:34:43.104 [main] JtaPlatformInitiator - HHH000490: Using JtaPlatform implementation: [org.hibernate.engine.transaction.jta.platform.internal.NoJtaPlatform]
[DEBUG] 2021-09-30 07:34:43.104 [main] NamedQueryRepository - Checking 0 named HQL queries
[DEBUG] 2021-09-30 07:34:43.104 [main] NamedQueryRepository - Checking 0 named SQL queries
[DEBUG] 2021-09-30 07:34:43.105 [main] SessionFactoryRegistry - Initializing SessionFactoryRegistry : org.hibernate.internal.SessionFactoryRegistry@38e83838
[DEBUG] 2021-09-30 07:34:43.106 [main] SessionFactoryRegistry - Registering SessionFactory: 88034eeb-c909-40ee-90bd-5ee18f4765a8 (<unnamed>)
[DEBUG] 2021-09-30 07:34:43.106 [main] SessionFactoryRegistry - Not binding SessionFactory to JNDI, no JNDI name configured
[DEBUG] 2021-09-30 07:34:43.196 [main] StatisticsInitiator - Statistics initialized [enabled=false]
[DEBUG] 2021-09-30 07:34:43.213 [main] CriteriaQueryImpl - Rendered criteria query -> select generatedAlias0 from Trip as generatedAlias0
[DEBUG] 2021-09-30 07:34:43.223 [main] QueryTranslatorFactoryInitiator - QueryTranslatorFactory: org.hibernate.hql.internal.ast.ASTQueryTranslatorFactory@20256a0b
[DEBUG] 2021-09-30 07:34:43.239 [main] QueryTranslatorImpl - parse() - HQL: select generatedAlias0 from com.jilleliceiri.mptr.entity.Trip as generatedAlias0
[DEBUG] 2021-09-30 07:34:43.244 [main] ErrorTracker - throwQueryException() : no errors
[DEBUG] 2021-09-30 07:34:43.249 [main] QueryTranslatorImpl - --- HQL AST ---
 \-[QUERY] Node: 'query'
    \-[SELECT_FROM] Node: 'SELECT_FROM'
       +-[FROM] Node: 'from'
       |  \-[RANGE] Node: 'RANGE'
       |     +-[DOT] Node: '.'
       |     |  +-[DOT] Node: '.'
       |     |  |  +-[DOT] Node: '.'
       |     |  |  |  +-[DOT] Node: '.'
       |     |  |  |  |  +-[IDENT] Node: 'com'
       |     |  |  |  |  \-[IDENT] Node: 'jilleliceiri'
       |     |  |  |  \-[IDENT] Node: 'mptr'
       |     |  |  \-[IDENT] Node: 'entity'
       |     |  \-[IDENT] Node: 'Trip'
       |     \-[ALIAS] Node: 'generatedAlias0'
       \-[SELECT] Node: 'select'
          \-[IDENT] Node: 'generatedAlias0'

[DEBUG] 2021-09-30 07:34:43.264 [main] HqlSqlBaseWalker - select << begin [level=1, statement=select]
[DEBUG] 2021-09-30 07:34:43.271 [main] FromElement - FromClause{level=1} : com.jilleliceiri.mptr.entity.Trip (generatedAlias0) -> trip0_
[DEBUG] 2021-09-30 07:34:43.272 [main] FromReferenceNode - Resolved : generatedAlias0 -> trip0_.id
[DEBUG] 2021-09-30 07:34:43.273 [main] HqlSqlBaseWalker - select : finishing up [level=1, statement=select]
[DEBUG] 2021-09-30 07:34:43.273 [main] HqlSqlWalker - processQuery() :  ( SELECT ( {select clause} trip0_.id ) ( FromClause{level=1} trips trip0_ ) )
[DEBUG] 2021-09-30 07:34:43.278 [main] JoinProcessor - Using FROM fragment [trips trip0_]
[DEBUG] 2021-09-30 07:34:43.278 [main] HqlSqlBaseWalker - select >> end [level=1, statement=select]
[DEBUG] 2021-09-30 07:34:43.279 [main] QueryTranslatorImpl - --- SQL AST ---
 \-[SELECT] QueryNode: 'SELECT'  querySpaces (trips)
    +-[SELECT_CLAUSE] SelectClause: '{select clause}'
    |  +-[ALIAS_REF] IdentNode: 'trip0_.id as id1_1_' {alias=generatedAlias0, className=com.jilleliceiri.mptr.entity.Trip, tableAlias=trip0_}
    |  \-[SQL_TOKEN] SqlFragment: 'trip0_.trip_name as trip_nam2_1_'
    \-[FROM] FromClause: 'from' FromClause{level=1, fromElementCounter=1, fromElements=1, fromElementByClassAlias=[generatedAlias0], fromElementByTableAlias=[trip0_], fromElementsByPath=[], collectionJoinFromElementsByPath=[], impliedElements=[]}
       \-[FROM_FRAGMENT] FromElement: 'trips trip0_' FromElement{explicit,not a collection join,not a fetch join,fetch non-lazy properties,classAlias=generatedAlias0,role=null,tableName=trips,tableAlias=trip0_,origin=null,columns={,className=com.jilleliceiri.mptr.entity.Trip}}

[DEBUG] 2021-09-30 07:34:43.279 [main] ErrorTracker - throwQueryException() : no errors
[DEBUG] 2021-09-30 07:34:43.284 [main] QueryTranslatorImpl - HQL: select generatedAlias0 from com.jilleliceiri.mptr.entity.Trip as generatedAlias0
[DEBUG] 2021-09-30 07:34:43.284 [main] QueryTranslatorImpl - SQL: select trip0_.id as id1_1_, trip0_.trip_name as trip_nam2_1_ from trips trip0_
[DEBUG] 2021-09-30 07:34:43.284 [main] ErrorTracker - throwQueryException() : no errors
[DEBUG] 2021-09-30 07:34:43.297 [main] SQL - select trip0_.id as id1_1_, trip0_.trip_name as trip_nam2_1_ from trips trip0_
[DEBUG] 2021-09-30 07:34:43.314 [main] Loader - Result set row: 0
[DEBUG] 2021-09-30 07:34:43.316 [main] Loader - Result row: EntityKey[com.jilleliceiri.mptr.entity.Trip#1]
[DEBUG] 2021-09-30 07:34:43.322 [main] Loader - Result set row: 1
[DEBUG] 2021-09-30 07:34:43.323 [main] Loader - Result row: EntityKey[com.jilleliceiri.mptr.entity.Trip#2]
[DEBUG] 2021-09-30 07:34:43.323 [main] Loader - Result set row: 2
[DEBUG] 2021-09-30 07:34:43.323 [main] Loader - Result row: EntityKey[com.jilleliceiri.mptr.entity.Trip#3]
[DEBUG] 2021-09-30 07:34:43.324 [main] TwoPhaseLoad - Resolving attributes for [com.jilleliceiri.mptr.entity.Trip#1]
[DEBUG] 2021-09-30 07:34:43.325 [main] TwoPhaseLoad - Processing attribute `destinationSet` : value = NOT NULL COLLECTION
[DEBUG] 2021-09-30 07:34:43.325 [main] TwoPhaseLoad - Attribute (`destinationSet`)  - enhanced for lazy-loading? - false
[DEBUG] 2021-09-30 07:34:43.330 [main] TwoPhaseLoad - Processing attribute `name` : value = Fall  Colour Tour
[DEBUG] 2021-09-30 07:34:43.330 [main] TwoPhaseLoad - Attribute (`name`)  - enhanced for lazy-loading? - false
[DEBUG] 2021-09-30 07:34:43.330 [main] TwoPhaseLoad - Done materializing entity [com.jilleliceiri.mptr.entity.Trip#1]
[DEBUG] 2021-09-30 07:34:43.330 [main] TwoPhaseLoad - Resolving attributes for [com.jilleliceiri.mptr.entity.Trip#2]
[DEBUG] 2021-09-30 07:34:43.330 [main] TwoPhaseLoad - Processing attribute `destinationSet` : value = NOT NULL COLLECTION
[DEBUG] 2021-09-30 07:34:43.330 [main] TwoPhaseLoad - Attribute (`destinationSet`)  - enhanced for lazy-loading? - false
[DEBUG] 2021-09-30 07:34:43.331 [main] TwoPhaseLoad - Processing attribute `name` : value = Winter Break
[DEBUG] 2021-09-30 07:34:43.331 [main] TwoPhaseLoad - Attribute (`name`)  - enhanced for lazy-loading? - false
[DEBUG] 2021-09-30 07:34:43.331 [main] TwoPhaseLoad - Done materializing entity [com.jilleliceiri.mptr.entity.Trip#2]
[DEBUG] 2021-09-30 07:34:43.331 [main] TwoPhaseLoad - Resolving attributes for [com.jilleliceiri.mptr.entity.Trip#3]
[DEBUG] 2021-09-30 07:34:43.331 [main] TwoPhaseLoad - Processing attribute `destinationSet` : value = NOT NULL COLLECTION
[DEBUG] 2021-09-30 07:34:43.331 [main] TwoPhaseLoad - Attribute (`destinationSet`)  - enhanced for lazy-loading? - false
[DEBUG] 2021-09-30 07:34:43.331 [main] TwoPhaseLoad - Processing attribute `name` : value = Spring in the South
[DEBUG] 2021-09-30 07:34:43.331 [main] TwoPhaseLoad - Attribute (`name`)  - enhanced for lazy-loading? - false
[DEBUG] 2021-09-30 07:34:43.331 [main] TwoPhaseLoad - Done materializing entity [com.jilleliceiri.mptr.entity.Trip#3]
[DEBUG] 2021-09-30 07:34:43.332 [main] AbstractLoadPlanBasedCollectionInitializer - Loading collection: [com.jilleliceiri.mptr.entity.Trip.destinationSet#3]
[DEBUG] 2021-09-30 07:34:43.332 [main] SQL - select destinatio0_.trip_id as trip_id3_0_0_, destinatio0_.id as id1_0_0_, destinatio0_.id as id1_0_1_, destinatio0_.city as city2_0_1_, destinatio0_.trip_id as trip_id3_0_1_ from destinations destinatio0_ where destinatio0_.trip_id=?
[DEBUG] 2021-09-30 07:34:43.335 [main] ResultSetProcessorImpl - Preparing collection initializer : [com.jilleliceiri.mptr.entity.Trip.destinationSet#3]
[DEBUG] 2021-09-30 07:34:43.338 [main] ResultSetProcessorImpl - Starting ResultSet row #0
[DEBUG] 2021-09-30 07:34:43.340 [main] CollectionReferenceInitializerImpl - Found row of collection: [com.jilleliceiri.mptr.entity.Trip.destinationSet#3]
[DEBUG] 2021-09-30 07:34:43.343 [main] ResultSetProcessorImpl - Starting ResultSet row #1
[DEBUG] 2021-09-30 07:34:43.344 [main] CollectionReferenceInitializerImpl - Found row of collection: [com.jilleliceiri.mptr.entity.Trip.destinationSet#3]
[DEBUG] 2021-09-30 07:34:43.344 [main] TwoPhaseLoad - Resolving attributes for [com.jilleliceiri.mptr.entity.Destination#3]
[DEBUG] 2021-09-30 07:34:43.344 [main] TwoPhaseLoad - Processing attribute `city` : value = Marco Island
[DEBUG] 2021-09-30 07:34:43.344 [main] TwoPhaseLoad - Attribute (`city`)  - enhanced for lazy-loading? - false
[DEBUG] 2021-09-30 07:34:43.344 [main] TwoPhaseLoad - Processing attribute `trip` : value = 3
[DEBUG] 2021-09-30 07:34:43.344 [main] TwoPhaseLoad - Attribute (`trip`)  - enhanced for lazy-loading? - false
[DEBUG] 2021-09-30 07:34:43.344 [main] TwoPhaseLoad - Done materializing entity [com.jilleliceiri.mptr.entity.Destination#3]
[DEBUG] 2021-09-30 07:34:43.344 [main] TwoPhaseLoad - Resolving attributes for [com.jilleliceiri.mptr.entity.Destination#4]
[DEBUG] 2021-09-30 07:34:43.344 [main] TwoPhaseLoad - Processing attribute `city` : value = Ft Lauderdale
[DEBUG] 2021-09-30 07:34:43.344 [main] TwoPhaseLoad - Attribute (`city`)  - enhanced for lazy-loading? - false
[DEBUG] 2021-09-30 07:34:43.344 [main] TwoPhaseLoad - Processing attribute `trip` : value = 3
[DEBUG] 2021-09-30 07:34:43.344 [main] TwoPhaseLoad - Attribute (`trip`)  - enhanced for lazy-loading? - false
[DEBUG] 2021-09-30 07:34:43.345 [main] TwoPhaseLoad - Done materializing entity [com.jilleliceiri.mptr.entity.Destination#4]
[DEBUG] 2021-09-30 07:34:43.345 [main] CollectionLoadContext - 1 collections were found in result set for role: com.jilleliceiri.mptr.entity.Trip.destinationSet
[DEBUG] 2021-09-30 07:34:43.345 [main] CollectionLoadContext - Collection fully initialized: [com.jilleliceiri.mptr.entity.Trip.destinationSet#3]
[DEBUG] 2021-09-30 07:34:43.345 [main] CollectionLoadContext - 1 collections initialized for role: com.jilleliceiri.mptr.entity.Trip.destinationSet
[DEBUG] 2021-09-30 07:34:43.345 [main] ResourceRegistryStandardImpl - HHH000387: ResultSet's statement was not registered
[DEBUG] 2021-09-30 07:34:43.345 [main] AbstractLoadPlanBasedCollectionInitializer - Done loading collection
[DEBUG] 2021-09-30 07:34:43.345 [main] AbstractLoadPlanBasedCollectionInitializer - Loading collection: [com.jilleliceiri.mptr.entity.Trip.destinationSet#2]
[DEBUG] 2021-09-30 07:34:43.345 [main] SQL - select destinatio0_.trip_id as trip_id3_0_0_, destinatio0_.id as id1_0_0_, destinatio0_.id as id1_0_1_, destinatio0_.city as city2_0_1_, destinatio0_.trip_id as trip_id3_0_1_ from destinations destinatio0_ where destinatio0_.trip_id=?
[DEBUG] 2021-09-30 07:34:43.346 [main] ResultSetProcessorImpl - Preparing collection initializer : [com.jilleliceiri.mptr.entity.Trip.destinationSet#2]
[DEBUG] 2021-09-30 07:34:43.346 [main] CollectionLoadContext - 1 collections were found in result set for role: com.jilleliceiri.mptr.entity.Trip.destinationSet
[DEBUG] 2021-09-30 07:34:43.347 [main] CollectionLoadContext - Collection fully initialized: [com.jilleliceiri.mptr.entity.Trip.destinationSet#2]
[DEBUG] 2021-09-30 07:34:43.347 [main] CollectionLoadContext - 1 collections initialized for role: com.jilleliceiri.mptr.entity.Trip.destinationSet
[DEBUG] 2021-09-30 07:34:43.347 [main] ResourceRegistryStandardImpl - HHH000387: ResultSet's statement was not registered
[DEBUG] 2021-09-30 07:34:43.347 [main] AbstractLoadPlanBasedCollectionInitializer - Done loading collection
[DEBUG] 2021-09-30 07:34:43.347 [main] AbstractLoadPlanBasedCollectionInitializer - Loading collection: [com.jilleliceiri.mptr.entity.Trip.destinationSet#1]
[DEBUG] 2021-09-30 07:34:43.347 [main] SQL - select destinatio0_.trip_id as trip_id3_0_0_, destinatio0_.id as id1_0_0_, destinatio0_.id as id1_0_1_, destinatio0_.city as city2_0_1_, destinatio0_.trip_id as trip_id3_0_1_ from destinations destinatio0_ where destinatio0_.trip_id=?
[DEBUG] 2021-09-30 07:34:43.348 [main] ResultSetProcessorImpl - Preparing collection initializer : [com.jilleliceiri.mptr.entity.Trip.destinationSet#1]
[DEBUG] 2021-09-30 07:34:43.348 [main] ResultSetProcessorImpl - Starting ResultSet row #0
[DEBUG] 2021-09-30 07:34:43.348 [main] CollectionReferenceInitializerImpl - Found row of collection: [com.jilleliceiri.mptr.entity.Trip.destinationSet#1]
[DEBUG] 2021-09-30 07:34:43.348 [main] ResultSetProcessorImpl - Starting ResultSet row #1
[DEBUG] 2021-09-30 07:34:43.348 [main] CollectionReferenceInitializerImpl - Found row of collection: [com.jilleliceiri.mptr.entity.Trip.destinationSet#1]
[DEBUG] 2021-09-30 07:34:43.349 [main] TwoPhaseLoad - Resolving attributes for [com.jilleliceiri.mptr.entity.Destination#1]
[DEBUG] 2021-09-30 07:34:43.349 [main] TwoPhaseLoad - Processing attribute `city` : value = Aspen
[DEBUG] 2021-09-30 07:34:43.349 [main] TwoPhaseLoad - Attribute (`city`)  - enhanced for lazy-loading? - false
[DEBUG] 2021-09-30 07:34:43.349 [main] TwoPhaseLoad - Processing attribute `trip` : value = 1
[DEBUG] 2021-09-30 07:34:43.349 [main] TwoPhaseLoad - Attribute (`trip`)  - enhanced for lazy-loading? - false
[DEBUG] 2021-09-30 07:34:43.349 [main] TwoPhaseLoad - Done materializing entity [com.jilleliceiri.mptr.entity.Destination#1]
[DEBUG] 2021-09-30 07:34:43.349 [main] TwoPhaseLoad - Resolving attributes for [com.jilleliceiri.mptr.entity.Destination#2]
[DEBUG] 2021-09-30 07:34:43.349 [main] TwoPhaseLoad - Processing attribute `city` : value = Munising
[DEBUG] 2021-09-30 07:34:43.349 [main] TwoPhaseLoad - Attribute (`city`)  - enhanced for lazy-loading? - false
[DEBUG] 2021-09-30 07:34:43.349 [main] TwoPhaseLoad - Processing attribute `trip` : value = 1
[DEBUG] 2021-09-30 07:34:43.349 [main] TwoPhaseLoad - Attribute (`trip`)  - enhanced for lazy-loading? - false
[DEBUG] 2021-09-30 07:34:43.349 [main] TwoPhaseLoad - Done materializing entity [com.jilleliceiri.mptr.entity.Destination#2]
[DEBUG] 2021-09-30 07:34:43.349 [main] CollectionLoadContext - 1 collections were found in result set for role: com.jilleliceiri.mptr.entity.Trip.destinationSet
[DEBUG] 2021-09-30 07:34:43.349 [main] CollectionLoadContext - Collection fully initialized: [com.jilleliceiri.mptr.entity.Trip.destinationSet#1]
[DEBUG] 2021-09-30 07:34:43.349 [main] CollectionLoadContext - 1 collections initialized for role: com.jilleliceiri.mptr.entity.Trip.destinationSet
[DEBUG] 2021-09-30 07:34:43.349 [main] ResourceRegistryStandardImpl - HHH000387: ResultSet's statement was not registered
[DEBUG] 2021-09-30 07:34:43.349 [main] AbstractLoadPlanBasedCollectionInitializer - Done loading collection
[DEBUG] 2021-09-30 07:34:43.350 [main] LogicalConnectionManagedImpl - Initiating JDBC connection release from afterTransaction
