[DEBUG] 2021-10-03 12:11:22.425 [main] GenericDao - Searching for getById 1
[DEBUG] 2021-10-03 12:13:40.399 [main] GenericDao - Searching for getById 1
[DEBUG] 2021-10-03 12:16:43.169 [main] GenericDao - Searching for getById 1
[DEBUG] 2021-10-03 12:18:26.595 [main] GenericDao - Searching for getById 1
[DEBUG] 2021-10-03 15:03:03.730 [main] GenericDao - Searching for getById 3
[DEBUG] 2021-10-03 15:03:56.233 [main] GenericDao - Searching for getById 3
[DEBUG] 2021-10-03 15:04:53.407 [main] GenericDao - Searching for getById 2
[DEBUG] 2021-10-03 15:04:53.503 [main] GenericDao - SaveOrUpdating: Note{id=2, name='New Note Name', description='Henry - 203-203-2938', trip=Trip{id=1, name='Fall  Colour Tour', destinationSet=[Destination{city='Aspen'}, Destination{city='Munising'}]}}
[DEBUG] 2021-10-03 15:04:53.539 [main] GenericDao - Searching for getById 2
[DEBUG] 2021-10-03 15:05:45.783 [main] GenericDao - The list of types [Note{id=1, name='ABC Hotel', description='2021 Fall Colour Tour St.', trip=Trip{id=1, name='Fall  Colour Tour', destinationSet=[Destination{city='Munising'}, Destination{city='Aspen'}]}}, Note{id=2, name='Travel Guide', description='Henry - 203-203-2938', trip=Trip{id=1, name='Fall  Colour Tour', destinationSet=[Destination{city='Munising'}, Destination{city='Aspen'}]}}]
[DEBUG] 2021-10-03 15:09:00.285 [main] GenericDao - Searching for getById 2
[DEBUG] 2021-10-03 15:13:17.610 [main] GenericDao - Searching for getById 2
[DEBUG] 2021-10-03 15:16:57.962 [main] TripDao - Searching for getById 2
[DEBUG] 2021-10-03 15:16:58.052 [main] GenericDao - Inserting: Note{id=0, name='insert New Note', description='description', trip=Trip{id=2, name='Winter Break', destinationSet=[]}}
[DEBUG] 2021-10-03 15:16:58.084 [main] GenericDao - Searching for getById 3
[DEBUG] 2021-10-03 15:22:45.288 [main] GenericDao - Inserting: Trip{id=0, name='New Trip', destinationSet=[]}
[DEBUG] 2021-10-03 15:22:45.457 [main] GenericDao - Searching for getById 9
[DEBUG] 2021-10-03 15:32:22.541 [main] GenericDao - Searching for getById 2
[DEBUG] 2021-10-03 15:32:22.641 [main] GenericDao - Deleting: Trip{id=2, name='Winter Break', destinationSet=[]}
[DEBUG] 2021-10-03 15:32:22.670 [main] GenericDao - Searching for getById 2
[DEBUG] 2021-10-03 15:34:25.692 [main] GenericDao - The list of types [Trip{id=1, name='Fall  Colour Tour', destinationSet=[Destination{city='Munising'}, Destination{city='Aspen'}]}, Trip{id=2, name='Winter Break', destinationSet=[]}, Trip{id=3, name='Spring in the South', destinationSet=[Destination{city='Marco Island'}, Destination{city='Ft Lauderdale'}]}]
[DEBUG] 2021-10-03 15:36:00.336 [main] GenericDao - The list of types [Note{id=1, name='ABC Hotel', description='2021 Fall Colour Tour St.', trip=Trip{id=1, name='Fall  Colour Tour', destinationSet=[Destination{city='Aspen'}, Destination{city='Munising'}]}}, Note{id=2, name='Travel Guide', description='Henry - 203-203-2938', trip=Trip{id=1, name='Fall  Colour Tour', destinationSet=[Destination{city='Aspen'}, Destination{city='Munising'}]}}]
[DEBUG] 2021-10-03 15:36:00.387 [main] GenericDao - Searching for getById 2
[DEBUG] 2021-10-03 15:36:00.397 [main] GenericDao - SaveOrUpdating: Note{id=2, name='New Note Name', description='Henry - 203-203-2938', trip=Trip{id=1, name='Fall  Colour Tour', destinationSet=[Destination{city='Aspen'}, Destination{city='Munising'}]}}
[DEBUG] 2021-10-03 15:36:00.420 [main] GenericDao - Searching for getById 2
[DEBUG] 2021-10-03 15:36:00.471 [main] GenericDao - Searching for getById 1
[DEBUG] 2021-10-03 15:36:31.976 [main] GenericDao - Searching for getById 2
[DEBUG] 2021-10-03 15:36:32.079 [main] GenericDao - Deleting: Trip{id=2, name='Winter Break', destinationSet=[]}
[DEBUG] 2021-10-03 15:36:32.107 [main] GenericDao - Searching for getById 2
[DEBUG] 2021-10-03 15:36:32.146 [main] GenericDao - Inserting: Trip{id=0, name='New Trip', destinationSet=[]}
[DEBUG] 2021-10-03 15:36:32.163 [main] GenericDao - Searching for getById 10
[DEBUG] 2021-10-03 15:36:32.326 [main] GenericDao - The list of types [Trip{id=1, name='Fall  Colour Tour', destinationSet=[Destination{city='Munising'}, Destination{city='Aspen'}]}, Trip{id=2, name='Winter Break', destinationSet=[]}, Trip{id=3, name='Spring in the South', destinationSet=[Destination{city='Ft Lauderdale'}, Destination{city='Marco Island'}]}]
[DEBUG] 2021-10-03 15:36:32.375 [main] GenericDao - Searching for getById 3
[DEBUG] 2021-10-03 15:36:32.380 [main] GenericDao - SaveOrUpdating: Trip{id=3, name='New Trip Name', destinationSet=[Destination{city='Marco Island'}, Destination{city='Ft Lauderdale'}]}
[DEBUG] 2021-10-03 15:36:32.391 [main] GenericDao - Searching for getById 3
[DEBUG] 2021-10-03 15:36:32.438 [main] GenericDao - Inserting: Trip{id=0, name='Northern Summer', destinationSet=[]}
[DEBUG] 2021-10-03 15:36:32.444 [main] GenericDao - Searching for getById 11
[DEBUG] 2021-10-03 15:36:32.486 [main] GenericDao - Searching for getById 1
[DEBUG] 2021-10-03 15:36:32.531 [main] GenericDao - Inserting: Trip{id=0, name='Northern Summer', destinationSet=[Destination{city='Minneapolis'}]}
[DEBUG] 2021-10-03 15:36:32.538 [main] GenericDao - Searching for getById 12
[DEBUG] 2021-10-03 15:36:32.597 [main] GenericDao - The list of types [Trip{id=1, name='Fall  Colour Tour', destinationSet=[Destination{city='Munising'}, Destination{city='Aspen'}]}, Trip{id=2, name='Winter Break', destinationSet=[]}, Trip{id=3, name='Spring in the South', destinationSet=[Destination{city='Ft Lauderdale'}, Destination{city='Marco Island'}]}]
[DEBUG] 2021-10-03 15:38:36.744 [main] GenericDao - Searching for getById 2
[DEBUG] 2021-10-03 15:38:36.875 [main] GenericDao - Inserting: Note{id=0, name='insert New Note', description='description', trip=Trip{id=2, name='Winter Break', destinationSet=[]}}
[DEBUG] 2021-10-03 15:38:36.913 [main] GenericDao - Searching for getById 6
[DEBUG] 2021-10-03 15:38:37.087 [main] GenericDao - The list of types [Note{id=1, name='ABC Hotel', description='2021 Fall Colour Tour St.', trip=Trip{id=1, name='Fall  Colour Tour', destinationSet=[Destination{city='Aspen'}, Destination{city='Munising'}]}}, Note{id=2, name='Travel Guide', description='Henry - 203-203-2938', trip=Trip{id=1, name='Fall  Colour Tour', destinationSet=[Destination{city='Aspen'}, Destination{city='Munising'}]}}]
[DEBUG] 2021-10-03 15:38:37.142 [main] GenericDao - Searching for getById 2
[DEBUG] 2021-10-03 15:38:37.151 [main] GenericDao - SaveOrUpdating: Note{id=2, name='New Note Name', description='Henry - 203-203-2938', trip=Trip{id=1, name='Fall  Colour Tour', destinationSet=[Destination{city='Aspen'}, Destination{city='Munising'}]}}
[DEBUG] 2021-10-03 15:38:37.162 [main] GenericDao - Searching for getById 2
[DEBUG] 2021-10-03 15:38:37.220 [main] GenericDao - Searching for getById 1
[DEBUG] 2021-10-03 15:39:36.402 [main] GenericDao - The list of types [Note{id=1, name='ABC Hotel', description='2021 Fall Colour Tour St.', trip=Trip{id=1, name='Fall  Colour Tour', destinationSet=[Destination{city='Munising'}, Destination{city='Aspen'}]}}, Note{id=2, name='Travel Guide', description='Henry - 203-203-2938', trip=Trip{id=1, name='Fall  Colour Tour', destinationSet=[Destination{city='Munising'}, Destination{city='Aspen'}]}}]
[DEBUG] 2021-10-03 15:41:23.767 [main] GenericDao - Searching for getById 2
[DEBUG] 2021-10-03 15:41:23.869 [main] GenericDao - Deleting: Note{id=2, name='Travel Guide', description='Henry - 203-203-2938', trip=Trip{id=1, name='Fall  Colour Tour', destinationSet=[Destination{city='Munising'}, Destination{city='Aspen'}]}}
[DEBUG] 2021-10-03 15:41:23.905 [main] GenericDao - Searching for getById 2
[DEBUG] 2021-10-03 15:44:39.636 [main] GenericDao - Searching for getById 2
[DEBUG] 2021-10-03 15:44:39.743 [main] GenericDao - Deleting: Trip{id=2, name='Winter Break', destinationSet=[]}
[DEBUG] 2021-10-03 15:44:39.776 [main] GenericDao - Searching for getById 2
[DEBUG] 2021-10-03 15:44:39.807 [main] GenericDao - Inserting: Trip{id=0, name='New Trip', destinationSet=[]}
[DEBUG] 2021-10-03 15:44:39.821 [main] GenericDao - Searching for getById 13
[DEBUG] 2021-10-03 15:44:39.988 [main] GenericDao - The list of types [Trip{id=1, name='Fall  Colour Tour', destinationSet=[Destination{city='Munising'}, Destination{city='Aspen'}]}, Trip{id=2, name='Winter Break', destinationSet=[]}, Trip{id=3, name='Spring in the South', destinationSet=[Destination{city='Marco Island'}, Destination{city='Ft Lauderdale'}]}]
[DEBUG] 2021-10-03 15:44:40.038 [main] GenericDao - Searching for getById 3
[DEBUG] 2021-10-03 15:44:40.043 [main] GenericDao - SaveOrUpdating: Trip{id=3, name='New Trip Name', destinationSet=[Destination{city='Ft Lauderdale'}, Destination{city='Marco Island'}]}
[DEBUG] 2021-10-03 15:44:40.055 [main] GenericDao - Searching for getById 3
[DEBUG] 2021-10-03 15:44:40.099 [main] GenericDao - Inserting: Trip{id=0, name='Northern Summer', destinationSet=[]}
[DEBUG] 2021-10-03 15:44:40.104 [main] GenericDao - Searching for getById 14
[DEBUG] 2021-10-03 15:44:40.146 [main] GenericDao - Searching for getById 1
[DEBUG] 2021-10-03 15:44:40.192 [main] GenericDao - Inserting: Trip{id=0, name='Northern Summer', destinationSet=[Destination{city='Minneapolis'}]}
[DEBUG] 2021-10-03 15:44:40.198 [main] GenericDao - Searching for getById 15
[DEBUG] 2021-10-03 15:44:40.259 [main] GenericDao - The list of types [Trip{id=1, name='Fall  Colour Tour', destinationSet=[Destination{city='Aspen'}, Destination{city='Munising'}]}, Trip{id=2, name='Winter Break', destinationSet=[]}, Trip{id=3, name='Spring in the South', destinationSet=[Destination{city='Marco Island'}, Destination{city='Ft Lauderdale'}]}]
[DEBUG] 2021-10-03 15:49:26.680 [main] GenericDao - Searching for getById 2
[DEBUG] 2021-10-03 15:49:26.779 [main] GenericDao - Deleting: Trip{id=2, name='Winter Break', destinationSet=[]}
[DEBUG] 2021-10-03 15:49:26.809 [main] GenericDao - Searching for getById 2
[DEBUG] 2021-10-03 15:49:26.838 [main] GenericDao - Inserting: Trip{id=0, name='New Trip', destinationSet=[]}
[DEBUG] 2021-10-03 15:49:26.851 [main] GenericDao - Searching for getById 16
[DEBUG] 2021-10-03 15:49:27.005 [main] GenericDao - The list of types [Trip{id=1, name='Fall  Colour Tour', destinationSet=[Destination{city='Munising'}, Destination{city='Aspen'}]}, Trip{id=2, name='Winter Break', destinationSet=[]}, Trip{id=3, name='Spring in the South', destinationSet=[Destination{city='Marco Island'}, Destination{city='Ft Lauderdale'}]}]
[DEBUG] 2021-10-03 15:49:27.046 [main] GenericDao - Searching for getById 3
[DEBUG] 2021-10-03 15:49:27.052 [main] GenericDao - SaveOrUpdating: Trip{id=3, name='New Trip Name', destinationSet=[Destination{city='Marco Island'}, Destination{city='Ft Lauderdale'}]}
[DEBUG] 2021-10-03 15:49:27.060 [main] GenericDao - Searching for getById 3
[DEBUG] 2021-10-03 15:49:27.115 [main] GenericDao - Inserting: Trip{id=0, name='Northern Summer', destinationSet=[]}
[DEBUG] 2021-10-03 15:49:27.120 [main] GenericDao - Searching for getById 17
[DEBUG] 2021-10-03 15:49:27.165 [main] GenericDao - Searching for getById 1
[DEBUG] 2021-10-03 15:49:27.215 [main] GenericDao - Inserting: Trip{id=0, name='Northern Summer', destinationSet=[Destination{city='Minneapolis'}]}
[DEBUG] 2021-10-03 15:49:27.221 [main] GenericDao - Searching for getById 18
[DEBUG] 2021-10-03 15:49:27.277 [main] GenericDao - The list of types [Trip{id=1, name='Fall  Colour Tour', destinationSet=[Destination{city='Munising'}, Destination{city='Aspen'}]}, Trip{id=2, name='Winter Break', destinationSet=[]}, Trip{id=3, name='Spring in the South', destinationSet=[Destination{city='Marco Island'}, Destination{city='Ft Lauderdale'}]}]
[DEBUG] 2021-10-03 15:49:55.628 [main] GenericDao - Searching for getById 2
[DEBUG] 2021-10-03 15:49:55.734 [main] GenericDao - Deleting: Note{id=2, name='Travel Guide', description='Henry - 203-203-2938', trip=Trip{id=1, name='Fall  Colour Tour', destinationSet=[Destination{city='Munising'}, Destination{city='Aspen'}]}}
[DEBUG] 2021-10-03 15:49:55.772 [main] GenericDao - Searching for getById 2
[DEBUG] 2021-10-03 15:49:55.949 [main] GenericDao - The list of types [Note{id=1, name='ABC Hotel', description='2021 Fall Colour Tour St.', trip=Trip{id=1, name='Fall  Colour Tour', destinationSet=[Destination{city='Aspen'}, Destination{city='Munising'}]}}, Note{id=2, name='Travel Guide', description='Henry - 203-203-2938', trip=Trip{id=1, name='Fall  Colour Tour', destinationSet=[Destination{city='Aspen'}, Destination{city='Munising'}]}}]
[DEBUG] 2021-10-03 15:49:56.025 [main] GenericDao - Searching for getById 2
[DEBUG] 2021-10-03 15:49:56.034 [main] GenericDao - SaveOrUpdating: Note{id=2, name='New Note Name', description='Henry - 203-203-2938', trip=Trip{id=1, name='Fall  Colour Tour', destinationSet=[Destination{city='Aspen'}, Destination{city='Munising'}]}}
[DEBUG] 2021-10-03 15:49:56.041 [main] GenericDao - Searching for getById 2
[DEBUG] 2021-10-03 15:49:56.110 [main] GenericDao - Searching for getById 1
[DEBUG] 2021-10-03 15:49:56.164 [main] GenericDao - Searching for getById 2
[DEBUG] 2021-10-03 15:49:56.168 [main] GenericDao - Inserting: Note{id=0, name='insert New Note', description='description', trip=Trip{id=2, name='Winter Break', destinationSet=[]}}
[DEBUG] 2021-10-03 15:49:56.179 [main] GenericDao - Searching for getById 9
[DEBUG] 2021-10-03 15:50:43.278 [main] GenericDao - Searching for getById 2
[DEBUG] 2021-10-03 15:50:43.388 [main] GenericDao - Deleting: Note{id=2, name='Travel Guide', description='Henry - 203-203-2938', trip=Trip{id=1, name='Fall  Colour Tour', destinationSet=[Destination{city='Munising'}, Destination{city='Aspen'}]}}
[DEBUG] 2021-10-03 15:50:43.425 [main] GenericDao - Searching for getById 2
[DEBUG] 2021-10-03 15:50:43.591 [main] GenericDao - The list of types [Note{id=1, name='ABC Hotel', description='2021 Fall Colour Tour St.', trip=Trip{id=1, name='Fall  Colour Tour', destinationSet=[Destination{city='Munising'}, Destination{city='Aspen'}]}}, Note{id=2, name='Travel Guide', description='Henry - 203-203-2938', trip=Trip{id=1, name='Fall  Colour Tour', destinationSet=[Destination{city='Munising'}, Destination{city='Aspen'}]}}]
[DEBUG] 2021-10-03 15:50:43.641 [main] GenericDao - Searching for getById 2
[DEBUG] 2021-10-03 15:50:43.649 [main] GenericDao - SaveOrUpdating: Note{id=2, name='New Note Name', description='Henry - 203-203-2938', trip=Trip{id=1, name='Fall  Colour Tour', destinationSet=[Destination{city='Aspen'}, Destination{city='Munising'}]}}
[DEBUG] 2021-10-03 15:50:43.659 [main] GenericDao - Searching for getById 2
[DEBUG] 2021-10-03 15:50:43.714 [main] GenericDao - Searching for getById 1
[DEBUG] 2021-10-03 15:50:43.762 [main] GenericDao - Searching for getById 2
[DEBUG] 2021-10-03 15:50:43.766 [main] GenericDao - Inserting: Note{id=0, name='insert New Note', description='description', trip=Trip{id=2, name='Winter Break', destinationSet=[]}}
[DEBUG] 2021-10-03 15:50:43.778 [main] GenericDao - Searching for getById 10
[DEBUG] 2021-10-03 15:50:43.827 [main] GenericDao - Searching for getById 2
[DEBUG] 2021-10-03 15:50:43.831 [main] GenericDao - Deleting: Trip{id=2, name='Winter Break', destinationSet=[]}
[DEBUG] 2021-10-03 15:50:43.840 [main] GenericDao - Searching for getById 2
[DEBUG] 2021-10-03 15:50:43.878 [main] GenericDao - Inserting: Trip{id=0, name='New Trip', destinationSet=[]}
[DEBUG] 2021-10-03 15:50:43.889 [main] GenericDao - Searching for getById 19
[DEBUG] 2021-10-03 15:50:43.944 [main] GenericDao - The list of types [Trip{id=1, name='Fall  Colour Tour', destinationSet=[Destination{city='Aspen'}, Destination{city='Munising'}]}, Trip{id=2, name='Winter Break', destinationSet=[]}, Trip{id=3, name='Spring in the South', destinationSet=[Destination{city='Ft Lauderdale'}, Destination{city='Marco Island'}]}]
[DEBUG] 2021-10-03 15:50:43.969 [main] GenericDao - Searching for getById 3
[DEBUG] 2021-10-03 15:50:43.975 [main] GenericDao - SaveOrUpdating: Trip{id=3, name='New Trip Name', destinationSet=[Destination{city='Ft Lauderdale'}, Destination{city='Marco Island'}]}
[DEBUG] 2021-10-03 15:50:43.984 [main] GenericDao - Searching for getById 3
[DEBUG] 2021-10-03 15:50:44.009 [main] GenericDao - Inserting: Trip{id=0, name='Northern Summer', destinationSet=[]}
[DEBUG] 2021-10-03 15:50:44.014 [main] GenericDao - Searching for getById 20
[DEBUG] 2021-10-03 15:50:44.046 [main] GenericDao - Searching for getById 1
[DEBUG] 2021-10-03 15:50:44.077 [main] GenericDao - Inserting: Trip{id=0, name='Northern Summer', destinationSet=[Destination{city='Minneapolis'}]}
[DEBUG] 2021-10-03 15:50:44.083 [main] GenericDao - Searching for getById 21
[DEBUG] 2021-10-03 15:50:44.118 [main] GenericDao - The list of types [Trip{id=1, name='Fall  Colour Tour', destinationSet=[Destination{city='Munising'}, Destination{city='Aspen'}]}, Trip{id=2, name='Winter Break', destinationSet=[]}, Trip{id=3, name='Spring in the South', destinationSet=[Destination{city='Ft Lauderdale'}, Destination{city='Marco Island'}]}]
[DEBUG] 2021-10-03 15:51:01.501 [main] GenericDao - Searching for getById 2
[DEBUG] 2021-10-03 15:51:01.693 [main] GenericDao - Deleting: Note{id=2, name='Travel Guide', description='Henry - 203-203-2938', trip=Trip{id=1, name='Fall  Colour Tour', destinationSet=[Destination{city='Aspen'}, Destination{city='Munising'}]}}
[DEBUG] 2021-10-03 15:51:01.739 [main] GenericDao - Searching for getById 2
[DEBUG] 2021-10-03 15:51:01.937 [main] GenericDao - Searching for getById 2
[DEBUG] 2021-10-03 15:51:01.951 [main] GenericDao - SaveOrUpdating: Note{id=2, name='New Note Name', description='Henry - 203-203-2938', trip=Trip{id=1, name='Fall  Colour Tour', destinationSet=[Destination{city='Munising'}, Destination{city='Aspen'}]}}
[DEBUG] 2021-10-03 15:51:01.960 [main] GenericDao - Searching for getById 2
[DEBUG] 2021-10-03 15:51:02.011 [main] GenericDao - Searching for getById 1
[DEBUG] 2021-10-03 15:51:02.061 [main] GenericDao - Searching for getById 2
[DEBUG] 2021-10-03 15:51:02.067 [main] GenericDao - Inserting: Note{id=0, name='insert New Note', description='description', trip=Trip{id=2, name='Winter Break', destinationSet=[]}}
[DEBUG] 2021-10-03 15:51:02.083 [main] GenericDao - Searching for getById 12
[DEBUG] 2021-10-03 15:51:02.136 [main] GenericDao - Searching for getById 2
[DEBUG] 2021-10-03 15:51:02.141 [main] GenericDao - Deleting: Trip{id=2, name='Winter Break', destinationSet=[]}
[DEBUG] 2021-10-03 15:51:02.150 [main] GenericDao - Searching for getById 2
[DEBUG] 2021-10-03 15:51:02.194 [main] GenericDao - Inserting: Trip{id=0, name='New Trip', destinationSet=[]}
[DEBUG] 2021-10-03 15:51:02.203 [main] GenericDao - Searching for getById 22
[DEBUG] 2021-10-03 15:51:02.285 [main] GenericDao - Searching for getById 3
[DEBUG] 2021-10-03 15:51:02.291 [main] GenericDao - SaveOrUpdating: Trip{id=3, name='New Trip Name', destinationSet=[Destination{city='Ft Lauderdale'}, Destination{city='Marco Island'}]}
[DEBUG] 2021-10-03 15:51:02.299 [main] GenericDao - Searching for getById 3
[DEBUG] 2021-10-03 15:51:02.324 [main] GenericDao - Inserting: Trip{id=0, name='Northern Summer', destinationSet=[]}
[DEBUG] 2021-10-03 15:51:02.329 [main] GenericDao - Searching for getById 23
[DEBUG] 2021-10-03 15:51:02.356 [main] GenericDao - Searching for getById 1
[DEBUG] 2021-10-03 15:51:02.386 [main] GenericDao - Inserting: Trip{id=0, name='Northern Summer', destinationSet=[Destination{city='Minneapolis'}]}
[DEBUG] 2021-10-03 15:51:02.392 [main] GenericDao - Searching for getById 24
[DEBUG] 2021-10-03 15:52:17.433 [main] GenericDao - The list of types [Note{id=1, name='ABC Hotel', description='2021 Fall Colour Tour St.', trip=Trip{id=1, name='Fall  Colour Tour', destinationSet=[Destination{city='Munising'}, Destination{city='Aspen'}]}}, Note{id=2, name='Travel Guide', description='Henry - 203-203-2938', trip=Trip{id=1, name='Fall  Colour Tour', destinationSet=[Destination{city='Munising'}, Destination{city='Aspen'}]}}]
[DEBUG] 2021-10-03 15:52:32.055 [main] GenericDao - Searching for getById 2
[DEBUG] 2021-10-03 15:52:32.147 [main] GenericDao - Deleting: Note{id=2, name='Travel Guide', description='Henry - 203-203-2938', trip=Trip{id=1, name='Fall  Colour Tour', destinationSet=[Destination{city='Munising'}, Destination{city='Aspen'}]}}
[DEBUG] 2021-10-03 15:52:32.180 [main] GenericDao - Searching for getById 2
[DEBUG] 2021-10-03 15:52:32.325 [main] GenericDao - The list of types [Note{id=1, name='ABC Hotel', description='2021 Fall Colour Tour St.', trip=Trip{id=1, name='Fall  Colour Tour', destinationSet=[Destination{city='Aspen'}, Destination{city='Munising'}]}}, Note{id=2, name='Travel Guide', description='Henry - 203-203-2938', trip=Trip{id=1, name='Fall  Colour Tour', destinationSet=[Destination{city='Aspen'}, Destination{city='Munising'}]}}]
[DEBUG] 2021-10-03 15:52:32.380 [main] GenericDao - Searching for getById 2
[DEBUG] 2021-10-03 15:52:32.390 [main] GenericDao - SaveOrUpdating: Note{id=2, name='New Note Name', description='Henry - 203-203-2938', trip=Trip{id=1, name='Fall  Colour Tour', destinationSet=[Destination{city='Aspen'}, Destination{city='Munising'}]}}
[DEBUG] 2021-10-03 15:52:32.398 [main] GenericDao - Searching for getById 2
[DEBUG] 2021-10-03 15:52:32.466 [main] GenericDao - Searching for getById 1
[DEBUG] 2021-10-03 15:52:32.511 [main] GenericDao - Searching for getById 2
[DEBUG] 2021-10-03 15:52:32.514 [main] GenericDao - Inserting: Note{id=0, name='insert New Note', description='description', trip=Trip{id=2, name='Winter Break', destinationSet=[]}}
[DEBUG] 2021-10-03 15:52:32.525 [main] GenericDao - Searching for getById 14
[DEBUG] 2021-10-03 15:52:50.677 [main] GenericDao - Searching for getById 2
[DEBUG] 2021-10-03 15:52:50.778 [main] GenericDao - Deleting: Note{id=2, name='Travel Guide', description='Henry - 203-203-2938', trip=Trip{id=1, name='Fall  Colour Tour', destinationSet=[Destination{city='Munising'}, Destination{city='Aspen'}]}}
[DEBUG] 2021-10-03 15:52:50.812 [main] GenericDao - Searching for getById 2
[DEBUG] 2021-10-03 15:52:50.968 [main] GenericDao - The list of types [Note{id=1, name='ABC Hotel', description='2021 Fall Colour Tour St.', trip=Trip{id=1, name='Fall  Colour Tour', destinationSet=[Destination{city='Aspen'}, Destination{city='Munising'}]}}, Note{id=2, name='Travel Guide', description='Henry - 203-203-2938', trip=Trip{id=1, name='Fall  Colour Tour', destinationSet=[Destination{city='Aspen'}, Destination{city='Munising'}]}}]
[DEBUG] 2021-10-03 15:52:51.014 [main] GenericDao - Searching for getById 2
[DEBUG] 2021-10-03 15:52:51.021 [main] GenericDao - SaveOrUpdating: Note{id=2, name='New Note Name', description='Henry - 203-203-2938', trip=Trip{id=1, name='Fall  Colour Tour', destinationSet=[Destination{city='Aspen'}, Destination{city='Munising'}]}}
[DEBUG] 2021-10-03 15:52:51.028 [main] GenericDao - Searching for getById 2
[DEBUG] 2021-10-03 15:52:51.072 [main] GenericDao - Searching for getById 1
[DEBUG] 2021-10-03 15:52:51.115 [main] GenericDao - Searching for getById 2
[DEBUG] 2021-10-03 15:52:51.119 [main] GenericDao - Inserting: Note{id=0, name='insert New Note', description='description', trip=Trip{id=2, name='Winter Break', destinationSet=[]}}
[DEBUG] 2021-10-03 15:52:51.133 [main] GenericDao - Searching for getById 15
[DEBUG] 2021-10-03 15:54:03.284 [main] GenericDao - Searching for getById 2
[DEBUG] 2021-10-03 15:54:03.388 [main] GenericDao - Deleting: Note{id=2, name='Travel Guide', description='Henry - 203-203-2938', trip=Trip{id=1, name='Fall  Colour Tour', destinationSet=[Destination{city='Munising'}, Destination{city='Aspen'}]}}
[DEBUG] 2021-10-03 15:54:03.432 [main] GenericDao - Searching for getById 2
[DEBUG] 2021-10-03 15:54:03.610 [main] GenericDao - The list of types [Note{id=1, name='ABC Hotel', description='2021 Fall Colour Tour St.', trip=Trip{id=1, name='Fall  Colour Tour', destinationSet=[Destination{city='Aspen'}, Destination{city='Munising'}]}}, Note{id=2, name='Travel Guide', description='Henry - 203-203-2938', trip=Trip{id=1, name='Fall  Colour Tour', destinationSet=[Destination{city='Aspen'}, Destination{city='Munising'}]}}]
[DEBUG] 2021-10-03 15:54:03.657 [main] GenericDao - Searching for getById 2
[DEBUG] 2021-10-03 15:54:03.667 [main] GenericDao - SaveOrUpdating: Note{id=2, name='New Note Name', description='Henry - 203-203-2938', trip=Trip{id=1, name='Fall  Colour Tour', destinationSet=[Destination{city='Aspen'}, Destination{city='Munising'}]}}
[DEBUG] 2021-10-03 15:54:03.678 [main] GenericDao - Searching for getById 2
[DEBUG] 2021-10-03 15:54:03.729 [main] GenericDao - Searching for getById 1
[DEBUG] 2021-10-03 15:54:03.775 [main] GenericDao - Searching for getById 2
[DEBUG] 2021-10-03 15:54:03.779 [main] GenericDao - Inserting: Note{id=0, name='insert New Note', description='description', trip=Trip{id=2, name='Winter Break', destinationSet=[]}}
[DEBUG] 2021-10-03 15:54:03.790 [main] GenericDao - Searching for getById 16
[DEBUG] 2021-10-03 15:55:22.416 [main] GenericDao - Searching for getById 2
[DEBUG] 2021-10-03 15:55:22.505 [main] GenericDao - Deleting: Trip{id=2, name='Winter Break', destinationSet=[]}
[DEBUG] 2021-10-03 15:55:22.536 [main] GenericDao - Searching for getById 2
[DEBUG] 2021-10-03 15:55:22.564 [main] GenericDao - Inserting: Trip{id=0, name='New Trip', destinationSet=[]}
[DEBUG] 2021-10-03 15:55:22.577 [main] GenericDao - Searching for getById 25
[DEBUG] 2021-10-03 15:55:22.736 [main] GenericDao - The list of types [Trip{id=1, name='Fall  Colour Tour', destinationSet=[Destination{city='Munising'}, Destination{city='Aspen'}]}, Trip{id=2, name='Winter Break', destinationSet=[]}, Trip{id=3, name='Spring in the South', destinationSet=[Destination{city='Ft Lauderdale'}, Destination{city='Marco Island'}]}]
[DEBUG] 2021-10-03 15:55:22.800 [main] GenericDao - Searching for getById 3
[DEBUG] 2021-10-03 15:55:22.806 [main] GenericDao - SaveOrUpdating: Trip{id=3, name='New Trip Name', destinationSet=[Destination{city='Marco Island'}, Destination{city='Ft Lauderdale'}]}
[DEBUG] 2021-10-03 15:55:22.815 [main] GenericDao - Searching for getById 3
[DEBUG] 2021-10-03 15:55:22.864 [main] GenericDao - Inserting: Trip{id=0, name='Northern Summer', destinationSet=[]}
[DEBUG] 2021-10-03 15:55:22.870 [main] GenericDao - Searching for getById 26
[DEBUG] 2021-10-03 15:55:22.910 [main] GenericDao - Searching for getById 1
[DEBUG] 2021-10-03 15:55:22.977 [main] GenericDao - Inserting: Trip{id=0, name='Northern Summer', destinationSet=[Destination{city='Minneapolis'}]}
[DEBUG] 2021-10-03 15:55:22.988 [main] GenericDao - Searching for getById 27
[DEBUG] 2021-10-03 15:55:23.040 [main] GenericDao - The list of types [Trip{id=1, name='Fall  Colour Tour', destinationSet=[Destination{city='Aspen'}, Destination{city='Munising'}]}, Trip{id=2, name='Winter Break', destinationSet=[]}, Trip{id=3, name='Spring in the South', destinationSet=[Destination{city='Marco Island'}, Destination{city='Ft Lauderdale'}]}]
[DEBUG] 2021-10-03 15:55:37.368 [main] GenericDao - Searching for getById 2
[DEBUG] 2021-10-03 15:55:37.475 [main] GenericDao - Deleting: Trip{id=2, name='Winter Break', destinationSet=[]}
[DEBUG] 2021-10-03 15:55:37.503 [main] GenericDao - Searching for getById 2
[DEBUG] 2021-10-03 15:55:37.533 [main] GenericDao - Inserting: Trip{id=0, name='New Trip', destinationSet=[]}
[DEBUG] 2021-10-03 15:55:37.551 [main] GenericDao - Searching for getById 28
[DEBUG] 2021-10-03 15:55:37.728 [main] GenericDao - The list of types [Trip{id=1, name='Fall  Colour Tour', destinationSet=[Destination{city='Aspen'}, Destination{city='Munising'}]}, Trip{id=2, name='Winter Break', destinationSet=[]}, Trip{id=3, name='Spring in the South', destinationSet=[Destination{city='Marco Island'}, Destination{city='Ft Lauderdale'}]}]
[DEBUG] 2021-10-03 15:55:37.779 [main] GenericDao - Searching for getById 3
[DEBUG] 2021-10-03 15:55:37.784 [main] GenericDao - SaveOrUpdating: Trip{id=3, name='New Trip Name', destinationSet=[Destination{city='Marco Island'}, Destination{city='Ft Lauderdale'}]}
[DEBUG] 2021-10-03 15:55:37.796 [main] GenericDao - Searching for getById 3
[DEBUG] 2021-10-03 15:55:37.843 [main] GenericDao - Inserting: Trip{id=0, name='Northern Summer', destinationSet=[]}
[DEBUG] 2021-10-03 15:55:37.848 [main] GenericDao - Searching for getById 29
[DEBUG] 2021-10-03 15:55:37.890 [main] GenericDao - Searching for getById 1
[DEBUG] 2021-10-03 15:55:37.939 [main] GenericDao - Inserting: Trip{id=0, name='Northern Summer', destinationSet=[Destination{city='Minneapolis'}]}
[DEBUG] 2021-10-03 15:55:37.946 [main] GenericDao - Searching for getById 30
[DEBUG] 2021-10-03 15:55:38.004 [main] GenericDao - The list of types [Trip{id=1, name='Fall  Colour Tour', destinationSet=[Destination{city='Aspen'}, Destination{city='Munising'}]}, Trip{id=2, name='Winter Break', destinationSet=[]}, Trip{id=3, name='Spring in the South', destinationSet=[Destination{city='Marco Island'}, Destination{city='Ft Lauderdale'}]}]
[DEBUG] 2021-10-03 15:56:15.375 [main] GenericDao - Searching for getById 2
[DEBUG] 2021-10-03 15:56:15.471 [main] GenericDao - Deleting: Note{id=2, name='Travel Guide', description='Henry - 203-203-2938', trip=Trip{id=1, name='Fall  Colour Tour', destinationSet=[Destination{city='Munising'}, Destination{city='Aspen'}]}}
[DEBUG] 2021-10-03 15:56:15.510 [main] GenericDao - Searching for getById 2
[DEBUG] 2021-10-03 15:56:15.680 [main] GenericDao - The list of types [Note{id=1, name='ABC Hotel', description='2021 Fall Colour Tour St.', trip=Trip{id=1, name='Fall  Colour Tour', destinationSet=[Destination{city='Aspen'}, Destination{city='Munising'}]}}, Note{id=2, name='Travel Guide', description='Henry - 203-203-2938', trip=Trip{id=1, name='Fall  Colour Tour', destinationSet=[Destination{city='Aspen'}, Destination{city='Munising'}]}}]
[DEBUG] 2021-10-03 15:56:15.741 [main] GenericDao - Searching for getById 2
[DEBUG] 2021-10-03 15:56:15.752 [main] GenericDao - SaveOrUpdating: Note{id=2, name='New Note Name', description='Henry - 203-203-2938', trip=Trip{id=1, name='Fall  Colour Tour', destinationSet=[Destination{city='Munising'}, Destination{city='Aspen'}]}}
[DEBUG] 2021-10-03 15:56:15.763 [main] GenericDao - Searching for getById 2
[DEBUG] 2021-10-03 15:56:15.837 [main] GenericDao - Searching for getById 1
[DEBUG] 2021-10-03 15:56:15.898 [main] GenericDao - Searching for getById 2
[DEBUG] 2021-10-03 15:56:15.905 [main] GenericDao - Inserting: Note{id=0, name='insert New Note', description='description', trip=Trip{id=2, name='Winter Break', destinationSet=[]}}
[DEBUG] 2021-10-03 15:56:15.924 [main] GenericDao - Searching for getById 19
[DEBUG] 2021-10-03 15:56:15.983 [main] GenericDao - Searching for getById 2
[DEBUG] 2021-10-03 15:56:15.988 [main] GenericDao - Deleting: Trip{id=2, name='Winter Break', destinationSet=[]}
[DEBUG] 2021-10-03 15:56:15.999 [main] GenericDao - Searching for getById 2
[DEBUG] 2021-10-03 15:56:16.054 [main] GenericDao - Inserting: Trip{id=0, name='New Trip', destinationSet=[]}
[DEBUG] 2021-10-03 15:56:16.065 [main] GenericDao - Searching for getById 31
[DEBUG] 2021-10-03 15:56:16.121 [main] GenericDao - The list of types [Trip{id=1, name='Fall  Colour Tour', destinationSet=[Destination{city='Aspen'}, Destination{city='Munising'}]}, Trip{id=2, name='Winter Break', destinationSet=[]}, Trip{id=3, name='Spring in the South', destinationSet=[Destination{city='Marco Island'}, Destination{city='Ft Lauderdale'}]}]
[DEBUG] 2021-10-03 15:56:16.150 [main] GenericDao - Searching for getById 3
[DEBUG] 2021-10-03 15:56:16.160 [main] GenericDao - SaveOrUpdating: Trip{id=3, name='New Trip Name', destinationSet=[Destination{city='Marco Island'}, Destination{city='Ft Lauderdale'}]}
[DEBUG] 2021-10-03 15:56:16.182 [main] GenericDao - Searching for getById 3
[DEBUG] 2021-10-03 15:56:16.214 [main] GenericDao - Inserting: Trip{id=0, name='Northern Summer', destinationSet=[]}
[DEBUG] 2021-10-03 15:56:16.220 [main] GenericDao - Searching for getById 32
[DEBUG] 2021-10-03 15:56:16.245 [main] GenericDao - Searching for getById 1
[DEBUG] 2021-10-03 15:56:16.275 [main] GenericDao - Inserting: Trip{id=0, name='Northern Summer', destinationSet=[Destination{city='Minneapolis'}]}
[DEBUG] 2021-10-03 15:56:16.282 [main] GenericDao - Searching for getById 33
[DEBUG] 2021-10-03 15:56:16.329 [main] GenericDao - The list of types [Trip{id=1, name='Fall  Colour Tour', destinationSet=[Destination{city='Aspen'}, Destination{city='Munising'}]}, Trip{id=2, name='Winter Break', destinationSet=[]}, Trip{id=3, name='Spring in the South', destinationSet=[Destination{city='Marco Island'}, Destination{city='Ft Lauderdale'}]}]
[DEBUG] 2021-10-03 15:57:04.287 [main] GenericDao - Searching for getById 2
[DEBUG] 2021-10-03 15:57:04.388 [main] GenericDao - Deleting: Trip{id=2, name='Winter Break', destinationSet=[]}
[DEBUG] 2021-10-03 15:57:04.417 [main] GenericDao - Searching for getById 2
[DEBUG] 2021-10-03 15:57:04.460 [main] GenericDao - Inserting: Trip{id=0, name='New Trip', destinationSet=[]}
[DEBUG] 2021-10-03 15:57:04.480 [main] GenericDao - Searching for getById 34
[DEBUG] 2021-10-03 15:57:04.690 [main] GenericDao - The list of types [Trip{id=1, name='Fall  Colour Tour', destinationSet=[Destination{city='Munising'}, Destination{city='Aspen'}]}, Trip{id=2, name='Winter Break', destinationSet=[]}, Trip{id=3, name='Spring in the South', destinationSet=[Destination{city='Marco Island'}, Destination{city='Ft Lauderdale'}]}]
[DEBUG] 2021-10-03 15:57:04.756 [main] GenericDao - Searching for getById 3
[DEBUG] 2021-10-03 15:57:04.765 [main] GenericDao - SaveOrUpdating: Trip{id=3, name='New Trip Name', destinationSet=[Destination{city='Marco Island'}, Destination{city='Ft Lauderdale'}]}
[DEBUG] 2021-10-03 15:57:04.777 [main] GenericDao - Searching for getById 3
[DEBUG] 2021-10-03 15:57:04.834 [main] GenericDao - Inserting: Trip{id=0, name='Northern Summer', destinationSet=[]}
[DEBUG] 2021-10-03 15:57:04.840 [main] GenericDao - Searching for getById 35
[DEBUG] 2021-10-03 15:57:04.882 [main] GenericDao - Searching for getById 1
[DEBUG] 2021-10-03 15:57:04.930 [main] GenericDao - Inserting: Trip{id=0, name='Northern Summer', destinationSet=[Destination{city='Minneapolis'}]}
[DEBUG] 2021-10-03 15:57:04.940 [main] GenericDao - Searching for getById 36
[DEBUG] 2021-10-03 15:57:05.011 [main] GenericDao - The list of types [Trip{id=1, name='Fall  Colour Tour', destinationSet=[Destination{city='Munising'}, Destination{city='Aspen'}]}, Trip{id=2, name='Winter Break', destinationSet=[]}, Trip{id=3, name='Spring in the South', destinationSet=[Destination{city='Ft Lauderdale'}, Destination{city='Marco Island'}]}]
[DEBUG] 2021-10-03 15:58:12.647 [main] GenericDao - Searching for getById 2
[DEBUG] 2021-10-03 15:58:12.825 [main] GenericDao - Deleting: Note{id=2, name='Travel Guide', description='Henry - 203-203-2938', trip=Trip{id=1, name='Fall  Colour Tour', destinationSet=[Destination{city='Munising'}, Destination{city='Aspen'}]}}
[DEBUG] 2021-10-03 15:58:12.875 [main] GenericDao - Searching for getById 2
[DEBUG] 2021-10-03 15:58:13.078 [main] GenericDao - Searching for getById 2
[DEBUG] 2021-10-03 15:58:13.089 [main] GenericDao - SaveOrUpdating: Note{id=2, name='New Note Name', description='Henry - 203-203-2938', trip=Trip{id=1, name='Fall  Colour Tour', destinationSet=[Destination{city='Munising'}, Destination{city='Aspen'}]}}
[DEBUG] 2021-10-03 15:58:13.099 [main] GenericDao - Searching for getById 2
[DEBUG] 2021-10-03 15:58:13.152 [main] GenericDao - Searching for getById 1
[DEBUG] 2021-10-03 15:58:13.205 [main] GenericDao - Searching for getById 2
[DEBUG] 2021-10-03 15:58:13.210 [main] GenericDao - Inserting: Note{id=0, name='insert New Note', description='description', trip=Trip{id=2, name='Winter Break', destinationSet=[]}}
[DEBUG] 2021-10-03 15:58:13.225 [main] GenericDao - Searching for getById 22
[DEBUG] 2021-10-03 15:58:13.273 [main] GenericDao - Searching for getById 2
[DEBUG] 2021-10-03 15:58:13.277 [main] GenericDao - Deleting: Trip{id=2, name='Winter Break', destinationSet=[]}
[DEBUG] 2021-10-03 15:58:13.289 [main] GenericDao - Searching for getById 2
[DEBUG] 2021-10-03 15:58:13.334 [main] GenericDao - Inserting: Trip{id=0, name='New Trip', destinationSet=[]}
[DEBUG] 2021-10-03 15:58:13.347 [main] GenericDao - Searching for getById 37
[DEBUG] 2021-10-03 15:58:13.432 [main] GenericDao - Searching for getById 3
[DEBUG] 2021-10-03 15:58:13.438 [main] GenericDao - SaveOrUpdating: Trip{id=3, name='New Trip Name', destinationSet=[Destination{city='Marco Island'}, Destination{city='Ft Lauderdale'}]}
[DEBUG] 2021-10-03 15:58:13.445 [main] GenericDao - Searching for getById 3
[DEBUG] 2021-10-03 15:58:13.488 [main] GenericDao - Inserting: Trip{id=0, name='Northern Summer', destinationSet=[]}
[DEBUG] 2021-10-03 15:58:13.493 [main] GenericDao - Searching for getById 38
[DEBUG] 2021-10-03 15:58:13.534 [main] GenericDao - Searching for getById 1
[DEBUG] 2021-10-03 15:58:13.577 [main] GenericDao - Inserting: Trip{id=0, name='Northern Summer', destinationSet=[Destination{city='Minneapolis'}]}
[DEBUG] 2021-10-03 15:58:13.583 [main] GenericDao - Searching for getById 39
[DEBUG] 2021-10-03 16:07:22.544 [main] GenericDao - Searching for getById 2
[DEBUG] 2021-10-03 16:07:22.677 [main] GenericDao - Deleting: Trip{id=2, name='Winter Break', destinationSet=[]}
[DEBUG] 2021-10-03 16:07:22.719 [main] GenericDao - Searching for getById 2
[DEBUG] 2021-10-03 16:07:22.762 [main] GenericDao - Inserting: Trip{id=0, name='New Trip', destinationSet=[]}
[DEBUG] 2021-10-03 16:07:22.783 [main] GenericDao - Searching for getById 40
[DEBUG] 2021-10-03 16:07:23.015 [main] GenericDao - The list of types [Trip{id=1, name='Fall  Colour Tour', destinationSet=[Destination{city='Munising'}, Destination{city='Aspen'}]}, Trip{id=2, name='Winter Break', destinationSet=[]}, Trip{id=3, name='Spring in the South', destinationSet=[Destination{city='Ft Lauderdale'}, Destination{city='Marco Island'}]}]
[DEBUG] 2021-10-03 16:07:23.076 [main] GenericDao - Searching for getById 3
[DEBUG] 2021-10-03 16:07:23.083 [main] GenericDao - SaveOrUpdating: Trip{id=3, name='New Trip Name', destinationSet=[Destination{city='Marco Island'}, Destination{city='Ft Lauderdale'}]}
[DEBUG] 2021-10-03 16:07:23.094 [main] GenericDao - Searching for getById 3
[DEBUG] 2021-10-03 16:07:23.153 [main] GenericDao - Inserting: Trip{id=0, name='Northern Summer', destinationSet=[]}
[DEBUG] 2021-10-03 16:07:23.160 [main] GenericDao - Searching for getById 41
[DEBUG] 2021-10-03 16:07:23.209 [main] GenericDao - Searching for getById 1
[DEBUG] 2021-10-03 16:07:23.272 [main] GenericDao - Inserting: Trip{id=0, name='Northern Summer', destinationSet=[Destination{city='Minneapolis'}]}
[DEBUG] 2021-10-03 16:07:23.282 [main] GenericDao - Searching for getById 42
[DEBUG] 2021-10-03 16:07:23.358 [main] GenericDao - The list of types [Trip{id=1, name='Fall  Colour Tour', destinationSet=[Destination{city='Aspen'}, Destination{city='Munising'}]}, Trip{id=2, name='Winter Break', destinationSet=[]}, Trip{id=3, name='Spring in the South', destinationSet=[Destination{city='Ft Lauderdale'}, Destination{city='Marco Island'}]}]
